INFO: Applying HLS Y2K22 patch v1.2 for IP revision
INFO: [HLS 200-10] Running 'D:/vitis/xilinx/Vitis_HLS/2021.2/bin/unwrapped/win64.o/vitis_hls.exe'
INFO: [HLS 200-10] For user 'salon' on host 'dundun' (Windows NT_amd64 version 6.2) on Mon Dec 16 11:25:16 +0700 2024
INFO: [HLS 200-10] In directory 'C:/HardwareAcceleratedECC-PointMultiplication/ScalarMultiplication'
Sourcing Tcl script 'C:/HardwareAcceleratedECC-PointMultiplication/ScalarMultiplication/sd/solution1/csynth.tcl'
INFO: [HLS 200-1510] Running: open_project sd 
INFO: [HLS 200-10] Opening project 'C:/HardwareAcceleratedECC-PointMultiplication/ScalarMultiplication/sd'.
INFO: [HLS 200-1510] Running: set_top gf2_arithmetic 
INFO: [HLS 200-1510] Running: add_files RTL-src/gf2_arithmetic.cpp 
INFO: [HLS 200-10] Adding design file 'RTL-src/gf2_arithmetic.cpp' to the project
INFO: [HLS 200-1510] Running: add_files RTL-src/gf2_arithmetic.hpp 
INFO: [HLS 200-10] Adding design file 'RTL-src/gf2_arithmetic.hpp' to the project
INFO: [HLS 200-1510] Running: add_files RTL-src/module.cpp 
INFO: [HLS 200-10] Adding design file 'RTL-src/module.cpp' to the project
INFO: [HLS 200-1510] Running: add_files RTL-src/module.hpp 
INFO: [HLS 200-10] Adding design file 'RTL-src/module.hpp' to the project
INFO: [HLS 200-1510] Running: add_files -tb RTL-src/gf2_arith_test.cpp 
INFO: [HLS 200-10] Adding test bench file 'RTL-src/gf2_arith_test.cpp' to the project
INFO: [HLS 200-1510] Running: open_solution solution1 -flow_target vivado 
INFO: [HLS 200-10] Opening solution 'C:/HardwareAcceleratedECC-PointMultiplication/ScalarMultiplication/sd/solution1'.
INFO: [SYN 201-201] Setting up clock 'default' with a period of 10ns.
INFO: [HLS 200-1611] Setting target device to 'xc7z020-clg400-1'
INFO: [HLS 200-1505] Using flow_target 'vivado'
Resolution: For help on HLS 200-1505 see www.xilinx.com/cgi-bin/docs/rdoc?v=2021.2;t=hls+guidance;d=200-1505.html
INFO: [HLS 200-1510] Running: set_part xc7z020clg400-1 
INFO: [HLS 200-1510] Running: create_clock -period 10 -name default 
INFO: [HLS 200-1510] Running: csynth_design 
INFO: [HLS 200-111] Finished File checks and directory preparation: CPU user time: 0 seconds. CPU system time: 0 seconds. Elapsed time: 0.03 seconds; current allocated memory: 791.016 MB.
INFO: [HLS 200-10] Analyzing design file 'RTL-src/module.cpp' ... 
INFO: [HLS 200-10] Analyzing design file 'RTL-src/gf2_arithmetic.cpp' ... 
INFO: [HLS 200-111] Finished Source Code Analysis and Preprocessing: CPU user time: 1 seconds. CPU system time: 0 seconds. Elapsed time: 15.198 seconds; current allocated memory: 1.069 GB.
ERROR: [HLS 214-157] Top function not found: there is no function named 'gf2_arithmetic'
INFO: [HLS 200-111] Finished Command csynth_design CPU user time: 1 seconds. CPU system time: 0 seconds. Elapsed time: 19.337 seconds; current allocated memory: 322.074 MB.
Error in opt
    while executing
"source C:/HardwareAcceleratedECC-PointMultiplication/ScalarMultiplication/sd/solution1/csynth.tcl"
    invoked from within
"hls::main C:/HardwareAcceleratedECC-PointMultiplication/ScalarMultiplication/sd/solution1/csynth.tcl"
    ("uplevel" body line 1)
    invoked from within
"uplevel 1 hls::main {*}$newargs"
    (procedure "hls_proc" line 16)
    invoked from within
"hls_proc [info nameofexecutable] $argv"
INFO: [HLS 200-112] Total CPU user time: 2 seconds. Total CPU system time: 1 seconds. Total elapsed time: 20.664 seconds; peak allocated memory: 1.069 GB.
