

================================================================
== Vitis HLS Report for 'point_add'
================================================================
* Date:           Thu Dec 26 18:43:22 2024

* Version:        2021.2 (Build 3367213 on Tue Oct 19 02:48:09 MDT 2021)
* Project:        HardwareAcceleratedECC-PointMultiplication
* Solution:       solution1 (Vivado IP Flow Target)
* Product family: zynq
* Target device:  xc7z020-clg400-1


================================================================
== Performance Estimates
================================================================
+ Timing: 
    * Summary: 
    +--------+----------+----------+------------+
    |  Clock |  Target  | Estimated| Uncertainty|
    +--------+----------+----------+------------+
    |ap_clk  |  10.00 ns|  7.041 ns|     2.70 ns|
    +--------+----------+----------+------------+

+ Latency: 
    * Summary: 
    +---------+---------+----------+----------+-----+-----+---------+
    |  Latency (cycles) |  Latency (absolute) |  Interval | Pipeline|
    |   min   |   max   |    min   |    max   | min | max |   Type  |
    +---------+---------+----------+----------+-----+-----+---------+
    |        ?|        ?|         ?|         ?|    ?|    ?|       no|
    +---------+---------+----------+----------+-----+-----+---------+

    + Detail: 
        * Instance: 
        +------------------------------------------------+-------------------------------------+---------+---------+----------+----------+-----+-------+---------+
        |                                                |                                     |  Latency (cycles) |  Latency (absolute) |   Interval  | Pipeline|
        |                    Instance                    |                Module               |   min   |   max   |    min   |    max   | min |  max  |   Type  |
        +------------------------------------------------+-------------------------------------+---------+---------+----------+----------+-----+-------+---------+
        |grp_point_add_Pipeline_VITIS_LOOP_33_13_fu_114  |point_add_Pipeline_VITIS_LOOP_33_13  |      168|      168|  1.680 us|  1.680 us|  168|    168|       no|
        |grp_point_add_Pipeline_VITIS_LOOP_33_14_fu_123  |point_add_Pipeline_VITIS_LOOP_33_14  |      168|      168|  1.680 us|  1.680 us|  168|    168|       no|
        |grp_bf_inv_fu_132                               |bf_inv                               |        ?|        ?|         ?|         ?|    ?|      ?|       no|
        |grp_bf_mult_1_fu_137                            |bf_mult_1                            |      650|    55406|  6.500 us|  0.554 ms|  650|  55406|       no|
        |grp_bf_mult_2_fu_144                            |bf_mult_2                            |      650|    55406|  6.500 us|  0.554 ms|  650|  55406|       no|
        |grp_bf_add_1_fu_150                             |bf_add_1                             |      168|      168|  1.680 us|  1.680 us|  168|    168|       no|
        |grp_bf_mult_fu_160                              |bf_mult                              |      650|    55406|  6.500 us|  0.554 ms|  650|  55406|       no|
        |grp_point_add_Pipeline_VITIS_LOOP_33_1_fu_168   |point_add_Pipeline_VITIS_LOOP_33_1   |      168|      168|  1.680 us|  1.680 us|  168|    168|       no|
        |grp_point_add_Pipeline_VITIS_LOOP_33_11_fu_176  |point_add_Pipeline_VITIS_LOOP_33_11  |      168|      168|  1.680 us|  1.680 us|  168|    168|       no|
        |grp_point_add_Pipeline_VITIS_LOOP_33_12_fu_184  |point_add_Pipeline_VITIS_LOOP_33_12  |      168|      168|  1.680 us|  1.680 us|  168|    168|       no|
        +------------------------------------------------+-------------------------------------+---------+---------+----------+----------+-----+-------+---------+

        * Loop: 
        N/A



================================================================
== Utilization Estimates
================================================================
* Summary: 
+-----------------+---------+-----+--------+-------+-----+
|       Name      | BRAM_18K| DSP |   FF   |  LUT  | URAM|
+-----------------+---------+-----+--------+-------+-----+
|DSP              |        -|    -|       -|      -|    -|
|Expression       |        -|    -|       0|    986|    -|
|FIFO             |        -|    -|       -|      -|    -|
|Instance         |        -|    -|    5773|  11406|    -|
|Memory           |        -|    -|       -|      -|    -|
|Multiplexer      |        -|    -|       -|    333|    -|
|Register         |        -|    -|    2680|      -|    -|
+-----------------+---------+-----+--------+-------+-----+
|Total            |        0|    0|    8453|  12725|    0|
+-----------------+---------+-----+--------+-------+-----+
|Available        |      280|  220|  106400|  53200|    0|
+-----------------+---------+-----+--------+-------+-----+
|Utilization (%)  |        0|    0|       7|     23|    0|
+-----------------+---------+-----+--------+-------+-----+

+ Detail: 
    * Instance: 
    +------------------------------------------------+-------------------------------------+---------+----+------+------+-----+
    |                    Instance                    |                Module               | BRAM_18K| DSP|  FF  |  LUT | URAM|
    +------------------------------------------------+-------------------------------------+---------+----+------+------+-----+
    |grp_bf_add_1_fu_150                             |bf_add_1                             |        0|   0|   177|    66|    0|
    |grp_bf_inv_fu_132                               |bf_inv                               |        0|   0|  1415|  5467|    0|
    |grp_bf_mult_fu_160                              |bf_mult                              |        0|   0|  1045|  1855|    0|
    |grp_bf_mult_1_fu_137                            |bf_mult_1                            |        0|   0|  1045|  1855|    0|
    |grp_bf_mult_2_fu_144                            |bf_mult_2                            |        0|   0|  1208|  1855|    0|
    |grp_point_add_Pipeline_VITIS_LOOP_33_1_fu_168   |point_add_Pipeline_VITIS_LOOP_33_1   |        0|   0|   177|    66|    0|
    |grp_point_add_Pipeline_VITIS_LOOP_33_11_fu_176  |point_add_Pipeline_VITIS_LOOP_33_11  |        0|   0|   177|    66|    0|
    |grp_point_add_Pipeline_VITIS_LOOP_33_12_fu_184  |point_add_Pipeline_VITIS_LOOP_33_12  |        0|   0|   177|    66|    0|
    |grp_point_add_Pipeline_VITIS_LOOP_33_13_fu_114  |point_add_Pipeline_VITIS_LOOP_33_13  |        0|   0|   176|    55|    0|
    |grp_point_add_Pipeline_VITIS_LOOP_33_14_fu_123  |point_add_Pipeline_VITIS_LOOP_33_14  |        0|   0|   176|    55|    0|
    +------------------------------------------------+-------------------------------------+---------+----+------+------+-----+
    |Total                                           |                                     |        0|   0|  5773| 11406|    0|
    +------------------------------------------------+-------------------------------------+---------+----+------+------+-----+

    * DSP: 
    N/A

    * Memory: 
    N/A

    * FIFO: 
    N/A

    * Expression: 
    +----------------------------------+----------+----+---+-----+------------+------------+
    |           Variable Name          | Operation| DSP| FF| LUT | Bitwidth P0| Bitwidth P1|
    +----------------------------------+----------+----+---+-----+------------+------------+
    |ap_block_state12_on_subcall_done  |       and|   0|  0|    2|           1|           1|
    |ap_condition_555                  |       and|   0|  0|    2|           1|           1|
    |ap_predicate_op68_call_state12    |       and|   0|  0|    2|           1|           1|
    |icmp_ln1064_fu_252_p2             |      icmp|   0|  0|   62|         166|         166|
    |icmp_ln1068_1_fu_228_p2           |      icmp|   0|  0|   62|         166|           1|
    |icmp_ln1068_fu_222_p2             |      icmp|   0|  0|   62|         166|           1|
    |icmp_ln111_fu_246_p2              |      icmp|   0|  0|   62|         166|           1|
    |icmp_ln118_fu_258_p2              |      icmp|   0|  0|   62|         166|         166|
    |ap_block_state14_on_subcall_done  |        or|   0|  0|    2|           1|           1|
    |ap_block_state2_on_subcall_done   |        or|   0|  0|    2|           1|           1|
    |or_ln110_fu_234_p2                |        or|   0|  0|    2|           1|           1|
    |or_ln111_fu_240_p2                |        or|   0|  0|  166|         166|         166|
    |select_ln118_fu_299_p3            |    select|   0|  0|  166|           1|           1|
    |d_V_3_fu_276_p2                   |       xor|   0|  0|  166|         166|           1|
    |lambda_V_2_fu_309_p2              |       xor|   0|  0|  166|         166|           1|
    +----------------------------------+----------+----+---+-----+------------+------------+
    |Total                             |          |   0|  0|  986|        1335|         510|
    +----------------------------------+----------+----+---+-----+------------+------------+

    * Multiplexer: 
    +--------------------------------+-----+-----------+-----+-----------+
    |              Name              | LUT | Input Size| Bits| Total Bits|
    +--------------------------------+-----+-----------+-----+-----------+
    |ap_NS_fsm                       |  113|         23|    1|         23|
    |ap_phi_mux_x1_3_phi_fu_85_p10   |   14|          3|  166|        498|
    |ap_phi_mux_y1_2_phi_fu_101_p10  |   14|          3|  166|        498|
    |ap_return_0                     |    9|          2|  166|        332|
    |ap_return_1                     |    9|          2|  166|        332|
    |grp_bf_add_1_fu_150_y_V_read    |   25|          5|  166|        830|
    |grp_bf_add_1_fu_150_z_V_read    |   31|          6|  166|        996|
    |grp_bf_inv_fu_132_x_V_read      |   14|          3|  166|        498|
    |grp_bf_mult_1_fu_137_y_V_read   |   20|          4|  163|        652|
    |grp_bf_mult_1_fu_137_z_V_read   |   14|          3|  166|        498|
    |grp_bf_mult_2_fu_144_x_V_read   |   20|          4|  166|        664|
    |x1_3_reg_82                     |   25|          5|  166|        830|
    |y1_2_reg_97                     |   25|          5|  166|        830|
    +--------------------------------+-----+-----------+-----+-----------+
    |Total                           |  333|         68| 1990|       7481|
    +--------------------------------+-----+-----------+-----+-----------+

    * Register: 
    +-------------------------------------------------------------+-----+----+-----+-----------+
    |                             Name                            |  FF | LUT| Bits| Const Bits|
    +-------------------------------------------------------------+-----+----+-----+-----------+
    |a_V_reg_422                                                  |  166|   0|  166|          0|
    |ap_CS_fsm                                                    |   22|   0|   22|          0|
    |ap_return_0_preg                                             |  166|   0|  166|          0|
    |ap_return_1_preg                                             |  166|   0|  166|          0|
    |call_ret4_reg_435                                            |  166|   0|  166|          0|
    |d_V_3_reg_416                                                |  166|   0|  166|          0|
    |empty_reg_449                                                |  163|   0|  163|          0|
    |grp_bf_add_1_fu_150_ap_start_reg                             |    1|   0|    1|          0|
    |grp_bf_inv_fu_132_ap_start_reg                               |    1|   0|    1|          0|
    |grp_bf_mult_1_fu_137_ap_start_reg                            |    1|   0|    1|          0|
    |grp_bf_mult_2_fu_144_ap_start_reg                            |    1|   0|    1|          0|
    |grp_bf_mult_fu_160_ap_start_reg                              |    1|   0|    1|          0|
    |grp_point_add_Pipeline_VITIS_LOOP_33_11_fu_176_ap_start_reg  |    1|   0|    1|          0|
    |grp_point_add_Pipeline_VITIS_LOOP_33_12_fu_184_ap_start_reg  |    1|   0|    1|          0|
    |grp_point_add_Pipeline_VITIS_LOOP_33_13_fu_114_ap_start_reg  |    1|   0|    1|          0|
    |grp_point_add_Pipeline_VITIS_LOOP_33_14_fu_123_ap_start_reg  |    1|   0|    1|          0|
    |grp_point_add_Pipeline_VITIS_LOOP_33_1_fu_168_ap_start_reg   |    1|   0|    1|          0|
    |icmp_ln1064_reg_396                                          |    1|   0|    1|          0|
    |icmp_ln111_reg_392                                           |    1|   0|    1|          0|
    |icmp_ln118_reg_400                                           |    1|   0|    1|          0|
    |lambda_V_2_reg_440                                           |  166|   0|  166|          0|
    |or_ln110_reg_388                                             |    1|   0|    1|          0|
    |p_Val2_4_loc_fu_38                                           |  163|   0|  163|          0|
    |reg_192                                                      |  166|   0|  166|          0|
    |reg_197                                                      |  166|   0|  166|          0|
    |reg_205                                                      |  166|   0|  166|          0|
    |reg_211                                                      |  166|   0|  166|          0|
    |trunc_ln109_reg_383                                          |  163|   0|  163|          0|
    |trunc_ln130_reg_411                                          |  163|   0|  163|          0|
    |x1_3_reg_82                                                  |  166|   0|  166|          0|
    |y1_2_reg_97                                                  |  166|   0|  166|          0|
    +-------------------------------------------------------------+-----+----+-----+-----------+
    |Total                                                        | 2680|   0| 2680|          0|
    +-------------------------------------------------------------+-----+----+-----+-----------+



================================================================
== Interface
================================================================
* Summary: 
+-------------+-----+-----+------------+--------------+--------------+
|  RTL Ports  | Dir | Bits|  Protocol  | Source Object|    C Type    |
+-------------+-----+-----+------------+--------------+--------------+
|ap_clk       |   in|    1|  ap_ctrl_hs|     point_add|  return value|
|ap_rst       |   in|    1|  ap_ctrl_hs|     point_add|  return value|
|ap_start     |   in|    1|  ap_ctrl_hs|     point_add|  return value|
|ap_done      |  out|    1|  ap_ctrl_hs|     point_add|  return value|
|ap_idle      |  out|    1|  ap_ctrl_hs|     point_add|  return value|
|ap_ready     |  out|    1|  ap_ctrl_hs|     point_add|  return value|
|ap_return_0  |  out|  166|  ap_ctrl_hs|     point_add|  return value|
|ap_return_1  |  out|  166|  ap_ctrl_hs|     point_add|  return value|
|x1_V_read    |   in|  166|     ap_none|     x1_V_read|        scalar|
|y1_V_read    |   in|  166|     ap_none|     y1_V_read|        scalar|
|x2_V_read    |   in|  166|     ap_none|     x2_V_read|        scalar|
|y2_V_read    |   in|  166|     ap_none|     y2_V_read|        scalar|
+-------------+-----+-----+------------+--------------+--------------+

