#-----------------------------------------------------------
# Vivado v2021.2 (64-bit)
# SW Build 3367213 on Tue Oct 19 02:48:09 MDT 2021
# IP Build 3369179 on Thu Oct 21 08:25:16 MDT 2021
# Start of session at: Thu Dec 26 19:56:14 2024
# Process ID: 7504
# Current directory: C:/HardwareAcceleratedECC-PointMultiplication/DoublePointMultiplication/haidiem/solution1/impl/ip
# Command line: vivado.exe -notrace -mode batch -source run_ippack.tcl
# Log file: C:/HardwareAcceleratedECC-PointMultiplication/DoublePointMultiplication/haidiem/solution1/impl/ip/vivado.log
# Journal file: C:/HardwareAcceleratedECC-PointMultiplication/DoublePointMultiplication/haidiem/solution1/impl/ip\vivado.jou
# Running On: dundun, OS: Windows, CPU Frequency: 2592 MHz, CPU Physical cores: 6, Host memory: 17034 MB
#-----------------------------------------------------------
source run_ippack.tcl -notrace
INFO: [ProjectBase 1-489] The host OS only allows 260 characters in a normal path. The project is stored in a path with more than 80 characters. If you experience issues with IP, Block Designs, or files not being found, please consider moving the project to a location with a shorter path. Alternately consider using the OS subst command to map part of the path to a drive letter.
Current project path is 'C:/HardwareAcceleratedECC-PointMultiplication/DoublePointMultiplication/haidiem/solution1/impl/ip'
INFO: [IP_Flow 19-234] Refreshing IP repositories
INFO: [IP_Flow 19-1704] No user IP repositories specified
INFO: [IP_Flow 19-2313] Loaded Vivado IP repository 'D:/vitis/xilinx/Vivado/2021.2/data/ip'.
WARNING: [IP_Flow 19-4832] The IP name 'Radix2wDPM_dmul_64ns_64ns_64_7_max_dsp_1_ip' you have specified is long. The Windows operating system has path length limitations. It is recommended you use shorter names to reduce the likelihood of issues.
INFO: [IP_Flow 19-1686] Generating 'Synthesis' target for IP 'Radix2wDPM_dmul_64ns_64ns_64_7_max_dsp_1_ip'...
INFO: [IP_Flow 19-1686] Generating 'Simulation' target for IP 'Radix2wDPM_dmul_64ns_64ns_64_7_max_dsp_1_ip'...
WARNING: [IP_Flow 19-4832] The IP name 'Radix2wDPM_sitodp_32ns_64_6_no_dsp_1_ip' you have specified is long. The Windows operating system has path length limitations. It is recommended you use shorter names to reduce the likelihood of issues.
INFO: [IP_Flow 19-1686] Generating 'Synthesis' target for IP 'Radix2wDPM_sitodp_32ns_64_6_no_dsp_1_ip'...
INFO: [IP_Flow 19-1686] Generating 'Simulation' target for IP 'Radix2wDPM_sitodp_32ns_64_6_no_dsp_1_ip'...
INFO: [IP_Flow 19-234] Refreshing IP repositories
INFO: [IP_Flow 19-1704] No user IP repositories specified
INFO: [IP_Flow 19-2313] Loaded Vivado IP repository 'D:/vitis/xilinx/Vivado/2021.2/data/ip'.
INFO: [Common 17-206] Exiting Vivado at Thu Dec 26 19:56:30 2024...
