

================================================================
== Synthesis Summary Report of 'Radix2wDPM'
================================================================
+ General Information: 
    * Date:           Thu Dec 26 19:55:07 2024
    * Version:        2021.2 (Build 3367213 on Tue Oct 19 02:48:09 MDT 2021)
    * Project:        haidiem
    * Solution:       solution1 (Vivado IP Flow Target)
    * Product family: zynq
    * Target device:  xc7z020-clg400-1
    

+ Performance & Resource Estimates: 
    
    PS: '+' for module; 'o' for loop; '*' for dataflow
    +-------------------------------------------------+--------+-------+---------+-----------+----------+---------+------+----------+--------+----------+-------------+--------------+-----+
    |                     Modules                     |  Issue |       | Latency |  Latency  | Iteration|         | Trip |          |        |          |             |              |     |
    |                     & Loops                     |  Type  | Slack | (cycles)|    (ns)   |  Latency | Interval| Count| Pipelined|  BRAM  |    DSP   |      FF     |      LUT     | URAM|
    +-------------------------------------------------+--------+-------+---------+-----------+----------+---------+------+----------+--------+----------+-------------+--------------+-----+
    |+ Radix2wDPM                                     |  Timing|  -1.24|        -|          -|         -|        -|     -|        no|  5 (1%)|  36 (16%)|  48193 (45%)|  95125 (178%)|    -|
    | + point_add_1                                   |       -|   0.26|        -|          -|         -|        -|     -|        no|       -|         -|    9814 (9%)|   23847 (44%)|    -|
    |  + point_add_1_Pipeline_VITIS_LOOP_45_1         |       -|   0.64|      164|  1.640e+03|         -|      164|     -|        no|       -|         -|    508 (~0%)|     1703 (3%)|    -|
    |   o VITIS_LOOP_45_1                             |       -|   7.30|      162|  1.620e+03|         1|        1|   162|       yes|       -|         -|            -|             -|    -|
    |  + point_add_1_Pipeline_VITIS_LOOP_45_110       |       -|   0.64|      164|  1.640e+03|         -|      164|     -|        no|       -|         -|    508 (~0%)|     1703 (3%)|    -|
    |   o VITIS_LOOP_45_1                             |       -|   7.30|      162|  1.620e+03|         1|        1|   162|       yes|       -|         -|            -|             -|    -|
    |  + point_add_1_Pipeline_VITIS_LOOP_45_111       |       -|   0.64|      164|  1.640e+03|         -|      164|     -|        no|       -|         -|    508 (~0%)|     1703 (3%)|    -|
    |   o VITIS_LOOP_45_1                             |       -|   7.30|      162|  1.620e+03|         1|        1|   162|       yes|       -|         -|            -|             -|    -|
    |  + point_double                                 |       -|   0.26|        -|          -|         -|        -|     -|        no|       -|         -|    4403 (4%)|   10691 (20%)|    -|
    |   + bf_mult_1                                   |       -|   0.64|      164|  1.640e+03|         -|      164|     -|        no|       -|         -|    509 (~0%)|     1869 (3%)|    -|
    |    o VITIS_LOOP_45_1                            |       -|   7.30|      162|  1.620e+03|         1|        1|   162|       yes|       -|         -|            -|             -|    -|
    |   + bf_mult_2                                   |       -|   0.64|      165|  1.650e+03|         -|      165|     -|        no|       -|         -|    672 (~0%)|     1869 (3%)|    -|
    |    o VITIS_LOOP_45_1                            |       -|   7.30|      162|  1.620e+03|         1|        1|   162|       yes|       -|         -|            -|             -|    -|
    |   o VITIS_LOOP_64_1                             |       -|   7.30|        -|          -|         -|        -|     -|        no|       -|         -|            -|             -|    -|
    |    + point_double_Pipeline_VITIS_LOOP_25_1      |       -|   1.72|        -|          -|         -|        -|     -|        no|       -|         -|     18 (~0%)|      857 (1%)|    -|
    |     o VITIS_LOOP_25_1                           |       -|   7.30|        -|          -|         1|        1|     -|       yes|       -|         -|            -|             -|    -|
    |    + point_double_Pipeline_VITIS_LOOP_25_15     |       -|   1.72|        -|          -|         -|        -|     -|        no|       -|         -|     18 (~0%)|      857 (1%)|    -|
    |     o VITIS_LOOP_25_1                           |       -|   7.30|        -|          -|         1|        1|     -|       yes|       -|         -|            -|             -|    -|
    |  o VITIS_LOOP_64_1                              |       -|   7.30|        -|          -|         -|        -|     -|        no|       -|         -|            -|             -|    -|
    |   + point_add_1_Pipeline_VITIS_LOOP_25_1        |       -|   1.72|        -|          -|         -|        -|     -|        no|       -|         -|     18 (~0%)|      857 (1%)|    -|
    |    o VITIS_LOOP_25_1                            |       -|   7.30|        -|          -|         1|        1|     -|       yes|       -|         -|            -|             -|    -|
    |   + point_add_1_Pipeline_VITIS_LOOP_25_19       |       -|   1.72|        -|          -|         -|        -|     -|        no|       -|         -|     18 (~0%)|      857 (1%)|    -|
    |    o VITIS_LOOP_25_1                            |       -|   7.30|        -|          -|         1|        1|     -|       yes|       -|         -|            -|             -|    -|
    | + point_add_1                                   |       -|   0.26|        -|          -|         -|        -|     -|        no|       -|         -|    9814 (9%)|   23847 (44%)|    -|
    |  + point_add_1_Pipeline_VITIS_LOOP_45_1         |       -|   0.64|      164|  1.640e+03|         -|      164|     -|        no|       -|         -|    508 (~0%)|     1703 (3%)|    -|
    |   o VITIS_LOOP_45_1                             |       -|   7.30|      162|  1.620e+03|         1|        1|   162|       yes|       -|         -|            -|             -|    -|
    |  + point_add_1_Pipeline_VITIS_LOOP_45_110       |       -|   0.64|      164|  1.640e+03|         -|      164|     -|        no|       -|         -|    508 (~0%)|     1703 (3%)|    -|
    |   o VITIS_LOOP_45_1                             |       -|   7.30|      162|  1.620e+03|         1|        1|   162|       yes|       -|         -|            -|             -|    -|
    |  + point_add_1_Pipeline_VITIS_LOOP_45_111       |       -|   0.64|      164|  1.640e+03|         -|      164|     -|        no|       -|         -|    508 (~0%)|     1703 (3%)|    -|
    |   o VITIS_LOOP_45_1                             |       -|   7.30|      162|  1.620e+03|         1|        1|   162|       yes|       -|         -|            -|             -|    -|
    |  + point_double                                 |       -|   0.26|        -|          -|         -|        -|     -|        no|       -|         -|    4403 (4%)|   10691 (20%)|    -|
    |   + bf_mult_1                                   |       -|   0.64|      164|  1.640e+03|         -|      164|     -|        no|       -|         -|    509 (~0%)|     1869 (3%)|    -|
    |    o VITIS_LOOP_45_1                            |       -|   7.30|      162|  1.620e+03|         1|        1|   162|       yes|       -|         -|            -|             -|    -|
    |   + bf_mult_2                                   |       -|   0.64|      165|  1.650e+03|         -|      165|     -|        no|       -|         -|    672 (~0%)|     1869 (3%)|    -|
    |    o VITIS_LOOP_45_1                            |       -|   7.30|      162|  1.620e+03|         1|        1|   162|       yes|       -|         -|            -|             -|    -|
    |   o VITIS_LOOP_64_1                             |       -|   7.30|        -|          -|         -|        -|     -|        no|       -|         -|            -|             -|    -|
    |    + point_double_Pipeline_VITIS_LOOP_25_1      |       -|   1.72|        -|          -|         -|        -|     -|        no|       -|         -|     18 (~0%)|      857 (1%)|    -|
    |     o VITIS_LOOP_25_1                           |       -|   7.30|        -|          -|         1|        1|     -|       yes|       -|         -|            -|             -|    -|
    |    + point_double_Pipeline_VITIS_LOOP_25_15     |       -|   1.72|        -|          -|         -|        -|     -|        no|       -|         -|     18 (~0%)|      857 (1%)|    -|
    |     o VITIS_LOOP_25_1                           |       -|   7.30|        -|          -|         1|        1|     -|       yes|       -|         -|            -|             -|    -|
    |  o VITIS_LOOP_64_1                              |       -|   7.30|        -|          -|         -|        -|     -|        no|       -|         -|            -|             -|    -|
    |   + point_add_1_Pipeline_VITIS_LOOP_25_1        |       -|   1.72|        -|          -|         -|        -|     -|        no|       -|         -|     18 (~0%)|      857 (1%)|    -|
    |    o VITIS_LOOP_25_1                            |       -|   7.30|        -|          -|         1|        1|     -|       yes|       -|         -|            -|             -|    -|
    |   + point_add_1_Pipeline_VITIS_LOOP_25_19       |       -|   1.72|        -|          -|         -|        -|     -|        no|       -|         -|     18 (~0%)|      857 (1%)|    -|
    |    o VITIS_LOOP_25_1                            |       -|   7.30|        -|          -|         1|        1|     -|       yes|       -|         -|            -|             -|    -|
    | o VITIS_LOOP_17_1                               |       -|   7.30|        -|          -|         -|        -|     -|        no|       -|         -|            -|             -|    -|
    |  + Radix2wDPM_Pipeline_VITIS_LOOP_120_1         |       -|   0.89|        -|          -|         -|        -|     -|        no|       -|         -|     51 (~0%)|     154 (~0%)|    -|
    |   o VITIS_LOOP_120_1                            |       -|   7.30|        -|          -|         1|        1|     -|       yes|       -|         -|            -|             -|    -|
    |  + point_double_1                               |       -|   0.26|        -|          -|         -|        -|     -|        no|       -|         -|    7076 (6%)|   13747 (25%)|    -|
    |   + point_double_1_Pipeline_VITIS_LOOP_45_1     |       -|   0.64|      164|  1.640e+03|         -|      164|     -|        no|       -|         -|    342 (~0%)|     1528 (2%)|    -|
    |    o VITIS_LOOP_45_1                            |       -|   7.30|      162|  1.620e+03|         1|        1|   162|       yes|       -|         -|            -|             -|    -|
    |   + point_double_1_Pipeline_VITIS_LOOP_45_12    |       -|   0.34|      164|  1.640e+03|         -|      164|     -|        no|       -|         -|    840 (~0%)|     2035 (3%)|    -|
    |    o VITIS_LOOP_45_1                            |       -|   7.30|      162|  1.620e+03|         1|        1|   162|       yes|       -|         -|            -|             -|    -|
    |   + point_double_1_Pipeline_VITIS_LOOP_45_13    |       -|   0.34|      164|  1.640e+03|         -|      164|     -|        no|       -|         -|    674 (~0%)|     1869 (3%)|    -|
    |    o VITIS_LOOP_45_1                            |       -|   7.30|      162|  1.620e+03|         1|        1|   162|       yes|       -|         -|            -|             -|    -|
    |   + point_double_1_Pipeline_VITIS_LOOP_45_14    |       -|   3.16|      164|  1.640e+03|         -|      164|     -|        no|       -|         -|    342 (~0%)|      737 (1%)|    -|
    |    o VITIS_LOOP_45_1                            |       -|   7.30|      162|  1.620e+03|         1|        1|   162|       yes|       -|         -|            -|             -|    -|
    |   o VITIS_LOOP_64_1                             |       -|   7.30|        -|          -|         -|        -|     -|        no|       -|         -|            -|             -|    -|
    |    + point_double_1_Pipeline_VITIS_LOOP_25_1    |       -|   1.72|        -|          -|         -|        -|     -|        no|       -|         -|     18 (~0%)|      857 (1%)|    -|
    |     o VITIS_LOOP_25_1                           |       -|   7.30|        -|          -|         1|        1|     -|       yes|       -|         -|            -|             -|    -|
    |    + point_double_1_Pipeline_VITIS_LOOP_25_11   |       -|   1.72|        -|          -|         -|        -|     -|        no|       -|         -|     18 (~0%)|      857 (1%)|    -|
    |     o VITIS_LOOP_25_1                           |       -|   7.30|        -|          -|         1|        1|     -|       yes|       -|         -|            -|             -|    -|
    |  + pow_generic_double_s                         |      II|   0.07|       34|    340.000|         -|        1|     -|       yes|  5 (1%)|  25 (11%)|    4638 (4%)|    6431 (12%)|    -|
    |  + point_add_2                                  |       -|   0.26|        -|          -|         -|        -|     -|        no|       -|         -|  12163 (11%)|   23981 (45%)|    -|
    |   + point_add_2_Pipeline_VITIS_LOOP_45_1        |       -|   3.16|      164|  1.640e+03|         -|      164|     -|        no|       -|         -|    342 (~0%)|      737 (1%)|    -|
    |    o VITIS_LOOP_45_1                            |       -|   7.30|      162|  1.620e+03|         1|        1|   162|       yes|       -|         -|            -|             -|    -|
    |   + point_add_2_Pipeline_VITIS_LOOP_45_17       |       -|   3.16|      164|  1.640e+03|         -|      164|     -|        no|       -|         -|    343 (~0%)|      737 (1%)|    -|
    |    o VITIS_LOOP_45_1                            |       -|   7.30|      162|  1.620e+03|         1|        1|   162|       yes|       -|         -|            -|             -|    -|
    |   + point_add_2_Pipeline_VITIS_LOOP_45_18       |       -|   3.16|      164|  1.640e+03|         -|      164|     -|        no|       -|         -|    342 (~0%)|      737 (1%)|    -|
    |    o VITIS_LOOP_45_1                            |       -|   7.30|      162|  1.620e+03|         1|        1|   162|       yes|       -|         -|            -|             -|    -|
    |   + point_double_1                              |       -|   0.26|        -|          -|         -|        -|     -|        no|       -|         -|    7076 (6%)|   13747 (25%)|    -|
    |    + point_double_1_Pipeline_VITIS_LOOP_45_1    |       -|   0.64|      164|  1.640e+03|         -|      164|     -|        no|       -|         -|    342 (~0%)|     1528 (2%)|    -|
    |     o VITIS_LOOP_45_1                           |       -|   7.30|      162|  1.620e+03|         1|        1|   162|       yes|       -|         -|            -|             -|    -|
    |    + point_double_1_Pipeline_VITIS_LOOP_45_12   |       -|   0.34|      164|  1.640e+03|         -|      164|     -|        no|       -|         -|    840 (~0%)|     2035 (3%)|    -|
    |     o VITIS_LOOP_45_1                           |       -|   7.30|      162|  1.620e+03|         1|        1|   162|       yes|       -|         -|            -|             -|    -|
    |    + point_double_1_Pipeline_VITIS_LOOP_45_13   |       -|   0.34|      164|  1.640e+03|         -|      164|     -|        no|       -|         -|    674 (~0%)|     1869 (3%)|    -|
    |     o VITIS_LOOP_45_1                           |       -|   7.30|      162|  1.620e+03|         1|        1|   162|       yes|       -|         -|            -|             -|    -|
    |    + point_double_1_Pipeline_VITIS_LOOP_45_14   |       -|   3.16|      164|  1.640e+03|         -|      164|     -|        no|       -|         -|    342 (~0%)|      737 (1%)|    -|
    |     o VITIS_LOOP_45_1                           |       -|   7.30|      162|  1.620e+03|         1|        1|   162|       yes|       -|         -|            -|             -|    -|
    |    o VITIS_LOOP_64_1                            |       -|   7.30|        -|          -|         -|        -|     -|        no|       -|         -|            -|             -|    -|
    |     + point_double_1_Pipeline_VITIS_LOOP_25_1   |       -|   1.72|        -|          -|         -|        -|     -|        no|       -|         -|     18 (~0%)|      857 (1%)|    -|
    |      o VITIS_LOOP_25_1                          |       -|   7.30|        -|          -|         1|        1|     -|       yes|       -|         -|            -|             -|    -|
    |     + point_double_1_Pipeline_VITIS_LOOP_25_11  |       -|   1.72|        -|          -|         -|        -|     -|        no|       -|         -|     18 (~0%)|      857 (1%)|    -|
    |      o VITIS_LOOP_25_1                          |       -|   7.30|        -|          -|         1|        1|     -|       yes|       -|         -|            -|             -|    -|
    |   o VITIS_LOOP_64_1                             |       -|   7.30|        -|          -|         -|        -|     -|        no|       -|         -|            -|             -|    -|
    |    + point_add_2_Pipeline_VITIS_LOOP_25_1       |       -|   1.72|        -|          -|         -|        -|     -|        no|       -|         -|     18 (~0%)|      857 (1%)|    -|
    |     o VITIS_LOOP_25_1                           |       -|   7.30|        -|          -|         1|        1|     -|       yes|       -|         -|            -|             -|    -|
    |    + point_add_2_Pipeline_VITIS_LOOP_25_16      |       -|   1.72|        -|          -|         -|        -|     -|        no|       -|         -|     18 (~0%)|      857 (1%)|    -|
    |     o VITIS_LOOP_25_1                           |       -|   7.30|        -|          -|         1|        1|     -|       yes|       -|         -|            -|             -|    -|
    |  o VITIS_LOOP_18_2                              |       -|   7.30|        3|     30.000|         1|        -|     3|        no|       -|         -|            -|             -|    -|
    +-------------------------------------------------+--------+-------+---------+-----------+----------+---------+------+----------+--------+----------+-------------+--------------+-----+


================================================================
== HW Interfaces
================================================================
* REGISTER
+-----------+---------+----------+
| Interface | Mode    | Bitwidth |
+-----------+---------+----------+
| P         | ap_none | 332      |
| R         | ap_none | 332      |
| S         | ap_none | 332      |
| k1        | ap_none | 166      |
| k2        | ap_none | 166      |
+-----------+---------+----------+

* TOP LEVEL CONTROL
+-----------+------------+-----------------------------------+
| Interface | Type       | Ports                             |
+-----------+------------+-----------------------------------+
| ap_clk    | clock      | ap_clk                            |
| ap_rst    | reset      | ap_rst                            |
| ap_ctrl   | ap_ctrl_hs | ap_done ap_idle ap_ready ap_start |
+-----------+------------+-----------------------------------+


================================================================
== SW I/O Information
================================================================
* Top Function Arguments
+----------+-----------+--------------+
| Argument | Direction | Datatype     |
+----------+-----------+--------------+
| k1       | in        | ap_int<166>& |
| k2       | in        | ap_int<166>& |
| R        | in        | Point&       |
| S        | in        | Point&       |
| P        | inout     | Point&       |
+----------+-----------+--------------+

* SW-to-HW Mapping
+----------+--------------+---------+
| Argument | HW Interface | HW Type |
+----------+--------------+---------+
| k1       | k1           | port    |
| k2       | k2           | port    |
| R        | R            | port    |
| S        | S            | port    |
| P        | P            | port    |
| P        | P_ap_vld     | port    |
+----------+--------------+---------+


================================================================
== M_AXI Burst Information
================================================================
 Note: All burst requests might be further partitioned into multiple requests during RTL generation based on max_read_burst_length or max_write_burst_length settings.

  No burst in design

================================================================
== Bind Op Report
================================================================
+-----------------------------------------------+-----+--------+-----------------+------+--------+---------+
| Name                                          | DSP | Pragma | Variable        | Op   | Impl   | Latency |
+-----------------------------------------------+-----+--------+-----------------+------+--------+---------+
| + Radix2wDPM                                  | 36  |        |                 |      |        |         |
|   sub_fu_418_p2                               | -   |        | sub             | sub  | fabric | 0       |
|   j_5_fu_477_p2                               | -   |        | j_5             | add  | fabric | 0       |
|   add_ln19_fu_483_p2                          | -   |        | add_ln19        | add  | fabric | 0       |
|   sub_ln119_fu_558_p2                         | -   |        | sub_ln119       | sub  | fabric | 0       |
|   add_ln119_fu_568_p2                         | -   |        | add_ln119       | add  | fabric | 0       |
|   dmul_64ns_64ns_64_7_max_dsp_1_U88           | 11  |        | dc              | dmul | maxdsp | 6       |
|   add_ln513_fu_634_p2                         | -   |        | add_ln513       | add  | fabric | 0       |
|   sub_ln1364_fu_648_p2                        | -   |        | sub_ln1364      | sub  | fabric | 0       |
|   result_V_2_fu_716_p2                        | -   |        | result_V_2      | sub  | fabric | 0       |
|   i_33_fu_809_p2                              | -   |        | i_33            | add  | fabric | 0       |
|  + point_add_1                                | 0   |        |                 |      |        |         |
|    add_ln28_fu_343_p2                         | -   |        | add_ln28        | add  | fabric | 0       |
|    add_ln28_4_fu_353_p2                       | -   |        | add_ln28_4      | add  | fabric | 0       |
|    j_fu_363_p2                                | -   |        | j               | sub  | fabric | 0       |
|    sub_ln69_fu_377_p2                         | -   |        | sub_ln69        | sub  | fabric | 0       |
|    sub_ln1691_fu_432_p2                       | -   |        | sub_ln1691      | sub  | fabric | 0       |
|   + point_add_1_Pipeline_VITIS_LOOP_45_1      | 0   |        |                 |      |        |         |
|     i_25_fu_208_p2                            | -   |        | i_25            | add  | fabric | 0       |
|   + point_add_1_Pipeline_VITIS_LOOP_25_1      | 0   |        |                 |      |        |         |
|     i_29_fu_78_p2                             | -   |        | i_29            | add  | fabric | 0       |
|   + point_add_1_Pipeline_VITIS_LOOP_25_19     | 0   |        |                 |      |        |         |
|     i_27_fu_78_p2                             | -   |        | i_27            | add  | fabric | 0       |
|   + point_add_1_Pipeline_VITIS_LOOP_45_110    | 0   |        |                 |      |        |         |
|     i_23_fu_208_p2                            | -   |        | i_23            | add  | fabric | 0       |
|   + point_add_1_Pipeline_VITIS_LOOP_45_111    | 0   |        |                 |      |        |         |
|     i_21_fu_208_p2                            | -   |        | i_21            | add  | fabric | 0       |
|   + point_double                              | 0   |        |                 |      |        |         |
|     add_ln28_fu_177_p2                        | -   |        | add_ln28        | add  | fabric | 0       |
|     add_ln28_2_fu_187_p2                      | -   |        | add_ln28_2      | add  | fabric | 0       |
|     j_fu_197_p2                               | -   |        | j               | sub  | fabric | 0       |
|     sub_ln69_fu_211_p2                        | -   |        | sub_ln69        | sub  | fabric | 0       |
|     sub_ln1691_fu_267_p2                      | -   |        | sub_ln1691      | sub  | fabric | 0       |
|    + point_double_Pipeline_VITIS_LOOP_25_1    | 0   |        |                 |      |        |         |
|      i_4_fu_78_p2                             | -   |        | i_4             | add  | fabric | 0       |
|    + point_double_Pipeline_VITIS_LOOP_25_15   | 0   |        |                 |      |        |         |
|      i_2_fu_78_p2                             | -   |        | i_2             | add  | fabric | 0       |
|    + bf_mult_1                                | 0   |        |                 |      |        |         |
|      i_fu_193_p2                              | -   |        | i               | add  | fabric | 0       |
|    + bf_mult_2                                | 0   |        |                 |      |        |         |
|      i_fu_187_p2                              | -   |        | i               | add  | fabric | 0       |
|  + point_add_1                                | 0   |        |                 |      |        |         |
|    add_ln28_fu_343_p2                         | -   |        | add_ln28        | add  | fabric | 0       |
|    add_ln28_4_fu_353_p2                       | -   |        | add_ln28_4      | add  | fabric | 0       |
|    j_fu_363_p2                                | -   |        | j               | sub  | fabric | 0       |
|    sub_ln69_fu_377_p2                         | -   |        | sub_ln69        | sub  | fabric | 0       |
|    sub_ln1691_fu_432_p2                       | -   |        | sub_ln1691      | sub  | fabric | 0       |
|   + point_add_1_Pipeline_VITIS_LOOP_45_1      | 0   |        |                 |      |        |         |
|     i_25_fu_208_p2                            | -   |        | i_25            | add  | fabric | 0       |
|   + point_add_1_Pipeline_VITIS_LOOP_25_1      | 0   |        |                 |      |        |         |
|     i_29_fu_78_p2                             | -   |        | i_29            | add  | fabric | 0       |
|   + point_add_1_Pipeline_VITIS_LOOP_25_19     | 0   |        |                 |      |        |         |
|     i_27_fu_78_p2                             | -   |        | i_27            | add  | fabric | 0       |
|   + point_add_1_Pipeline_VITIS_LOOP_45_110    | 0   |        |                 |      |        |         |
|     i_23_fu_208_p2                            | -   |        | i_23            | add  | fabric | 0       |
|   + point_add_1_Pipeline_VITIS_LOOP_45_111    | 0   |        |                 |      |        |         |
|     i_21_fu_208_p2                            | -   |        | i_21            | add  | fabric | 0       |
|   + point_double                              | 0   |        |                 |      |        |         |
|     add_ln28_fu_177_p2                        | -   |        | add_ln28        | add  | fabric | 0       |
|     add_ln28_2_fu_187_p2                      | -   |        | add_ln28_2      | add  | fabric | 0       |
|     j_fu_197_p2                               | -   |        | j               | sub  | fabric | 0       |
|     sub_ln69_fu_211_p2                        | -   |        | sub_ln69        | sub  | fabric | 0       |
|     sub_ln1691_fu_267_p2                      | -   |        | sub_ln1691      | sub  | fabric | 0       |
|    + point_double_Pipeline_VITIS_LOOP_25_1    | 0   |        |                 |      |        |         |
|      i_4_fu_78_p2                             | -   |        | i_4             | add  | fabric | 0       |
|    + point_double_Pipeline_VITIS_LOOP_25_15   | 0   |        |                 |      |        |         |
|      i_2_fu_78_p2                             | -   |        | i_2             | add  | fabric | 0       |
|    + bf_mult_1                                | 0   |        |                 |      |        |         |
|      i_fu_193_p2                              | -   |        | i               | add  | fabric | 0       |
|    + bf_mult_2                                | 0   |        |                 |      |        |         |
|      i_fu_187_p2                              | -   |        | i               | add  | fabric | 0       |
|  + Radix2wDPM_Pipeline_VITIS_LOOP_120_1       | 0   |        |                 |      |        |         |
|    n_2_fu_100_p2                              | -   |        | n_2             | add  | fabric | 0       |
|    sub_ln121_fu_114_p2                        | -   |        | sub_ln121       | sub  | fabric | 0       |
|    sub_ln121_1_fu_134_p2                      | -   |        | sub_ln121_1     | sub  | fabric | 0       |
|   + point_double_1                            | 0   |        |                 |      |        |         |
|     add_ln28_fu_270_p2                        | -   |        | add_ln28        | add  | fabric | 0       |
|     add_ln28_1_fu_280_p2                      | -   |        | add_ln28_1      | add  | fabric | 0       |
|     j_fu_290_p2                               | -   |        | j               | sub  | fabric | 0       |
|     sub_ln69_fu_304_p2                        | -   |        | sub_ln69        | sub  | fabric | 0       |
|     sub_ln1691_fu_359_p2                      | -   |        | sub_ln1691      | sub  | fabric | 0       |
|    + point_double_1_Pipeline_VITIS_LOOP_45_1  | 0   |        |                 |      |        |         |
|      i_9_fu_190_p2                            | -   |        | i_9             | add  | fabric | 0       |
|    + point_double_1_Pipeline_VITIS_LOOP_45_12 | 0   |        |                 |      |        |         |
|      i_8_fu_233_p2                            | -   |        | i_8             | add  | fabric | 0       |
|    + point_double_1_Pipeline_VITIS_LOOP_25_1  | 0   |        |                 |      |        |         |
|      i_12_fu_78_p2                            | -   |        | i_12            | add  | fabric | 0       |
|    + point_double_1_Pipeline_VITIS_LOOP_25_11 | 0   |        |                 |      |        |         |
|      i_10_fu_78_p2                            | -   |        | i_10            | add  | fabric | 0       |
|    + point_double_1_Pipeline_VITIS_LOOP_45_13 | 0   |        |                 |      |        |         |
|      i_7_fu_259_p2                            | -   |        | i_7             | add  | fabric | 0       |
|    + point_double_1_Pipeline_VITIS_LOOP_45_14 | 0   |        |                 |      |        |         |
|      i_fu_176_p2                              | -   |        | i               | add  | fabric | 0       |
|  + pow_generic_double_s                       | 25  |        |                 |      |        |         |
|    m_exp_fu_329_p2                            | -   |        | m_exp           | add  | fabric | 0       |
|    e_frac_V_1_fu_303_p2                       | -   |        | e_frac_V_1      | sub  | fabric | 0       |
|    mul_54s_67ns_120_5_1_U32                   | 9   |        | m_frac_l_V      | mul  | auto   | 4       |
|    sub_ln1364_fu_356_p2                       | -   |        | sub_ln1364      | sub  | fabric | 0       |
|    mac_muladd_16s_15ns_19s_31_4_1_U37         | 1   |        | r_V_18          | mul  | dsp    | 3       |
|    mac_muladd_16s_15ns_19s_31_4_1_U37         | 1   |        | ret_V_7         | add  | dsp    | 3       |
|    ret_V_fu_599_p2                            | -   |        | ret_V           | add  | fabric | 0       |
|    mul_13s_71s_71_5_1_U33                     | 3   |        | r_V_12          | mul  | auto   | 4       |
|    m_diff_V_fu_640_p2                         | -   |        | m_diff_V        | sub  | fabric | 0       |
|    ret_V_9_fu_715_p2                          | -   |        | ret_V_9         | add  | fabric | 0       |
|    mul_43ns_36ns_79_3_1_U34                   | 4   |        | r_V_14          | mul  | auto   | 4       |
|    add_ln666_fu_762_p2                        | -   |        | add_ln666       | add  | fabric | 0       |
|    exp_Z2P_m_1_V_fu_771_p2                    | -   |        | exp_Z2P_m_1_V   | add  | fabric | 0       |
|    mul_49ns_44ns_93_5_1_U35                   | 4   |        | r_V_15          | mul  | auto   | 2       |
|    add_ln666_2_fu_839_p2                      | -   |        | add_ln666_2     | add  | fabric | 0       |
|    exp_Z1P_m_1_l_V_fu_848_p2                  | -   |        | exp_Z1P_m_1_l_V | add  | fabric | 0       |
|    ret_V_11_fu_886_p2                         | -   |        | ret_V_11        | add  | fabric | 0       |
|    mul_50ns_50ns_100_5_1_U36                  | 4   |        | r_V_19          | mul  | auto   | 4       |
|    ret_V_6_fu_929_p2                          | -   |        | ret_V_6         | add  | fabric | 0       |
|    add_ln1199_1_fu_935_p2                     | -   |        | add_ln1199_1    | add  | fabric | 0       |
|    add_ln1199_2_fu_941_p2                     | -   |        | add_ln1199_2    | add  | fabric | 0       |
|    r_exp_V_fu_955_p2                          | -   |        | r_exp_V         | add  | fabric | 0       |
|    out_exp_V_fu_1077_p2                       | -   |        | out_exp_V       | add  | fabric | 0       |
|  + point_add_2                                | 0   |        |                 |      |        |         |
|    add_ln28_fu_310_p2                         | -   |        | add_ln28        | add  | fabric | 0       |
|    add_ln28_3_fu_320_p2                       | -   |        | add_ln28_3      | add  | fabric | 0       |
|    j_fu_330_p2                                | -   |        | j               | sub  | fabric | 0       |
|    sub_ln69_fu_344_p2                         | -   |        | sub_ln69        | sub  | fabric | 0       |
|    sub_ln1691_fu_399_p2                       | -   |        | sub_ln1691      | sub  | fabric | 0       |
|   + point_add_2_Pipeline_VITIS_LOOP_45_1      | 0   |        |                 |      |        |         |
|     i_fu_176_p2                               | -   |        | i               | add  | fabric | 0       |
|   + point_add_2_Pipeline_VITIS_LOOP_25_1      | 0   |        |                 |      |        |         |
|     i_19_fu_78_p2                             | -   |        | i_19            | add  | fabric | 0       |
|   + point_add_2_Pipeline_VITIS_LOOP_25_16     | 0   |        |                 |      |        |         |
|     i_17_fu_78_p2                             | -   |        | i_17            | add  | fabric | 0       |
|   + point_add_2_Pipeline_VITIS_LOOP_45_17     | 0   |        |                 |      |        |         |
|     i_fu_156_p2                               | -   |        | i               | add  | fabric | 0       |
|   + point_add_2_Pipeline_VITIS_LOOP_45_18     | 0   |        |                 |      |        |         |
|     i_fu_176_p2                               | -   |        | i               | add  | fabric | 0       |
|   + point_double_1                            | 0   |        |                 |      |        |         |
|     add_ln28_fu_270_p2                        | -   |        | add_ln28        | add  | fabric | 0       |
|     add_ln28_1_fu_280_p2                      | -   |        | add_ln28_1      | add  | fabric | 0       |
|     j_fu_290_p2                               | -   |        | j               | sub  | fabric | 0       |
|     sub_ln69_fu_304_p2                        | -   |        | sub_ln69        | sub  | fabric | 0       |
|     sub_ln1691_fu_359_p2                      | -   |        | sub_ln1691      | sub  | fabric | 0       |
|    + point_double_1_Pipeline_VITIS_LOOP_45_1  | 0   |        |                 |      |        |         |
|      i_9_fu_190_p2                            | -   |        | i_9             | add  | fabric | 0       |
|    + point_double_1_Pipeline_VITIS_LOOP_45_12 | 0   |        |                 |      |        |         |
|      i_8_fu_233_p2                            | -   |        | i_8             | add  | fabric | 0       |
|    + point_double_1_Pipeline_VITIS_LOOP_25_1  | 0   |        |                 |      |        |         |
|      i_12_fu_78_p2                            | -   |        | i_12            | add  | fabric | 0       |
|    + point_double_1_Pipeline_VITIS_LOOP_25_11 | 0   |        |                 |      |        |         |
|      i_10_fu_78_p2                            | -   |        | i_10            | add  | fabric | 0       |
|    + point_double_1_Pipeline_VITIS_LOOP_45_13 | 0   |        |                 |      |        |         |
|      i_7_fu_259_p2                            | -   |        | i_7             | add  | fabric | 0       |
|    + point_double_1_Pipeline_VITIS_LOOP_45_14 | 0   |        |                 |      |        |         |
|      i_fu_176_p2                              | -   |        | i               | add  | fabric | 0       |
+-----------------------------------------------+-----+--------+-----------------+------+--------+---------+


================================================================
== Bind Storage Report
================================================================
+---------------------------------------------------------------------------------------------------+------+------+--------+----------------------------------------------------------------------------------------------+---------+------+---------+
| Name                                                                                              | BRAM | URAM | Pragma | Variable                                                                                     | Storage | Impl | Latency |
+---------------------------------------------------------------------------------------------------+------+------+--------+----------------------------------------------------------------------------------------------+---------+------+---------+
| + Radix2wDPM                                                                                      | 5    | 0    |        |                                                                                              |         |      |         |
|  + pow_generic_double_s                                                                           | 5    | 0    |        |                                                                                              |         |      |         |
|    pow_reduce_anonymous_namespace_table_exp_Z1_ap_ufixed_58_1_ap_q_mode_5_ap_o_mode_3_0_array_V_U | 2    | -    |        | pow_reduce_anonymous_namespace_table_exp_Z1_ap_ufixed_58_1_ap_q_mode_5_ap_o_mode_3_0_array_V | rom_1p  | auto | 1       |
|    pow_reduce_anonymous_namespace_table_f_Z3_ap_ufixed_59_0_ap_q_mode_5_ap_o_mode_3_0_array_V_U   | 1    | -    |        | pow_reduce_anonymous_namespace_table_f_Z3_ap_ufixed_59_0_ap_q_mode_5_ap_o_mode_3_0_array_V   | rom_2p  | auto | 1       |
|    pow_reduce_anonymous_namespace_table_f_Z2_ap_ufixed_59_0_ap_q_mode_5_ap_o_mode_3_0_array_V_U   | 2    | -    |        | pow_reduce_anonymous_namespace_table_f_Z2_ap_ufixed_59_0_ap_q_mode_5_ap_o_mode_3_0_array_V   | rom_1p  | auto | 1       |
+---------------------------------------------------------------------------------------------------+------+------+--------+----------------------------------------------------------------------------------------------+---------+------+---------+


================================================================
== User Pragma Report
================================================================
  No pragmas found

