

================================================================
== Vitis HLS Report for 'point_add_2'
================================================================
* Date:           Thu Dec 26 19:55:02 2024

* Version:        2021.2 (Build 3367213 on Tue Oct 19 02:48:09 MDT 2021)
* Project:        haidiem
* Solution:       solution1 (Vivado IP Flow Target)
* Product family: zynq
* Target device:  xc7z020-clg400-1


================================================================
== Performance Estimates
================================================================
+ Timing: 
    * Summary: 
    +--------+----------+----------+------------+
    |  Clock |  Target  | Estimated| Uncertainty|
    +--------+----------+----------+------------+
    |ap_clk  |  10.00 ns|  7.041 ns|     2.70 ns|
    +--------+----------+----------+------------+

+ Latency: 
    * Summary: 
    +---------+---------+----------+----------+-----+-----+---------+
    |  Latency (cycles) |  Latency (absolute) |  Interval | Pipeline|
    |   min   |   max   |    min   |    max   | min | max |   Type  |
    +---------+---------+----------+----------+-----+-----+---------+
    |        ?|        ?|         ?|         ?|    ?|    ?|       no|
    +---------+---------+----------+----------+-----+-----+---------+

    + Detail: 
        * Instance: 
        +--------------------------------------------------+---------------------------------------+---------+---------+----------+----------+-----+-----+---------+
        |                                                  |                                       |  Latency (cycles) |  Latency (absolute) |  Interval | Pipeline|
        |                     Instance                     |                 Module                |   min   |   max   |    min   |    max   | min | max |   Type  |
        +--------------------------------------------------+---------------------------------------+---------+---------+----------+----------+-----+-----+---------+
        |grp_point_add_2_Pipeline_VITIS_LOOP_45_1_fu_127   |point_add_2_Pipeline_VITIS_LOOP_45_1   |      164|      164|  1.640 us|  1.640 us|  164|  164|       no|
        |grp_point_add_2_Pipeline_VITIS_LOOP_25_1_fu_135   |point_add_2_Pipeline_VITIS_LOOP_25_1   |        ?|        ?|         ?|         ?|    ?|    ?|       no|
        |grp_point_add_2_Pipeline_VITIS_LOOP_25_16_fu_141  |point_add_2_Pipeline_VITIS_LOOP_25_16  |        ?|        ?|         ?|         ?|    ?|    ?|       no|
        |grp_point_add_2_Pipeline_VITIS_LOOP_45_17_fu_147  |point_add_2_Pipeline_VITIS_LOOP_45_17  |      164|      164|  1.640 us|  1.640 us|  164|  164|       no|
        |grp_point_add_2_Pipeline_VITIS_LOOP_45_18_fu_154  |point_add_2_Pipeline_VITIS_LOOP_45_18  |      164|      164|  1.640 us|  1.640 us|  164|  164|       no|
        |grp_point_double_1_fu_162                         |point_double_1                         |        ?|        ?|         ?|         ?|    ?|    ?|       no|
        +--------------------------------------------------+---------------------------------------+---------+---------+----------+----------+-----+-----+---------+

        * Loop: 
        +-------------------+---------+---------+----------+-----------+-----------+------+----------+
        |                   |  Latency (cycles) | Iteration|  Initiation Interval  | Trip |          |
        |     Loop Name     |   min   |   max   |  Latency |  achieved |   target  | Count| Pipelined|
        +-------------------+---------+---------+----------+-----------+-----------+------+----------+
        |- VITIS_LOOP_64_1  |        ?|        ?|         ?|          -|          -|     ?|        no|
        +-------------------+---------+---------+----------+-----------+-----------+------+----------+



================================================================
== Utilization Estimates
================================================================
* Summary: 
+-----------------+---------+-----+--------+-------+-----+
|       Name      | BRAM_18K| DSP |   FF   |  LUT  | URAM|
+-----------------+---------+-----+--------+-------+-----+
|DSP              |        -|    -|       -|      -|    -|
|Expression       |        -|    -|       0|   6149|    -|
|FIFO             |        -|    -|       -|      -|    -|
|Instance         |        -|    -|    8139|  17672|    -|
|Memory           |        -|    -|       -|      -|    -|
|Multiplexer      |        -|    -|       -|    160|    -|
|Register         |        -|    -|    4024|      -|    -|
+-----------------+---------+-----+--------+-------+-----+
|Total            |        0|    0|   12163|  23981|    0|
+-----------------+---------+-----+--------+-------+-----+
|Available        |      280|  220|  106400|  53200|    0|
+-----------------+---------+-----+--------+-------+-----+
|Utilization (%)  |        0|    0|      11|     45|    0|
+-----------------+---------+-----+--------+-------+-----+

+ Detail: 
    * Instance: 
    +--------------------------------------------------+---------------------------------------+---------+----+------+-------+-----+
    |                     Instance                     |                 Module                | BRAM_18K| DSP|  FF  |  LUT  | URAM|
    +--------------------------------------------------+---------------------------------------+---------+----+------+-------+-----+
    |grp_point_add_2_Pipeline_VITIS_LOOP_25_1_fu_135   |point_add_2_Pipeline_VITIS_LOOP_25_1   |        0|   0|    18|    857|    0|
    |grp_point_add_2_Pipeline_VITIS_LOOP_25_16_fu_141  |point_add_2_Pipeline_VITIS_LOOP_25_16  |        0|   0|    18|    857|    0|
    |grp_point_add_2_Pipeline_VITIS_LOOP_45_1_fu_127   |point_add_2_Pipeline_VITIS_LOOP_45_1   |        0|   0|   342|    737|    0|
    |grp_point_add_2_Pipeline_VITIS_LOOP_45_17_fu_147  |point_add_2_Pipeline_VITIS_LOOP_45_17  |        0|   0|   343|    737|    0|
    |grp_point_add_2_Pipeline_VITIS_LOOP_45_18_fu_154  |point_add_2_Pipeline_VITIS_LOOP_45_18  |        0|   0|   342|    737|    0|
    |grp_point_double_1_fu_162                         |point_double_1                         |        0|   0|  7076|  13747|    0|
    +--------------------------------------------------+---------------------------------------+---------+----+------+-------+-----+
    |Total                                             |                                       |        0|   0|  8139|  17672|    0|
    +--------------------------------------------------+---------------------------------------+---------+----+------+-------+-----+

    * DSP: 
    N/A

    * Memory: 
    N/A

    * FIFO: 
    N/A

    * Expression: 
    +---------------------------------+----------+----+---+-----+------------+------------+
    |          Variable Name          | Operation| DSP| FF| LUT | Bitwidth P0| Bitwidth P1|
    +---------------------------------+----------+----+---+-----+------------+------------+
    |add_ln28_3_fu_320_p2             |         +|   0|  0|   23|          16|           1|
    |add_ln28_fu_310_p2               |         +|   0|  0|   23|          16|           1|
    |j_fu_330_p2                      |         -|   0|  0|   24|          17|          17|
    |sub_ln1691_fu_399_p2             |         -|   0|  0|   24|           1|          17|
    |sub_ln69_fu_344_p2               |         -|   0|  0|   24|           1|          17|
    |and_ln99_fu_183_p2               |       and|   0|  0|    2|           1|           1|
    |ashr_ln1691_fu_418_p2            |      ashr|   0|  0|  579|         166|         166|
    |r_fu_412_p2                      |      ashr|   0|  0|  579|         166|         166|
    |icmp_ln100_fu_209_p2             |      icmp|   0|  0|   62|         166|           1|
    |icmp_ln1064_1_fu_247_p2          |      icmp|   0|  0|   62|         166|         166|
    |icmp_ln1064_fu_215_p2            |      icmp|   0|  0|   62|         166|         166|
    |icmp_ln1068_1_fu_177_p2          |      icmp|   0|  0|   62|         166|           1|
    |icmp_ln1068_2_fu_264_p2          |      icmp|   0|  0|   62|         166|           1|
    |icmp_ln1068_fu_171_p2            |      icmp|   0|  0|   62|         166|           1|
    |ap_block_state4_on_subcall_done  |        or|   0|  0|    2|           1|           1|
    |or_ln100_fu_203_p2               |        or|   0|  0|  166|         166|         166|
    |a_V_fu_524_p3                    |    select|   0|  0|  166|           1|         166|
    |c_V_6_fu_448_p3                  |    select|   0|  0|  166|           1|         166|
    |c_V_fu_291_p3                    |    select|   0|  0|  166|           1|         166|
    |d_V_fu_486_p3                    |    select|   0|  0|  166|           1|         166|
    |g_V_3_fu_369_p3                  |    select|   0|  0|  166|           1|         166|
    |j_3_fu_350_p3                    |    select|   0|  0|   17|           1|          17|
    |r_3_fu_431_p3                    |    select|   0|  0|  166|           1|         166|
    |select_ln1691_fu_424_p3          |    select|   0|  0|  166|           1|         166|
    |u_V_15_fu_453_p3                 |    select|   0|  0|  166|           1|         166|
    |v_V_fu_375_p3                    |    select|   0|  0|  166|           1|         166|
    |shl_ln1691_3_fu_393_p2           |       shl|   0|  0|  579|         166|         166|
    |shl_ln1691_fu_387_p2             |       shl|   0|  0|  579|         166|         166|
    |d_V_3_fu_508_p2                  |       xor|   0|  0|  166|         166|         166|
    |p_Result_s_fu_285_p2             |       xor|   0|  0|    2|           1|           1|
    |ret_17_fu_221_p2                 |       xor|   0|  0|  166|         166|         166|
    |ret_18_fu_280_p2                 |       xor|   0|  0|  166|         166|         166|
    |ret_19_fu_463_p2                 |       xor|   0|  0|  166|         166|         166|
    |ret_20_fu_514_p2                 |       xor|   0|  0|  166|         166|         166|
    |ret_fu_540_p2                    |       xor|   0|  0|  166|         166|         166|
    |u_V_fu_458_p2                    |       xor|   0|  0|  166|         166|         166|
    |xor_ln1544_fu_535_p2             |       xor|   0|  0|  166|         166|         166|
    |xor_ln904_2_fu_502_p2            |       xor|   0|  0|  166|         166|           1|
    |xor_ln904_fu_498_p2              |       xor|   0|  0|  166|         166|         166|
    +---------------------------------+----------+----+---+-----+------------+------------+
    |Total                            |          |   0|  0| 6149|        3550|        4228|
    +---------------------------------+----------+----+---+-----+------------+------------+

    * Multiplexer: 
    +-------------------------------+----+-----------+-----+-----------+
    |              Name             | LUT| Input Size| Bits| Total Bits|
    +-------------------------------+----+-----------+-----+-----------+
    |P_3_reg_110                    |  25|          5|  332|       1660|
    |ap_NS_fsm                      |  81|         17|    1|         17|
    |ap_phi_mux_P_3_phi_fu_114_p10  |   9|          2|  332|        664|
    |ap_return                      |   9|          2|  332|        664|
    |g_V_fu_84                      |   9|          2|  166|        332|
    |tmp_V_fu_88                    |   9|          2|  166|        332|
    |u_V_11_fu_76                   |   9|          2|  166|        332|
    |v_V_3_fu_80                    |   9|          2|  166|        332|
    +-------------------------------+----+-----------+-----+-----------+
    |Total                          | 160|         34| 1661|       4333|
    +-------------------------------+----+-----------+-----+-----------+

    * Register: 
    +---------------------------------------------------------------+-----+----+-----+-----------+
    |                              Name                             |  FF | LUT| Bits| Const Bits|
    +---------------------------------------------------------------+-----+----+-----+-----------+
    |P_3_reg_110                                                    |  332|   0|  332|          0|
    |a_V_reg_759                                                    |  166|   0|  166|          0|
    |and_ln99_reg_612                                               |    1|   0|    1|          0|
    |ap_CS_fsm                                                      |   16|   0|   16|          0|
    |ap_return_preg                                                 |  332|   0|  332|          0|
    |c_V_reg_690                                                    |  166|   0|  166|          0|
    |d_V_3_reg_748                                                  |  166|   0|  166|          0|
    |d_V_reg_743                                                    |  166|   0|  166|          0|
    |g_V_fu_84                                                      |  166|   0|  166|          0|
    |g_V_load_reg_720                                               |  166|   0|  166|          0|
    |grp_point_add_2_Pipeline_VITIS_LOOP_25_16_fu_141_ap_start_reg  |    1|   0|    1|          0|
    |grp_point_add_2_Pipeline_VITIS_LOOP_25_1_fu_135_ap_start_reg   |    1|   0|    1|          0|
    |grp_point_add_2_Pipeline_VITIS_LOOP_45_17_fu_147_ap_start_reg  |    1|   0|    1|          0|
    |grp_point_add_2_Pipeline_VITIS_LOOP_45_18_fu_154_ap_start_reg  |    1|   0|    1|          0|
    |grp_point_add_2_Pipeline_VITIS_LOOP_45_1_fu_127_ap_start_reg   |    1|   0|    1|          0|
    |grp_point_double_1_fu_162_ap_start_reg                         |    1|   0|    1|          0|
    |icmp_ln100_reg_627                                             |    1|   0|    1|          0|
    |icmp_ln1064_reg_631                                            |    1|   0|    1|          0|
    |j_3_reg_708                                                    |   17|   0|   17|          0|
    |lhs_V_10_reg_621                                               |  166|   0|  166|          0|
    |lhs_V_reg_616                                                  |  166|   0|  166|          0|
    |p_Result_18_reg_738                                            |    1|   0|    1|          0|
    |r_3_reg_730                                                    |  166|   0|  166|          0|
    |ret_17_reg_663                                                 |  166|   0|  166|          0|
    |ret_18_reg_685                                                 |  166|   0|  166|          0|
    |select_ln1691_reg_725                                          |  166|   0|  166|          0|
    |tmp_21_reg_700                                                 |    1|   0|    1|          0|
    |tmp_22_reg_714                                                 |    1|   0|    1|          0|
    |tmp_V_fu_88                                                    |  166|   0|  166|          0|
    |trunc_ln1068_1_reg_677                                         |  165|   0|  165|          0|
    |trunc_ln1068_reg_607                                           |  329|   0|  329|          0|
    |trunc_ln1544_7_reg_754                                         |  165|   0|  165|          0|
    |u_V_11_fu_76                                                   |  166|   0|  166|          0|
    |v_V_3_fu_80                                                    |  166|   0|  166|          0|
    |v_V_3_load_reg_695                                             |  166|   0|  166|          0|
    +---------------------------------------------------------------+-----+----+-----+-----------+
    |Total                                                          | 4024|   0| 4024|          0|
    +---------------------------------------------------------------+-----+----+-----+-----------+



================================================================
== Interface
================================================================
* Summary: 
+-----------+-----+-----+------------+--------------+--------------+
| RTL Ports | Dir | Bits|  Protocol  | Source Object|    C Type    |
+-----------+-----+-----+------------+--------------+--------------+
|ap_clk     |   in|    1|  ap_ctrl_hs|   point_add.2|  return value|
|ap_rst     |   in|    1|  ap_ctrl_hs|   point_add.2|  return value|
|ap_start   |   in|    1|  ap_ctrl_hs|   point_add.2|  return value|
|ap_done    |  out|    1|  ap_ctrl_hs|   point_add.2|  return value|
|ap_idle    |  out|    1|  ap_ctrl_hs|   point_add.2|  return value|
|ap_ready   |  out|    1|  ap_ctrl_hs|   point_add.2|  return value|
|ap_return  |  out|  332|  ap_ctrl_hs|   point_add.2|  return value|
|p_read     |   in|  332|     ap_none|        p_read|        scalar|
|p_read1    |   in|  166|     ap_none|       p_read1|        scalar|
|p_read12   |   in|  166|     ap_none|      p_read12|        scalar|
+-----------+-----+-----+------------+--------------+--------------+

