

================================================================
== Vitis HLS Report for 'point_double_1_Pipeline_VITIS_LOOP_45_12'
================================================================
* Date:           Thu Dec 26 19:54:57 2024

* Version:        2021.2 (Build 3367213 on Tue Oct 19 02:48:09 MDT 2021)
* Project:        haidiem
* Solution:       solution1 (Vivado IP Flow Target)
* Product family: zynq
* Target device:  xc7z020-clg400-1


================================================================
== Performance Estimates
================================================================
+ Timing: 
    * Summary: 
    +--------+----------+----------+------------+
    |  Clock |  Target  | Estimated| Uncertainty|
    +--------+----------+----------+------------+
    |ap_clk  |  10.00 ns|  6.956 ns|     2.70 ns|
    +--------+----------+----------+------------+

+ Latency: 
    * Summary: 
    +---------+---------+----------+----------+-----+-----+---------+
    |  Latency (cycles) |  Latency (absolute) |  Interval | Pipeline|
    |   min   |   max   |    min   |    max   | min | max |   Type  |
    +---------+---------+----------+----------+-----+-----+---------+
    |      164|      164|  1.640 us|  1.640 us|  164|  164|       no|
    +---------+---------+----------+----------+-----+-----+---------+

    + Detail: 
        * Instance: 
        N/A

        * Loop: 
        +-------------------+---------+---------+----------+-----------+-----------+------+----------+
        |                   |  Latency (cycles) | Iteration|  Initiation Interval  | Trip |          |
        |     Loop Name     |   min   |   max   |  Latency |  achieved |   target  | Count| Pipelined|
        +-------------------+---------+---------+----------+-----------+-----------+------+----------+
        |- VITIS_LOOP_45_1  |      162|      162|         1|          1|          1|   162|       yes|
        +-------------------+---------+---------+----------+-----------+-----------+------+----------+



================================================================
== Utilization Estimates
================================================================
* Summary: 
+-----------------+---------+-----+--------+-------+-----+
|       Name      | BRAM_18K| DSP |   FF   |  LUT  | URAM|
+-----------------+---------+-----+--------+-------+-----+
|DSP              |        -|    -|       -|      -|    -|
|Expression       |        -|    -|       0|   1981|    -|
|FIFO             |        -|    -|       -|      -|    -|
|Instance         |        -|    -|       -|      -|    -|
|Memory           |        -|    -|       -|      -|    -|
|Multiplexer      |        -|    -|       -|     54|    -|
|Register         |        -|    -|     840|      -|    -|
+-----------------+---------+-----+--------+-------+-----+
|Total            |        0|    0|     840|   2035|    0|
+-----------------+---------+-----+--------+-------+-----+
|Available        |      280|  220|  106400|  53200|    0|
+-----------------+---------+-----+--------+-------+-----+
|Utilization (%)  |        0|    0|      ~0|      3|    0|
+-----------------+---------+-----+--------+-------+-----+

+ Detail: 
    * Instance: 
    N/A

    * DSP: 
    N/A

    * Memory: 
    N/A

    * FIFO: 
    N/A

    * Expression: 
    +--------------------------+----------+----+---+-----+------------+------------+
    |       Variable Name      | Operation| DSP| FF| LUT | Bitwidth P0| Bitwidth P1|
    +--------------------------+----------+----+---+-----+------------+------------+
    |i_8_fu_233_p2             |         +|   0|  0|   15|           8|           1|
    |and_ln820_fu_181_p2       |       and|   0|  0|  163|         163|         163|
    |icmp_ln45_fu_114_p2       |      icmp|   0|  0|   11|           8|           8|
    |p_Result_12_fu_187_p2     |      icmp|   0|  0|   61|         163|           1|
    |select_ln820_3_fu_217_p3  |    select|   0|  0|  332|           1|         332|
    |select_ln820_fu_225_p3    |    select|   0|  0|  332|           1|         332|
    |tmp_V_6_fu_155_p3         |    select|   0|  0|  166|           1|         166|
    |shl_ln820_fu_175_p2       |       shl|   0|  0|  567|           1|         163|
    |ap_enable_pp0             |       xor|   0|  0|    2|           1|           2|
    |ret_fu_203_p2             |       xor|   0|  0|  166|         166|         166|
    |xor_ln1544_1_fu_149_p2    |       xor|   0|  0|  166|         166|         164|
    +--------------------------+----------+----+---+-----+------------+------------+
    |Total                     |          |   0|  0| 1981|         679|        1498|
    +--------------------------+----------+----+---+-----+------------+------------+

    * Multiplexer: 
    +-------------------------+----+-----------+-----+-----------+
    |           Name          | LUT| Input Size| Bits| Total Bits|
    +-------------------------+----+-----------+-----+-----------+
    |ap_done_int              |   9|          2|    1|          2|
    |ap_enable_reg_pp0_iter1  |   9|          2|    1|          2|
    |empty_48_fu_68           |   9|          2|  332|        664|
    |empty_fu_64              |   9|          2|  332|        664|
    |i_5_fu_56                |   9|          2|    8|         16|
    |tmp_V_fu_60              |   9|          2|  165|        330|
    +-------------------------+----+-----------+-----+-----------+
    |Total                    |  54|         12|  839|       1678|
    +-------------------------+----+-----------+-----+-----------+

    * Register: 
    +-------------------------+-----+----+-----+-----------+
    |           Name          |  FF | LUT| Bits| Const Bits|
    +-------------------------+-----+----+-----+-----------+
    |ap_CS_fsm                |    1|   0|    1|          0|
    |ap_done_reg              |    1|   0|    1|          0|
    |ap_enable_reg_pp0_iter1  |    1|   0|    1|          0|
    |empty_48_fu_68           |  332|   0|  332|          0|
    |empty_fu_64              |  332|   0|  332|          0|
    |i_5_fu_56                |    8|   0|    8|          0|
    |tmp_V_fu_60              |  165|   0|  165|          0|
    +-------------------------+-----+----+-----+-----------+
    |Total                    |  840|   0|  840|          0|
    +-------------------------+-----+----+-----+-----------+



================================================================
== Interface
================================================================
* Summary: 
+--------------+-----+-----+------------+------------------------------------------+--------------+
|   RTL Ports  | Dir | Bits|  Protocol  |               Source Object              |    C Type    |
+--------------+-----+-----+------------+------------------------------------------+--------------+
|ap_clk        |   in|    1|  ap_ctrl_hs|  point_double.1_Pipeline_VITIS_LOOP_45_12|  return value|
|ap_rst        |   in|    1|  ap_ctrl_hs|  point_double.1_Pipeline_VITIS_LOOP_45_12|  return value|
|ap_start      |   in|    1|  ap_ctrl_hs|  point_double.1_Pipeline_VITIS_LOOP_45_12|  return value|
|ap_done       |  out|    1|  ap_ctrl_hs|  point_double.1_Pipeline_VITIS_LOOP_45_12|  return value|
|ap_idle       |  out|    1|  ap_ctrl_hs|  point_double.1_Pipeline_VITIS_LOOP_45_12|  return value|
|ap_ready      |  out|    1|  ap_ctrl_hs|  point_double.1_Pipeline_VITIS_LOOP_45_12|  return value|
|p_ph1         |   in|  332|     ap_none|                                     p_ph1|        scalar|
|trunc_ln6     |   in|  165|     ap_none|                                 trunc_ln6|        scalar|
|p_out         |  out|  332|      ap_vld|                                     p_out|       pointer|
|p_out_ap_vld  |  out|    1|      ap_vld|                                     p_out|       pointer|
+--------------+-----+-----+------------+------------------------------------------+--------------+

