

================================================================
== Vitis HLS Report for 'Radix2wDPM'
================================================================
* Date:           Thu Dec 26 19:55:04 2024

* Version:        2021.2 (Build 3367213 on Tue Oct 19 02:48:09 MDT 2021)
* Project:        haidiem
* Solution:       solution1 (Vivado IP Flow Target)
* Product family: zynq
* Target device:  xc7z020-clg400-1


================================================================
== Performance Estimates
================================================================
+ Timing: 
    * Summary: 
    +--------+----------+----------+------------+
    |  Clock |  Target  | Estimated| Uncertainty|
    +--------+----------+----------+------------+
    |ap_clk  |  10.00 ns|  8.539 ns|     2.70 ns|
    +--------+----------+----------+------------+

+ Latency: 
    * Summary: 
    +---------+---------+----------+----------+-----+-----+---------+
    |  Latency (cycles) |  Latency (absolute) |  Interval | Pipeline|
    |   min   |   max   |    min   |    max   | min | max |   Type  |
    +---------+---------+----------+----------+-----+-----+---------+
    |        ?|        ?|         ?|         ?|    ?|    ?|       no|
    +---------+---------+----------+----------+-----+-----+---------+

    + Detail: 
        * Instance: 
        +-------------------------------------------------+--------------------------------------+---------+---------+----------+----------+-----+-----+---------+
        |                                                 |                                      |  Latency (cycles) |  Latency (absolute) |  Interval | Pipeline|
        |                     Instance                    |                Module                |   min   |   max   |    min   |    max   | min | max |   Type  |
        +-------------------------------------------------+--------------------------------------+---------+---------+----------+----------+-----+-----+---------+
        |grp_point_add_1_fu_234                           |point_add_1                           |        ?|        ?|         ?|         ?|    ?|    ?|       no|
        |grp_point_add_1_fu_241                           |point_add_1                           |        ?|        ?|         ?|         ?|    ?|    ?|       no|
        |grp_Radix2wDPM_Pipeline_VITIS_LOOP_120_1_fu_249  |Radix2wDPM_Pipeline_VITIS_LOOP_120_1  |        ?|        ?|         ?|         ?|    ?|    ?|       no|
        |grp_point_double_1_fu_256                        |point_double_1                        |        ?|        ?|         ?|         ?|    ?|    ?|       no|
        |grp_pow_generic_double_s_fu_262                  |pow_generic_double_s                  |       34|       34|  0.340 us|  0.340 us|    1|    1|      yes|
        |grp_point_add_2_fu_273                           |point_add_2                           |        ?|        ?|         ?|         ?|    ?|    ?|       no|
        +-------------------------------------------------+--------------------------------------+---------+---------+----------+----------+-----+-----+---------+

        * Loop: 
        +--------------------+---------+---------+----------+-----------+-----------+------+----------+
        |                    |  Latency (cycles) | Iteration|  Initiation Interval  | Trip |          |
        |      Loop Name     |   min   |   max   |  Latency |  achieved |   target  | Count| Pipelined|
        +--------------------+---------+---------+----------+-----------+-----------+------+----------+
        |- VITIS_LOOP_17_1   |        ?|        ?|         ?|          -|          -|    82|        no|
        | + VITIS_LOOP_18_2  |        3|        3|         1|          -|          -|     3|        no|
        +--------------------+---------+---------+----------+-----------+-----------+------+----------+



================================================================
== Utilization Estimates
================================================================
* Summary: 
+-----------------+---------+-----+--------+-------+-----+
|       Name      | BRAM_18K| DSP |   FF   |  LUT  | URAM|
+-----------------+---------+-----+--------+-------+-----+
|DSP              |        -|    -|       -|      -|    -|
|Expression       |        -|    -|       0|   2021|    -|
|FIFO             |        -|    -|       -|      -|    -|
|Instance         |        5|   36|   43898|  92593|    -|
|Memory           |        -|    -|       -|      -|    -|
|Multiplexer      |        -|    -|       -|    511|    -|
|Register         |        -|    -|    4295|      -|    -|
+-----------------+---------+-----+--------+-------+-----+
|Total            |        5|   36|   48193|  95125|    0|
+-----------------+---------+-----+--------+-------+-----+
|Available        |      280|  220|  106400|  53200|    0|
+-----------------+---------+-----+--------+-------+-----+
|Utilization (%)  |        1|   16|      45|    178|    0|
+-----------------+---------+-----+--------+-------+-----+

+ Detail: 
    * Instance: 
    +-------------------------------------------------+--------------------------------------+---------+----+-------+-------+-----+
    |                     Instance                    |                Module                | BRAM_18K| DSP|   FF  |  LUT  | URAM|
    +-------------------------------------------------+--------------------------------------+---------+----+-------+-------+-----+
    |grp_Radix2wDPM_Pipeline_VITIS_LOOP_120_1_fu_249  |Radix2wDPM_Pipeline_VITIS_LOOP_120_1  |        0|   0|     51|    154|    0|
    |dmul_64ns_64ns_64_7_max_dsp_1_U88                |dmul_64ns_64ns_64_7_max_dsp_1         |        0|  11|    342|    586|    0|
    |grp_point_add_1_fu_234                           |point_add_1                           |        0|   0|   9814|  23847|    0|
    |grp_point_add_1_fu_241                           |point_add_1                           |        0|   0|   9814|  23847|    0|
    |grp_point_add_2_fu_273                           |point_add_2                           |        0|   0|  12163|  23981|    0|
    |grp_point_double_1_fu_256                        |point_double_1                        |        0|   0|   7076|  13747|    0|
    |grp_pow_generic_double_s_fu_262                  |pow_generic_double_s                  |        5|  25|   4638|   6431|    0|
    |sitodp_32ns_64_6_no_dsp_1_U89                    |sitodp_32ns_64_6_no_dsp_1             |        0|   0|      0|      0|    0|
    +-------------------------------------------------+--------------------------------------+---------+----+-------+-------+-----+
    |Total                                            |                                      |        5|  36|  43898|  92593|    0|
    +-------------------------------------------------+--------------------------------------+---------+----+-------+-------+-----+

    * DSP: 
    N/A

    * Memory: 
    N/A

    * FIFO: 
    N/A

    * Expression: 
    +----------------------------------+----------+----+---+-----+------------+------------+
    |           Variable Name          | Operation| DSP| FF| LUT | Bitwidth P0| Bitwidth P1|
    +----------------------------------+----------+----+---+-----+------------+------------+
    |add_ln119_fu_568_p2               |         +|   0|  0|   11|           3|           3|
    |add_ln19_fu_483_p2                |         +|   0|  0|   15|           8|           8|
    |add_ln513_fu_634_p2               |         +|   0|  0|   12|          12|          11|
    |i_33_fu_809_p2                    |         +|   0|  0|   15|           8|           2|
    |j_5_fu_477_p2                     |         +|   0|  0|   10|           2|           1|
    |result_V_2_fu_716_p2              |         -|   0|  0|   23|           1|          16|
    |sub_fu_418_p2                     |         -|   0|  0|   10|           2|           2|
    |sub_ln119_fu_558_p2               |         -|   0|  0|   10|           2|           2|
    |sub_ln1364_fu_648_p2              |         -|   0|  0|   12|          10|          11|
    |ap_block_state64_on_subcall_done  |       and|   0|  0|    2|           1|           1|
    |ap_predicate_op269_call_state64   |       and|   0|  0|    2|           1|           1|
    |cmp34_fu_424_p2                   |      icmp|   0|  0|    8|           2|           1|
    |icmp_ln18_fu_471_p2               |      icmp|   0|  0|    8|           2|           2|
    |icmp_ln24_1_fu_733_p2             |      icmp|   0|  0|   13|          16|           2|
    |icmp_ln24_fu_727_p2               |      icmp|   0|  0|   13|          16|           1|
    |icmp_ln48_fu_739_p2               |      icmp|   0|  0|   13|          16|           1|
    |r_V_fu_674_p2                     |      lshr|   0|  0|  398|         121|         121|
    |ap_block_state3_on_subcall_done   |        or|   0|  0|    2|           1|           1|
    |ap_block_state7_on_subcall_done   |        or|   0|  0|    2|           1|           1|
    |or_ln24_fu_745_p2                 |        or|   0|  0|    2|           1|           1|
    |M_x_V_1_fu_430_p3                 |    select|   0|  0|  166|           1|         166|
    |M_x_V_fu_749_p3                   |    select|   0|  0|  166|           1|         166|
    |M_y_V_1_fu_438_p3                 |    select|   0|  0|  166|           1|         166|
    |M_y_V_fu_761_p3                   |    select|   0|  0|  166|           1|         166|
    |result_V_fu_721_p3                |    select|   0|  0|   16|           1|          16|
    |ush_fu_658_p3                     |    select|   0|  0|   12|           1|          12|
    |val_fu_708_p3                     |    select|   0|  0|   16|           1|          16|
    |r_V_20_fu_680_p2                  |       shl|   0|  0|  398|         121|         121|
    |grp_fu_290_p2                     |       xor|   0|  0|  166|         166|         166|
    |ret_30_fu_819_p2                  |       xor|   0|  0|    2|           1|           1|
    |ret_fu_324_p2                     |       xor|   0|  0|  166|         166|         166|
    +----------------------------------+----------+----+---+-----+------------+------------+
    |Total                             |          |   0|  0| 2021|         687|        1351|
    +----------------------------------+----------+----+---+-----+------------+------------+

    * Multiplexer: 
    +----------------------------------+-----+-----------+-----+-----------+
    |               Name               | LUT | Input Size| Bits| Total Bits|
    +----------------------------------+-----+-----------+-----+-----------+
    |P                                 |   25|          5|  332|       1660|
    |P9_fu_146                         |   25|          5|  329|       1645|
    |ap_NS_fsm                         |  361|         75|    1|         75|
    |grp_fu_284_p0                     |   14|          3|   32|         96|
    |grp_fu_290_p0                     |   14|          3|  166|        498|
    |grp_fu_290_p1                     |   14|          3|  166|        498|
    |grp_point_add_2_fu_273_p_read12   |   20|          4|  166|        664|
    |grp_point_double_1_fu_256_P_read  |   20|          4|  329|       1316|
    |i_fu_142                          |    9|          2|    8|         16|
    |j_reg_194                         |    9|          2|    2|          4|
    +----------------------------------+-----+-----------+-----+-----------+
    |Total                             |  511|        106| 1531|       6472|
    +----------------------------------+-----+-----------+-----+-----------+

    * Register: 
    +--------------------------------------------------------------+-----+----+-----+-----------+
    |                             Name                             |  FF | LUT| Bits| Const Bits|
    +--------------------------------------------------------------+-----+----+-----+-----------+
    |M_x_V_1_reg_905                                               |  166|   0|  166|          0|
    |M_x_V_reg_991                                                 |  166|   0|  166|          0|
    |M_y_V_1_reg_910                                               |  166|   0|  166|          0|
    |M_y_V_reg_1002                                                |  166|   0|  166|          0|
    |P9_fu_146                                                     |  329|   0|  329|          0|
    |add_ln119_reg_937                                             |    3|   0|    3|          0|
    |ap_CS_fsm                                                     |   74|   0|   74|          0|
    |dc_reg_961                                                    |   64|   0|   64|          0|
    |empty_211_reg_921                                             |    7|   0|    8|          1|
    |empty_213_reg_1023                                            |  329|   0|  329|          0|
    |grp_Radix2wDPM_Pipeline_VITIS_LOOP_120_1_fu_249_ap_start_reg  |    1|   0|    1|          0|
    |grp_point_add_1_fu_234_ap_start_reg                           |    1|   0|    1|          0|
    |grp_point_add_1_fu_241_ap_start_reg                           |    1|   0|    1|          0|
    |grp_point_add_2_fu_273_ap_start_reg                           |    1|   0|    1|          0|
    |grp_point_double_1_fu_256_ap_start_reg                        |    1|   0|    1|          0|
    |grp_pow_generic_double_s_fu_262_ap_start_reg                  |    1|   0|    1|          0|
    |i_fu_142                                                      |    8|   0|    8|          0|
    |icmp_ln24_1_reg_982                                           |    1|   0|    1|          0|
    |icmp_ln24_reg_977                                             |    1|   0|    1|          0|
    |icmp_ln48_reg_987                                             |    1|   0|    1|          0|
    |j_reg_194                                                     |    2|   0|    2|          0|
    |p_Result_30_reg_966                                           |    1|   0|    1|          0|
    |p_Result_s_reg_901                                            |    1|   0|    1|          0|
    |p_Val2_21_reg_892                                             |  165|   0|  166|          1|
    |p_Val2_s_fu_150                                               |    3|   0|    3|          0|
    |reg_294                                                       |  332|   0|  332|          0|
    |reg_299                                                       |   64|   0|   64|          0|
    |reg_305                                                       |  166|   0|  166|          0|
    |ret_30_reg_1038                                               |    1|   0|    1|          0|
    |ret_reg_872                                                   |  166|   0|  166|          0|
    |storemerge154_reg_214                                         |  332|   0|  332|          0|
    |storemerge158_reg_224                                         |  332|   0|  332|          0|
    |storemerge_in_in_reg_205                                      |  332|   0|  332|          0|
    |temp_x_V_4_reg_867                                            |  166|   0|  166|          0|
    |temp_x_V_reg_882                                              |  166|   0|  166|          0|
    |temp_y_V_reg_887                                              |  166|   0|  166|          0|
    |tmp_i_reg_956                                                 |   64|   0|   64|          0|
    |tmp_reg_897                                                   |    1|   0|    1|          0|
    |trunc_ln24_1_reg_1008                                         |    1|   0|    1|          0|
    |trunc_ln24_reg_997                                            |    1|   0|    1|          0|
    |trunc_ln46_reg_942                                            |  329|   0|  329|          0|
    |val_reg_971                                                   |   16|   0|   16|          0|
    |zext_ln1544_reg_1048                                          |    1|   0|  166|        165|
    +--------------------------------------------------------------+-----+----+-----+-----------+
    |Total                                                         | 4295|   0| 4462|        167|
    +--------------------------------------------------------------+-----+----+-----+-----------+



================================================================
== Interface
================================================================
* Summary: 
+-------------------+-----+-----+------------+--------------+--------------+
|     RTL Ports     | Dir | Bits|  Protocol  | Source Object|    C Type    |
+-------------------+-----+-----+------------+--------------+--------------+
|ap_local_block     |  out|    1|  ap_ctrl_hs|    Radix2wDPM|  return value|
|ap_local_deadlock  |  out|    1|  ap_ctrl_hs|    Radix2wDPM|  return value|
|ap_clk             |   in|    1|  ap_ctrl_hs|    Radix2wDPM|  return value|
|ap_rst             |   in|    1|  ap_ctrl_hs|    Radix2wDPM|  return value|
|ap_start           |   in|    1|  ap_ctrl_hs|    Radix2wDPM|  return value|
|ap_done            |  out|    1|  ap_ctrl_hs|    Radix2wDPM|  return value|
|ap_idle            |  out|    1|  ap_ctrl_hs|    Radix2wDPM|  return value|
|ap_ready           |  out|    1|  ap_ctrl_hs|    Radix2wDPM|  return value|
|k1                 |   in|  166|     ap_none|            k1|       pointer|
|k2                 |   in|  166|     ap_none|            k2|       pointer|
|R                  |   in|  332|     ap_none|             R|       pointer|
|S                  |   in|  332|     ap_none|             S|       pointer|
|P                  |  out|  332|      ap_vld|             P|       pointer|
|P_ap_vld           |  out|    1|      ap_vld|             P|       pointer|
+-------------------+-----+-----+------------+--------------+--------------+

