

================================================================
== Vitis HLS Report for 'point_add'
================================================================
* Date:           Thu Dec 26 18:43:11 2024

* Version:        2021.2 (Build 3367213 on Tue Oct 19 02:48:09 MDT 2021)
* Project:        HardwareAcceleratedECC-PointMultiplication
* Solution:       solution1 (Vivado IP Flow Target)
* Product family: zynq
* Target device:  xc7z020-clg400-1


================================================================
== Performance Estimates
================================================================
+ Timing: 
    * Summary: 
    +--------+----------+----------+------------+
    |  Clock |  Target  | Estimated| Uncertainty|
    +--------+----------+----------+------------+
    |ap_clk  |  10.00 ns|  7.041 ns|     2.70 ns|
    +--------+----------+----------+------------+

+ Latency: 
    * Summary: 
    +---------+---------+----------+----------+-----+-----+---------+
    |  Latency (cycles) |  Latency (absolute) |  Interval | Pipeline|
    |   min   |   max   |    min   |    max   | min | max |   Type  |
    +---------+---------+----------+----------+-----+-----+---------+
    |        ?|        ?|         ?|         ?|    ?|    ?|       no|
    +---------+---------+----------+----------+-----+-----+---------+

    + Detail: 
        * Instance: 
        +------------------------------------------------+-------------------------------------+---------+---------+----------+----------+-----+-------+---------+
        |                                                |                                     |  Latency (cycles) |  Latency (absolute) |   Interval  | Pipeline|
        |                    Instance                    |                Module               |   min   |   max   |    min   |    max   | min |  max  |   Type  |
        +------------------------------------------------+-------------------------------------+---------+---------+----------+----------+-----+-------+---------+
        |grp_point_add_Pipeline_VITIS_LOOP_33_13_fu_114  |point_add_Pipeline_VITIS_LOOP_33_13  |      168|      168|  1.680 us|  1.680 us|  168|    168|       no|
        |grp_point_add_Pipeline_VITIS_LOOP_33_14_fu_123  |point_add_Pipeline_VITIS_LOOP_33_14  |      168|      168|  1.680 us|  1.680 us|  168|    168|       no|
        |grp_bf_inv_fu_132                               |bf_inv                               |        ?|        ?|         ?|         ?|    ?|      ?|       no|
        |grp_bf_mult_1_fu_137                            |bf_mult_1                            |      650|    55406|  6.500 us|  0.554 ms|  650|  55406|       no|
        |grp_bf_mult_2_fu_144                            |bf_mult_2                            |      650|    55406|  6.500 us|  0.554 ms|  650|  55406|       no|
        |grp_bf_add_1_fu_150                             |bf_add_1                             |      168|      168|  1.680 us|  1.680 us|  168|    168|       no|
        |grp_bf_mult_fu_160                              |bf_mult                              |      650|    55406|  6.500 us|  0.554 ms|  650|  55406|       no|
        |grp_point_add_Pipeline_VITIS_LOOP_33_1_fu_168   |point_add_Pipeline_VITIS_LOOP_33_1   |      168|      168|  1.680 us|  1.680 us|  168|    168|       no|
        |grp_point_add_Pipeline_VITIS_LOOP_33_11_fu_176  |point_add_Pipeline_VITIS_LOOP_33_11  |      168|      168|  1.680 us|  1.680 us|  168|    168|       no|
        |grp_point_add_Pipeline_VITIS_LOOP_33_12_fu_184  |point_add_Pipeline_VITIS_LOOP_33_12  |      168|      168|  1.680 us|  1.680 us|  168|    168|       no|
        +------------------------------------------------+-------------------------------------+---------+---------+----------+----------+-----+-------+---------+

        * Loop: 
        N/A

============================================================
+ Verbose Summary: Synthesis Manager
============================================================
InlineROM: 1
ExposeGlobal: 0
============================================================
+ Verbose Summary: CDFG Model
============================================================
IsTopModel: 0
ResetActiveHigh: 1
IsCombinational: 0
IsDatapathOnly: 0
HasWiredReturn: 1
HasMFsm: 0
HasVarLatency: 1
IsPipeline: 0
IsRtlPipelined: 0
IsInstanceOverlapped: 0
IsDontTouch: 0
HasImplIP: 0
IsGatedGlobalClock: 0


============================================================
+ Verbose Summary: Schedule
============================================================
* Number of FSM states : 22
* Pipeline : 0
* Dataflow Pipeline: 0

* FSM state transitions: 
1 --> 12 2 13 
2 --> 3 
3 --> 4 
4 --> 5 
5 --> 6 
6 --> 7 
7 --> 8 
8 --> 9 
9 --> 10 
10 --> 11 
11 --> 12 
12 --> 
13 --> 12 14 
14 --> 15 
15 --> 16 
16 --> 17 
17 --> 18 
18 --> 19 
19 --> 20 
20 --> 21 
21 --> 22 
22 --> 12 

* FSM state operations: 

State 1 <SV = 0> <Delay = 6.74>
ST_1 : Operation 23 [1/1] (0.00ns)   --->   "%y2_V_read11 = read i166 @_ssdm_op_Read.ap_auto.i166, i166 %y2_V_read"   --->   Operation 23 'read' 'y2_V_read11' <Predicate = true> <Delay = 0.00>
ST_1 : Operation 24 [1/1] (0.00ns)   --->   "%x2_V_read_3 = read i166 @_ssdm_op_Read.ap_auto.i166, i166 %x2_V_read"   --->   Operation 24 'read' 'x2_V_read_3' <Predicate = true> <Delay = 0.00>
ST_1 : Operation 25 [1/1] (0.00ns)   --->   "%y1_V_read_2 = read i166 @_ssdm_op_Read.ap_auto.i166, i166 %y1_V_read"   --->   Operation 25 'read' 'y1_V_read_2' <Predicate = true> <Delay = 0.00>
ST_1 : Operation 26 [1/1] (0.00ns)   --->   "%x1_V_read_2 = read i166 @_ssdm_op_Read.ap_auto.i166, i166 %x1_V_read"   --->   Operation 26 'read' 'x1_V_read_2' <Predicate = true> <Delay = 0.00>
ST_1 : Operation 27 [1/1] (0.00ns)   --->   "%p_Val2_4_loc = alloca i64 1"   --->   Operation 27 'alloca' 'p_Val2_4_loc' <Predicate = true> <Delay = 0.00>
ST_1 : Operation 28 [1/1] (0.00ns)   --->   "%a_V_3_loc = alloca i64 1"   --->   Operation 28 'alloca' 'a_V_3_loc' <Predicate = true> <Delay = 0.00>
ST_1 : Operation 29 [1/1] (0.00ns)   --->   "%p_Val2_3_loc = alloca i64 1"   --->   Operation 29 'alloca' 'p_Val2_3_loc' <Predicate = true> <Delay = 0.00>
ST_1 : Operation 30 [1/1] (0.00ns)   --->   "%p_Val2_1_loc = alloca i64 1"   --->   Operation 30 'alloca' 'p_Val2_1_loc' <Predicate = true> <Delay = 0.00>
ST_1 : Operation 31 [1/1] (0.00ns)   --->   "%p_Val2_loc = alloca i64 1"   --->   Operation 31 'alloca' 'p_Val2_loc' <Predicate = true> <Delay = 0.00>
ST_1 : Operation 32 [1/1] (0.00ns)   --->   "%trunc_ln109 = trunc i166 %y2_V_read11" [gf2_arithmetic.cpp:109]   --->   Operation 32 'trunc' 'trunc_ln109' <Predicate = true> <Delay = 0.00>
ST_1 : Operation 33 [1/1] (3.82ns)   --->   "%icmp_ln1068 = icmp_eq  i166 %x2_V_read_3, i166 0"   --->   Operation 33 'icmp' 'icmp_ln1068' <Predicate = true> <Delay = 3.82> <CoreInst = "Cmp">   --->   Core 9 'Cmp' <Latency = 0> <II = 1> <Delay = 3.82> <FuncUnit> <Opcode : 'icmp'> <InPorts = 2> <OutPorts = 1>
ST_1 : Operation 34 [1/1] (3.82ns)   --->   "%icmp_ln1068_1 = icmp_eq  i166 %y2_V_read11, i166 0"   --->   Operation 34 'icmp' 'icmp_ln1068_1' <Predicate = true> <Delay = 3.82> <CoreInst = "Cmp">   --->   Core 9 'Cmp' <Latency = 0> <II = 1> <Delay = 3.82> <FuncUnit> <Opcode : 'icmp'> <InPorts = 2> <OutPorts = 1>
ST_1 : Operation 35 [1/1] (0.97ns)   --->   "%or_ln110 = or i1 %icmp_ln1068, i1 %icmp_ln1068_1" [gf2_arithmetic.cpp:110]   --->   Operation 35 'or' 'or_ln110' <Predicate = true> <Delay = 0.97> <CoreInst = "LogicGate">   --->   Core 74 'LogicGate' <Latency = 0> <II = 1> <Delay = 1.03> <FuncUnit> <Opcode : 'and' 'or' 'xor'> <InPorts = 2> <OutPorts = 1>
ST_1 : Operation 36 [1/1] (1.94ns)   --->   "%br_ln110 = br i1 %or_ln110, void, void %._crit_edge" [gf2_arithmetic.cpp:110]   --->   Operation 36 'br' 'br_ln110' <Predicate = true> <Delay = 1.94>
ST_1 : Operation 37 [1/1] (0.00ns) (grouped into LUT with out node icmp_ln111)   --->   "%or_ln111 = or i166 %y1_V_read_2, i166 %x1_V_read_2" [gf2_arithmetic.cpp:111]   --->   Operation 37 'or' 'or_ln111' <Predicate = (!or_ln110)> <Delay = 0.00> <CoreInst = "LogicGate">   --->   Core 74 'LogicGate' <Latency = 0> <II = 1> <Delay = 1.03> <FuncUnit> <Opcode : 'and' 'or' 'xor'> <InPorts = 2> <OutPorts = 1>
ST_1 : Operation 38 [1/1] (3.82ns) (out node of the LUT)   --->   "%icmp_ln111 = icmp_eq  i166 %or_ln111, i166 0" [gf2_arithmetic.cpp:111]   --->   Operation 38 'icmp' 'icmp_ln111' <Predicate = (!or_ln110)> <Delay = 3.82> <CoreInst = "Cmp">   --->   Core 9 'Cmp' <Latency = 0> <II = 1> <Delay = 3.82> <FuncUnit> <Opcode : 'icmp'> <InPorts = 2> <OutPorts = 1>
ST_1 : Operation 39 [1/1] (1.94ns)   --->   "%br_ln111 = br i1 %icmp_ln111, void, void %._crit_edge" [gf2_arithmetic.cpp:111]   --->   Operation 39 'br' 'br_ln111' <Predicate = (!or_ln110)> <Delay = 1.94>
ST_1 : Operation 40 [1/1] (3.82ns)   --->   "%icmp_ln1064 = icmp_eq  i166 %x1_V_read_2, i166 %x2_V_read_3"   --->   Operation 40 'icmp' 'icmp_ln1064' <Predicate = (!or_ln110 & !icmp_ln111)> <Delay = 3.82> <CoreInst = "Cmp">   --->   Core 9 'Cmp' <Latency = 0> <II = 1> <Delay = 3.82> <FuncUnit> <Opcode : 'icmp'> <InPorts = 2> <OutPorts = 1>
ST_1 : Operation 41 [1/1] (0.00ns)   --->   "%br_ln117 = br i1 %icmp_ln1064, void %.preheader.preheader, void" [gf2_arithmetic.cpp:117]   --->   Operation 41 'br' 'br_ln117' <Predicate = (!or_ln110 & !icmp_ln111)> <Delay = 0.00>
ST_1 : Operation 42 [2/2] (0.97ns)   --->   "%call_ln0 = call void @point_add_Pipeline_VITIS_LOOP_33_13, i166 %x1_V_read_2, i166 %x2_V_read_3, i166 %a_V_3_loc"   --->   Operation 42 'call' 'call_ln0' <Predicate = (!or_ln110 & !icmp_ln111 & !icmp_ln1064)> <Delay = 0.97> <CoreType = "Generic">   --->   Core 0 '' <Latency = 0> <II = 1> <Delay = 1.00> <Generic> <Opcode : >
ST_1 : Operation 43 [2/2] (0.97ns)   --->   "%call_ln0 = call void @point_add_Pipeline_VITIS_LOOP_33_14, i166 %y1_V_read_2, i166 %y2_V_read11, i163 %p_Val2_4_loc"   --->   Operation 43 'call' 'call_ln0' <Predicate = (!or_ln110 & !icmp_ln111 & !icmp_ln1064)> <Delay = 0.97> <CoreType = "Generic">   --->   Core 0 '' <Latency = 0> <II = 1> <Delay = 1.00> <Generic> <Opcode : >
ST_1 : Operation 44 [1/1] (3.82ns)   --->   "%icmp_ln118 = icmp_ne  i166 %y1_V_read_2, i166 %y2_V_read11" [gf2_arithmetic.cpp:118]   --->   Operation 44 'icmp' 'icmp_ln118' <Predicate = (!or_ln110 & !icmp_ln111 & icmp_ln1064)> <Delay = 3.82> <CoreInst = "Cmp">   --->   Core 9 'Cmp' <Latency = 0> <II = 1> <Delay = 3.82> <FuncUnit> <Opcode : 'icmp'> <InPorts = 2> <OutPorts = 1>

State 2 <SV = 1> <Delay = 3.13>
ST_2 : Operation 45 [1/2] (3.13ns)   --->   "%call_ln0 = call void @point_add_Pipeline_VITIS_LOOP_33_13, i166 %x1_V_read_2, i166 %x2_V_read_3, i166 %a_V_3_loc"   --->   Operation 45 'call' 'call_ln0' <Predicate = true> <Delay = 3.13> <CoreType = "Generic">   --->   Core 0 '' <Latency = 0> <II = 1> <Delay = 1.00> <Generic> <Opcode : >
ST_2 : Operation 46 [1/2] (3.13ns)   --->   "%call_ln0 = call void @point_add_Pipeline_VITIS_LOOP_33_14, i166 %y1_V_read_2, i166 %y2_V_read11, i163 %p_Val2_4_loc"   --->   Operation 46 'call' 'call_ln0' <Predicate = true> <Delay = 3.13> <CoreType = "Generic">   --->   Core 0 '' <Latency = 0> <II = 1> <Delay = 1.00> <Generic> <Opcode : >

State 3 <SV = 2> <Delay = 1.58>
ST_3 : Operation 47 [1/1] (0.00ns)   --->   "%a_V_3_loc_load = load i166 %a_V_3_loc"   --->   Operation 47 'load' 'a_V_3_loc_load' <Predicate = true> <Delay = 0.00>
ST_3 : Operation 48 [2/2] (1.58ns)   --->   "%c_V = call i166 @bf_inv, i166 %a_V_3_loc_load" [gf2_arithmetic.cpp:129]   --->   Operation 48 'call' 'c_V' <Predicate = true> <Delay = 1.58> <CoreType = "Generic">   --->   Core 0 '' <Latency = 0> <II = 1> <Delay = 1.00> <Generic> <Opcode : >

State 4 <SV = 3> <Delay = 4.57>
ST_4 : Operation 49 [1/1] (0.00ns)   --->   "%p_Val2_4_loc_load = load i163 %p_Val2_4_loc"   --->   Operation 49 'load' 'p_Val2_4_loc_load' <Predicate = true> <Delay = 0.00>
ST_4 : Operation 50 [1/2] (0.00ns)   --->   "%c_V = call i166 @bf_inv, i166 %a_V_3_loc_load" [gf2_arithmetic.cpp:129]   --->   Operation 50 'call' 'c_V' <Predicate = true> <Delay = 0.00> <CoreType = "Generic">   --->   Core 0 '' <Latency = 0> <II = 1> <Delay = 1.00> <Generic> <Opcode : >
ST_4 : Operation 51 [2/2] (4.57ns)   --->   "%c_V_1 = call i166 @bf_mult.1, i166 %c_V, i163 %p_Val2_4_loc_load" [gf2_arithmetic.cpp:130]   --->   Operation 51 'call' 'c_V_1' <Predicate = true> <Delay = 4.57> <CoreType = "Generic">   --->   Core 0 '' <Latency = 0> <II = 1> <Delay = 1.00> <Generic> <Opcode : >

State 5 <SV = 4> <Delay = 4.57>
ST_5 : Operation 52 [1/2] (0.00ns)   --->   "%c_V_1 = call i166 @bf_mult.1, i166 %c_V, i163 %p_Val2_4_loc_load" [gf2_arithmetic.cpp:130]   --->   Operation 52 'call' 'c_V_1' <Predicate = true> <Delay = 0.00> <CoreType = "Generic">   --->   Core 0 '' <Latency = 0> <II = 1> <Delay = 1.00> <Generic> <Opcode : >
ST_5 : Operation 53 [1/1] (0.00ns)   --->   "%trunc_ln130 = trunc i166 %c_V_1" [gf2_arithmetic.cpp:130]   --->   Operation 53 'trunc' 'trunc_ln130' <Predicate = true> <Delay = 0.00>
ST_5 : Operation 54 [2/2] (4.57ns)   --->   "%d_V = call i166 @bf_mult.2, i166 %c_V_1" [gf2_arithmetic.cpp:132]   --->   Operation 54 'call' 'd_V' <Predicate = true> <Delay = 4.57> <CoreType = "Generic">   --->   Core 0 '' <Latency = 0> <II = 1> <Delay = 1.00> <Generic> <Opcode : >

State 6 <SV = 5> <Delay = 4.70>
ST_6 : Operation 55 [1/2] (0.00ns)   --->   "%d_V = call i166 @bf_mult.2, i166 %c_V_1" [gf2_arithmetic.cpp:132]   --->   Operation 55 'call' 'd_V' <Predicate = true> <Delay = 0.00> <CoreType = "Generic">   --->   Core 0 '' <Latency = 0> <II = 1> <Delay = 1.00> <Generic> <Opcode : >
ST_6 : Operation 56 [2/2] (4.70ns)   --->   "%d_V_1 = call i166 @bf_add.1, i166 %d_V, i166 %c_V_1" [gf2_arithmetic.cpp:133]   --->   Operation 56 'call' 'd_V_1' <Predicate = true> <Delay = 4.70> <CoreType = "Generic">   --->   Core 0 '' <Latency = 0> <II = 1> <Delay = 1.00> <Generic> <Opcode : >

State 7 <SV = 6> <Delay = 4.70>
ST_7 : Operation 57 [1/2] (0.00ns)   --->   "%d_V_1 = call i166 @bf_add.1, i166 %d_V, i166 %c_V_1" [gf2_arithmetic.cpp:133]   --->   Operation 57 'call' 'd_V_1' <Predicate = true> <Delay = 0.00> <CoreType = "Generic">   --->   Core 0 '' <Latency = 0> <II = 1> <Delay = 1.00> <Generic> <Opcode : >
ST_7 : Operation 58 [2/2] (4.70ns)   --->   "%d_V_2 = call i166 @bf_add.1, i166 %d_V_1, i166 %a_V_3_loc_load" [gf2_arithmetic.cpp:134]   --->   Operation 58 'call' 'd_V_2' <Predicate = true> <Delay = 4.70> <CoreType = "Generic">   --->   Core 0 '' <Latency = 0> <II = 1> <Delay = 1.00> <Generic> <Opcode : >

State 8 <SV = 7> <Delay = 5.73>
ST_8 : Operation 59 [1/2] (0.00ns)   --->   "%d_V_2 = call i166 @bf_add.1, i166 %d_V_1, i166 %a_V_3_loc_load" [gf2_arithmetic.cpp:134]   --->   Operation 59 'call' 'd_V_2' <Predicate = true> <Delay = 0.00> <CoreType = "Generic">   --->   Core 0 '' <Latency = 0> <II = 1> <Delay = 1.00> <Generic> <Opcode : >
ST_8 : Operation 60 [1/1] (1.03ns)   --->   "%d_V_3 = xor i166 %d_V_2, i166 1"   --->   Operation 60 'xor' 'd_V_3' <Predicate = true> <Delay = 1.03> <CoreInst = "LogicGate">   --->   Core 74 'LogicGate' <Latency = 0> <II = 1> <Delay = 1.03> <FuncUnit> <Opcode : 'and' 'or' 'xor'> <InPorts = 2> <OutPorts = 1>
ST_8 : Operation 61 [2/2] (4.70ns)   --->   "%call_ret = call i166 @bf_add.1, i166 %x1_V_read_2, i166 %d_V_3" [gf2_arithmetic.cpp:137]   --->   Operation 61 'call' 'call_ret' <Predicate = true> <Delay = 4.70> <CoreType = "Generic">   --->   Core 0 '' <Latency = 0> <II = 1> <Delay = 1.00> <Generic> <Opcode : >

State 9 <SV = 8> <Delay = 2.86>
ST_9 : Operation 62 [1/2] (0.00ns)   --->   "%call_ret = call i166 @bf_add.1, i166 %x1_V_read_2, i166 %d_V_3" [gf2_arithmetic.cpp:137]   --->   Operation 62 'call' 'call_ret' <Predicate = true> <Delay = 0.00> <CoreType = "Generic">   --->   Core 0 '' <Latency = 0> <II = 1> <Delay = 1.00> <Generic> <Opcode : >
ST_9 : Operation 63 [2/2] (2.86ns)   --->   "%a_V = call i166 @bf_mult, i166 %call_ret, i163 %trunc_ln130" [gf2_arithmetic.cpp:138]   --->   Operation 63 'call' 'a_V' <Predicate = true> <Delay = 2.86> <CoreType = "Generic">   --->   Core 0 '' <Latency = 0> <II = 1> <Delay = 1.00> <Generic> <Opcode : >

State 10 <SV = 9> <Delay = 4.70>
ST_10 : Operation 64 [1/2] (0.00ns)   --->   "%a_V = call i166 @bf_mult, i166 %call_ret, i163 %trunc_ln130" [gf2_arithmetic.cpp:138]   --->   Operation 64 'call' 'a_V' <Predicate = true> <Delay = 0.00> <CoreType = "Generic">   --->   Core 0 '' <Latency = 0> <II = 1> <Delay = 1.00> <Generic> <Opcode : >
ST_10 : Operation 65 [2/2] (4.70ns)   --->   "%a_V_1 = call i166 @bf_add.1, i166 %a_V, i166 %d_V_3" [gf2_arithmetic.cpp:139]   --->   Operation 65 'call' 'a_V_1' <Predicate = true> <Delay = 4.70> <CoreType = "Generic">   --->   Core 0 '' <Latency = 0> <II = 1> <Delay = 1.00> <Generic> <Opcode : >

State 11 <SV = 10> <Delay = 4.70>
ST_11 : Operation 66 [1/2] (0.00ns)   --->   "%a_V_1 = call i166 @bf_add.1, i166 %a_V, i166 %d_V_3" [gf2_arithmetic.cpp:139]   --->   Operation 66 'call' 'a_V_1' <Predicate = true> <Delay = 0.00> <CoreType = "Generic">   --->   Core 0 '' <Latency = 0> <II = 1> <Delay = 1.00> <Generic> <Opcode : >
ST_11 : Operation 67 [2/2] (4.70ns)   --->   "%call_ret1 = call i166 @bf_add.1, i166 %y1_V_read_2, i166 %a_V_1" [gf2_arithmetic.cpp:140]   --->   Operation 67 'call' 'call_ret1' <Predicate = true> <Delay = 4.70> <CoreType = "Generic">   --->   Core 0 '' <Latency = 0> <II = 1> <Delay = 1.00> <Generic> <Opcode : >

State 12 <SV = 11> <Delay = 1.94>
ST_12 : Operation 68 [1/2] (0.00ns)   --->   "%call_ret1 = call i166 @bf_add.1, i166 %y1_V_read_2, i166 %a_V_1" [gf2_arithmetic.cpp:140]   --->   Operation 68 'call' 'call_ret1' <Predicate = (!or_ln110 & !icmp_ln111 & !icmp_ln1064)> <Delay = 0.00> <CoreType = "Generic">   --->   Core 0 '' <Latency = 0> <II = 1> <Delay = 1.00> <Generic> <Opcode : >
ST_12 : Operation 69 [1/1] (1.94ns)   --->   "%br_ln0 = br void %._crit_edge"   --->   Operation 69 'br' 'br_ln0' <Predicate = (!or_ln110 & !icmp_ln111 & !icmp_ln1064)> <Delay = 1.94>
ST_12 : Operation 70 [1/1] (0.00ns)   --->   "%p_Val2_3_loc_load = load i166 %p_Val2_3_loc"   --->   Operation 70 'load' 'p_Val2_3_loc_load' <Predicate = (!or_ln110 & !icmp_ln111 & icmp_ln1064 & !icmp_ln118)> <Delay = 0.00>
ST_12 : Operation 71 [1/1] (1.94ns)   --->   "%br_ln0 = br void %._crit_edge"   --->   Operation 71 'br' 'br_ln0' <Predicate = (!or_ln110 & !icmp_ln111 & icmp_ln1064 & !icmp_ln118)> <Delay = 1.94>
ST_12 : Operation 72 [1/1] (0.00ns)   --->   "%x1_3 = phi i166 %d_V_3, void %.preheader.preheader, i166 %p_Val2_1_loc_load, void %codeRepl, i166 %x1_V_read_2, void, i166 %x2_V_read_3, void, i166 %select_ln118, void"   --->   Operation 72 'phi' 'x1_3' <Predicate = true> <Delay = 0.00>
ST_12 : Operation 73 [1/1] (0.00ns)   --->   "%y1_2 = phi i166 %call_ret1, void %.preheader.preheader, i166 %p_Val2_3_loc_load, void %codeRepl, i166 %y1_V_read_2, void, i166 %y2_V_read11, void, i166 0, void" [gf2_arithmetic.cpp:140]   --->   Operation 73 'phi' 'y1_2' <Predicate = true> <Delay = 0.00>
ST_12 : Operation 74 [1/1] (0.00ns)   --->   "%mrv = insertvalue i332 <undef>, i166 %x1_3" [gf2_arithmetic.cpp:145]   --->   Operation 74 'insertvalue' 'mrv' <Predicate = true> <Delay = 0.00>
ST_12 : Operation 75 [1/1] (0.00ns)   --->   "%mrv_1 = insertvalue i332 %mrv, i166 %y1_2" [gf2_arithmetic.cpp:145]   --->   Operation 75 'insertvalue' 'mrv_1' <Predicate = true> <Delay = 0.00>
ST_12 : Operation 76 [1/1] (0.00ns)   --->   "%ret_ln145 = ret i332 %mrv_1" [gf2_arithmetic.cpp:145]   --->   Operation 76 'ret' 'ret_ln145' <Predicate = true> <Delay = 0.00>

State 13 <SV = 1> <Delay = 4.57>
ST_13 : Operation 77 [1/1] (1.27ns)   --->   "%select_ln118 = select i1 %icmp_ln118, i166 0, i166 %x2_V_read_3" [gf2_arithmetic.cpp:118]   --->   Operation 77 'select' 'select_ln118' <Predicate = true> <Delay = 1.27> <CoreInst = "Sel">   --->   Core 73 'Sel' <Latency = 0> <II = 1> <Delay = 1.27> <FuncUnit> <Opcode : 'select'> <InPorts = 3> <OutPorts = 1>
ST_13 : Operation 78 [1/1] (1.94ns)   --->   "%br_ln118 = br i1 %icmp_ln118, void %codeRepl, void %._crit_edge" [gf2_arithmetic.cpp:118]   --->   Operation 78 'br' 'br_ln118' <Predicate = true> <Delay = 1.94>
ST_13 : Operation 79 [2/2] (1.58ns)   --->   "%lambda_V = call i166 @bf_inv, i166 %x2_V_read_3" [gf2_arithmetic.cpp:96]   --->   Operation 79 'call' 'lambda_V' <Predicate = (!icmp_ln118)> <Delay = 1.58> <CoreType = "Generic">   --->   Core 0 '' <Latency = 0> <II = 1> <Delay = 1.00> <Generic> <Opcode : >
ST_13 : Operation 80 [2/2] (4.57ns)   --->   "%call_ret3 = call i166 @bf_mult.2, i166 %x2_V_read_3" [gf2_arithmetic.cpp:100]   --->   Operation 80 'call' 'call_ret3' <Predicate = (!icmp_ln118)> <Delay = 4.57> <CoreType = "Generic">   --->   Core 0 '' <Latency = 0> <II = 1> <Delay = 1.00> <Generic> <Opcode : >

State 14 <SV = 2> <Delay = 4.57>
ST_14 : Operation 81 [1/2] (0.00ns)   --->   "%lambda_V = call i166 @bf_inv, i166 %x2_V_read_3" [gf2_arithmetic.cpp:96]   --->   Operation 81 'call' 'lambda_V' <Predicate = true> <Delay = 0.00> <CoreType = "Generic">   --->   Core 0 '' <Latency = 0> <II = 1> <Delay = 1.00> <Generic> <Opcode : >
ST_14 : Operation 82 [2/2] (4.57ns)   --->   "%lambda_V_1 = call i166 @bf_mult.1, i166 %lambda_V, i163 %trunc_ln109" [gf2_arithmetic.cpp:97]   --->   Operation 82 'call' 'lambda_V_1' <Predicate = true> <Delay = 4.57> <CoreType = "Generic">   --->   Core 0 '' <Latency = 0> <II = 1> <Delay = 1.00> <Generic> <Opcode : >
ST_14 : Operation 83 [1/2] (0.00ns)   --->   "%call_ret3 = call i166 @bf_mult.2, i166 %x2_V_read_3" [gf2_arithmetic.cpp:100]   --->   Operation 83 'call' 'call_ret3' <Predicate = true> <Delay = 0.00> <CoreType = "Generic">   --->   Core 0 '' <Latency = 0> <II = 1> <Delay = 1.00> <Generic> <Opcode : >

State 15 <SV = 3> <Delay = 1.58>
ST_15 : Operation 84 [1/2] (0.00ns)   --->   "%lambda_V_1 = call i166 @bf_mult.1, i166 %lambda_V, i163 %trunc_ln109" [gf2_arithmetic.cpp:97]   --->   Operation 84 'call' 'lambda_V_1' <Predicate = true> <Delay = 0.00> <CoreType = "Generic">   --->   Core 0 '' <Latency = 0> <II = 1> <Delay = 1.00> <Generic> <Opcode : >
ST_15 : Operation 85 [2/2] (1.58ns)   --->   "%call_ln97 = call void @point_add_Pipeline_VITIS_LOOP_33_1, i166 %lambda_V_1, i166 %x2_V_read_3, i166 %p_Val2_loc" [gf2_arithmetic.cpp:97]   --->   Operation 85 'call' 'call_ln97' <Predicate = true> <Delay = 1.58> <CoreType = "Generic">   --->   Core 0 '' <Latency = 0> <II = 1> <Delay = 1.00> <Generic> <Opcode : >

State 16 <SV = 4> <Delay = 1.55>
ST_16 : Operation 86 [1/2] (1.55ns)   --->   "%call_ln97 = call void @point_add_Pipeline_VITIS_LOOP_33_1, i166 %lambda_V_1, i166 %x2_V_read_3, i166 %p_Val2_loc" [gf2_arithmetic.cpp:97]   --->   Operation 86 'call' 'call_ln97' <Predicate = true> <Delay = 1.55> <CoreType = "Generic">   --->   Core 0 '' <Latency = 0> <II = 1> <Delay = 1.00> <Generic> <Opcode : >

State 17 <SV = 5> <Delay = 4.57>
ST_17 : Operation 87 [1/1] (0.00ns)   --->   "%p_Val2_loc_load = load i166 %p_Val2_loc"   --->   Operation 87 'load' 'p_Val2_loc_load' <Predicate = true> <Delay = 0.00>
ST_17 : Operation 88 [2/2] (4.57ns)   --->   "%call_ret4 = call i166 @bf_mult.2, i166 %p_Val2_loc_load" [gf2_arithmetic.cpp:101]   --->   Operation 88 'call' 'call_ret4' <Predicate = true> <Delay = 4.57> <CoreType = "Generic">   --->   Core 0 '' <Latency = 0> <II = 1> <Delay = 1.00> <Generic> <Opcode : >

State 18 <SV = 6> <Delay = 2.62>
ST_18 : Operation 89 [1/2] (0.00ns)   --->   "%call_ret4 = call i166 @bf_mult.2, i166 %p_Val2_loc_load" [gf2_arithmetic.cpp:101]   --->   Operation 89 'call' 'call_ret4' <Predicate = true> <Delay = 0.00> <CoreType = "Generic">   --->   Core 0 '' <Latency = 0> <II = 1> <Delay = 1.00> <Generic> <Opcode : >
ST_18 : Operation 90 [1/1] (1.03ns)   --->   "%lambda_V_2 = xor i166 %p_Val2_loc_load, i166 1"   --->   Operation 90 'xor' 'lambda_V_2' <Predicate = true> <Delay = 1.03> <CoreInst = "LogicGate">   --->   Core 74 'LogicGate' <Latency = 0> <II = 1> <Delay = 1.03> <FuncUnit> <Opcode : 'and' 'or' 'xor'> <InPorts = 2> <OutPorts = 1>
ST_18 : Operation 91 [2/2] (1.58ns)   --->   "%call_ln101 = call void @point_add_Pipeline_VITIS_LOOP_33_11, i166 %call_ret4, i166 %lambda_V_2, i166 %p_Val2_1_loc" [gf2_arithmetic.cpp:101]   --->   Operation 91 'call' 'call_ln101' <Predicate = true> <Delay = 1.58> <CoreType = "Generic">   --->   Core 0 '' <Latency = 0> <II = 1> <Delay = 1.00> <Generic> <Opcode : >

State 19 <SV = 7> <Delay = 1.55>
ST_19 : Operation 92 [1/2] (1.55ns)   --->   "%call_ln101 = call void @point_add_Pipeline_VITIS_LOOP_33_11, i166 %call_ret4, i166 %lambda_V_2, i166 %p_Val2_1_loc" [gf2_arithmetic.cpp:101]   --->   Operation 92 'call' 'call_ln101' <Predicate = true> <Delay = 1.55> <CoreType = "Generic">   --->   Core 0 '' <Latency = 0> <II = 1> <Delay = 1.00> <Generic> <Opcode : >

State 20 <SV = 8> <Delay = 4.57>
ST_20 : Operation 93 [1/1] (0.00ns)   --->   "%p_Val2_1_loc_load = load i166 %p_Val2_1_loc"   --->   Operation 93 'load' 'p_Val2_1_loc_load' <Predicate = true> <Delay = 0.00>
ST_20 : Operation 94 [1/1] (0.00ns)   --->   "%empty = trunc i166 %p_Val2_1_loc_load"   --->   Operation 94 'trunc' 'empty' <Predicate = true> <Delay = 0.00>
ST_20 : Operation 95 [2/2] (4.57ns)   --->   "%lambda_V_3 = call i166 @bf_mult.1, i166 %lambda_V_2, i163 %empty" [gf2_arithmetic.cpp:104]   --->   Operation 95 'call' 'lambda_V_3' <Predicate = true> <Delay = 4.57> <CoreType = "Generic">   --->   Core 0 '' <Latency = 0> <II = 1> <Delay = 1.00> <Generic> <Opcode : >

State 21 <SV = 9> <Delay = 1.58>
ST_21 : Operation 96 [1/2] (0.00ns)   --->   "%lambda_V_3 = call i166 @bf_mult.1, i166 %lambda_V_2, i163 %empty" [gf2_arithmetic.cpp:104]   --->   Operation 96 'call' 'lambda_V_3' <Predicate = true> <Delay = 0.00> <CoreType = "Generic">   --->   Core 0 '' <Latency = 0> <II = 1> <Delay = 1.00> <Generic> <Opcode : >
ST_21 : Operation 97 [2/2] (1.58ns)   --->   "%call_ln100 = call void @point_add_Pipeline_VITIS_LOOP_33_12, i166 %call_ret3, i166 %lambda_V_3, i166 %p_Val2_3_loc" [gf2_arithmetic.cpp:100]   --->   Operation 97 'call' 'call_ln100' <Predicate = true> <Delay = 1.58> <CoreType = "Generic">   --->   Core 0 '' <Latency = 0> <II = 1> <Delay = 1.00> <Generic> <Opcode : >

State 22 <SV = 10> <Delay = 1.55>
ST_22 : Operation 98 [1/2] (1.55ns)   --->   "%call_ln100 = call void @point_add_Pipeline_VITIS_LOOP_33_12, i166 %call_ret3, i166 %lambda_V_3, i166 %p_Val2_3_loc" [gf2_arithmetic.cpp:100]   --->   Operation 98 'call' 'call_ln100' <Predicate = true> <Delay = 1.55> <CoreType = "Generic">   --->   Core 0 '' <Latency = 0> <II = 1> <Delay = 1.00> <Generic> <Opcode : >


============================================================
+ Verbose Summary: Binding
============================================================
STG Binding: 
---------------- STG Properties BEGIN ----------------
- Is combinational: 0
- Is one-state seq: 0
- Is datapath-only: 0
- Is pipelined: 0
- Is top level: 0
Port [ Return ] is wired: 1; IO mode=ap_ctrl_hs:ce=0
Port [ x1_V_read]:  wired=1; compound=0; hidden=0; nouse=0; global=0; static=0; extern=0; dir=0; type=0; pingpong=0; private_global=0; IO mode=ap_none:ce=0
Port [ y1_V_read]:  wired=1; compound=0; hidden=0; nouse=0; global=0; static=0; extern=0; dir=0; type=0; pingpong=0; private_global=0; IO mode=ap_none:ce=0
Port [ x2_V_read]:  wired=1; compound=0; hidden=0; nouse=0; global=0; static=0; extern=0; dir=0; type=0; pingpong=0; private_global=0; IO mode=ap_none:ce=0
Port [ y2_V_read]:  wired=1; compound=0; hidden=0; nouse=0; global=0; static=0; extern=0; dir=0; type=0; pingpong=0; private_global=0; IO mode=ap_none:ce=0
---------------- STG Properties END ------------------

---------------- Datapath Model BEGIN ----------------

<LifeTime>
<method=bitvector/>
y2_V_read11       (read       ) [ 01111111111111111111111]
x2_V_read_3       (read       ) [ 01111111111111111111111]
y1_V_read_2       (read       ) [ 01111111111111111111111]
x1_V_read_2       (read       ) [ 01111111111111111111111]
p_Val2_4_loc      (alloca     ) [ 01111000000000000000000]
a_V_3_loc         (alloca     ) [ 01110000000000000000000]
p_Val2_3_loc      (alloca     ) [ 00111111111111111111111]
p_Val2_1_loc      (alloca     ) [ 00000000000001111111100]
p_Val2_loc        (alloca     ) [ 00000000000001111100000]
trunc_ln109       (trunc      ) [ 00000000000001110000000]
icmp_ln1068       (icmp       ) [ 00000000000000000000000]
icmp_ln1068_1     (icmp       ) [ 00000000000000000000000]
or_ln110          (or         ) [ 01111111111111111111111]
br_ln110          (br         ) [ 01111111111111111111111]
or_ln111          (or         ) [ 00000000000000000000000]
icmp_ln111        (icmp       ) [ 01111111111111111111111]
br_ln111          (br         ) [ 01111111111111111111111]
icmp_ln1064       (icmp       ) [ 01111111111111111111111]
br_ln117          (br         ) [ 00000000000000000000000]
icmp_ln118        (icmp       ) [ 00111111111111111111111]
call_ln0          (call       ) [ 00000000000000000000000]
call_ln0          (call       ) [ 00000000000000000000000]
a_V_3_loc_load    (load       ) [ 00001111100000000000000]
p_Val2_4_loc_load (load       ) [ 00000100000000000000000]
c_V               (call       ) [ 00000100000000000000000]
c_V_1             (call       ) [ 00000011000000000000000]
trunc_ln130       (trunc      ) [ 00000011111000000000000]
d_V               (call       ) [ 00000001000000000000000]
d_V_1             (call       ) [ 00000000100000000000000]
d_V_2             (call       ) [ 00000000000000000000000]
d_V_3             (xor        ) [ 01000000011111000000000]
call_ret          (call       ) [ 00000000001000000000000]
a_V               (call       ) [ 00000000000100000000000]
a_V_1             (call       ) [ 00000000000010000000000]
call_ret1         (call       ) [ 00000000000000000000000]
br_ln0            (br         ) [ 00000000000000000000000]
p_Val2_3_loc_load (load       ) [ 00000000000000000000000]
br_ln0            (br         ) [ 00000000000000000000000]
x1_3              (phi        ) [ 00000000000010000000000]
y1_2              (phi        ) [ 00000000000010000000000]
mrv               (insertvalue) [ 00000000000000000000000]
mrv_1             (insertvalue) [ 00000000000000000000000]
ret_ln145         (ret        ) [ 00000000000000000000000]
select_ln118      (select     ) [ 01000000000011111111111]
br_ln118          (br         ) [ 01000000000011111111111]
lambda_V          (call       ) [ 00000000000000010000000]
call_ret3         (call       ) [ 00000000000000011111111]
lambda_V_1        (call       ) [ 00000000000000001000000]
call_ln97         (call       ) [ 00000000000000000000000]
p_Val2_loc_load   (load       ) [ 00000000000000000010000]
call_ret4         (call       ) [ 00000000000000000001000]
lambda_V_2        (xor        ) [ 00000000000000000001110]
call_ln101        (call       ) [ 00000000000000000000000]
p_Val2_1_loc_load (load       ) [ 01000000000011000000011]
empty             (trunc      ) [ 00000000000000000000010]
lambda_V_3        (call       ) [ 00000000000000000000001]
call_ln100        (call       ) [ 00000000000000000000000]
</LifeTime>

<model>

<comp_list>
<comp id="0" class="1000" name="x1_V_read">
<pin_list>
<pin id="1" dir="1" index="0" bw="1" slack="0"/>
</pin_list>
<bind>
<StgValue><ssdm name="x1_V_read"/></StgValue>
</bind>
</comp>

<comp id="2" class="1000" name="y1_V_read">
<pin_list>
<pin id="3" dir="1" index="0" bw="1" slack="0"/>
</pin_list>
<bind>
<StgValue><ssdm name="y1_V_read"/></StgValue>
</bind>
</comp>

<comp id="4" class="1000" name="x2_V_read">
<pin_list>
<pin id="5" dir="1" index="0" bw="1" slack="0"/>
</pin_list>
<bind>
<StgValue><ssdm name="x2_V_read"/></StgValue>
</bind>
</comp>

<comp id="6" class="1000" name="y2_V_read">
<pin_list>
<pin id="7" dir="1" index="0" bw="1" slack="0"/>
</pin_list>
<bind>
<StgValue><ssdm name="y2_V_read"/></StgValue>
</bind>
</comp>

<comp id="8" class="1001" name="const_8">
<pin_list>
<pin id="9" dir="1" index="0" bw="1" slack="0"/>
</pin_list>
<bind>
<StgValue><ssdm name="_ssdm_op_Read.ap_auto.i166"/></StgValue>
</bind>
</comp>

<comp id="10" class="1001" name="const_10">
<pin_list>
<pin id="11" dir="1" index="0" bw="1" slack="0"/>
</pin_list>
<bind>
<StgValue><ssdm name=""/></StgValue>
</bind>
</comp>

<comp id="12" class="1001" name="const_12">
<pin_list>
<pin id="13" dir="1" index="0" bw="1" slack="0"/>
</pin_list>
<bind>
<StgValue><ssdm name=""/></StgValue>
</bind>
</comp>

<comp id="14" class="1001" name="const_14">
<pin_list>
<pin id="15" dir="1" index="0" bw="1" slack="0"/>
</pin_list>
<bind>
<StgValue><ssdm name="point_add_Pipeline_VITIS_LOOP_33_13"/></StgValue>
</bind>
</comp>

<comp id="16" class="1001" name="const_16">
<pin_list>
<pin id="17" dir="1" index="0" bw="1" slack="0"/>
</pin_list>
<bind>
<StgValue><ssdm name="point_add_Pipeline_VITIS_LOOP_33_14"/></StgValue>
</bind>
</comp>

<comp id="18" class="1001" name="const_18">
<pin_list>
<pin id="19" dir="1" index="0" bw="1" slack="0"/>
</pin_list>
<bind>
<StgValue><ssdm name="bf_inv"/></StgValue>
</bind>
</comp>

<comp id="20" class="1001" name="const_20">
<pin_list>
<pin id="21" dir="1" index="0" bw="1" slack="0"/>
</pin_list>
<bind>
<StgValue><ssdm name="bf_mult.1"/></StgValue>
</bind>
</comp>

<comp id="22" class="1001" name="const_22">
<pin_list>
<pin id="23" dir="1" index="0" bw="1" slack="0"/>
</pin_list>
<bind>
<StgValue><ssdm name="bf_mult.2"/></StgValue>
</bind>
</comp>

<comp id="24" class="1001" name="const_24">
<pin_list>
<pin id="25" dir="1" index="0" bw="1" slack="0"/>
</pin_list>
<bind>
<StgValue><ssdm name="bf_add.1"/></StgValue>
</bind>
</comp>

<comp id="26" class="1001" name="const_26">
<pin_list>
<pin id="27" dir="1" index="0" bw="1" slack="0"/>
</pin_list>
<bind>
<StgValue><ssdm name=""/></StgValue>
</bind>
</comp>

<comp id="28" class="1001" name="const_28">
<pin_list>
<pin id="29" dir="1" index="0" bw="1" slack="0"/>
</pin_list>
<bind>
<StgValue><ssdm name="bf_mult"/></StgValue>
</bind>
</comp>

<comp id="30" class="1001" name="const_30">
<pin_list>
<pin id="31" dir="1" index="0" bw="1" slack="0"/>
</pin_list>
<bind>
<StgValue><ssdm name=""/></StgValue>
</bind>
</comp>

<comp id="32" class="1001" name="const_32">
<pin_list>
<pin id="33" dir="1" index="0" bw="1" slack="0"/>
</pin_list>
<bind>
<StgValue><ssdm name="point_add_Pipeline_VITIS_LOOP_33_1"/></StgValue>
</bind>
</comp>

<comp id="34" class="1001" name="const_34">
<pin_list>
<pin id="35" dir="1" index="0" bw="1" slack="0"/>
</pin_list>
<bind>
<StgValue><ssdm name="point_add_Pipeline_VITIS_LOOP_33_11"/></StgValue>
</bind>
</comp>

<comp id="36" class="1001" name="const_36">
<pin_list>
<pin id="37" dir="1" index="0" bw="1" slack="0"/>
</pin_list>
<bind>
<StgValue><ssdm name="point_add_Pipeline_VITIS_LOOP_33_12"/></StgValue>
</bind>
</comp>

<comp id="38" class="1004" name="p_Val2_4_loc_fu_38">
<pin_list>
<pin id="39" dir="0" index="0" bw="1" slack="0"/>
<pin id="40" dir="1" index="1" bw="163" slack="0"/>
</pin_list>
<bind>
<opcode="alloca(26) " fcode="alloca"/>
<opset="p_Val2_4_loc/1 "/>
</bind>
</comp>

<comp id="42" class="1004" name="a_V_3_loc_fu_42">
<pin_list>
<pin id="43" dir="0" index="0" bw="1" slack="0"/>
<pin id="44" dir="1" index="1" bw="166" slack="0"/>
</pin_list>
<bind>
<opcode="alloca(26) " fcode="alloca"/>
<opset="a_V_3_loc/1 "/>
</bind>
</comp>

<comp id="46" class="1004" name="p_Val2_3_loc_fu_46">
<pin_list>
<pin id="47" dir="0" index="0" bw="1" slack="0"/>
<pin id="48" dir="1" index="1" bw="166" slack="9"/>
</pin_list>
<bind>
<opcode="alloca(26) " fcode="alloca"/>
<opset="p_Val2_3_loc/1 "/>
</bind>
</comp>

<comp id="50" class="1004" name="p_Val2_1_loc_fu_50">
<pin_list>
<pin id="51" dir="0" index="0" bw="1" slack="0"/>
<pin id="52" dir="1" index="1" bw="166" slack="6"/>
</pin_list>
<bind>
<opcode="alloca(26) " fcode="alloca"/>
<opset="p_Val2_1_loc/1 "/>
</bind>
</comp>

<comp id="54" class="1004" name="p_Val2_loc_fu_54">
<pin_list>
<pin id="55" dir="0" index="0" bw="1" slack="0"/>
<pin id="56" dir="1" index="1" bw="166" slack="3"/>
</pin_list>
<bind>
<opcode="alloca(26) " fcode="alloca"/>
<opset="p_Val2_loc/1 "/>
</bind>
</comp>

<comp id="58" class="1004" name="y2_V_read11_read_fu_58">
<pin_list>
<pin id="59" dir="0" index="0" bw="166" slack="0"/>
<pin id="60" dir="0" index="1" bw="166" slack="0"/>
<pin id="61" dir="1" index="2" bw="166" slack="0"/>
</pin_list>
<bind>
<opcode="read(1150) " fcode="read"/>
<opset="y2_V_read11/1 "/>
</bind>
</comp>

<comp id="64" class="1004" name="x2_V_read_3_read_fu_64">
<pin_list>
<pin id="65" dir="0" index="0" bw="166" slack="0"/>
<pin id="66" dir="0" index="1" bw="166" slack="0"/>
<pin id="67" dir="1" index="2" bw="166" slack="0"/>
</pin_list>
<bind>
<opcode="read(1150) " fcode="read"/>
<opset="x2_V_read_3/1 "/>
</bind>
</comp>

<comp id="70" class="1004" name="y1_V_read_2_read_fu_70">
<pin_list>
<pin id="71" dir="0" index="0" bw="166" slack="0"/>
<pin id="72" dir="0" index="1" bw="166" slack="0"/>
<pin id="73" dir="1" index="2" bw="166" slack="0"/>
</pin_list>
<bind>
<opcode="read(1150) " fcode="read"/>
<opset="y1_V_read_2/1 "/>
</bind>
</comp>

<comp id="76" class="1004" name="x1_V_read_2_read_fu_76">
<pin_list>
<pin id="77" dir="0" index="0" bw="166" slack="0"/>
<pin id="78" dir="0" index="1" bw="166" slack="0"/>
<pin id="79" dir="1" index="2" bw="166" slack="0"/>
</pin_list>
<bind>
<opcode="read(1150) " fcode="read"/>
<opset="x1_V_read_2/1 "/>
</bind>
</comp>

<comp id="82" class="1005" name="x1_3_reg_82">
<pin_list>
<pin id="83" dir="0" index="0" bw="166" slack="2147483647"/>
<pin id="84" dir="1" index="1" bw="166" slack="2147483647"/>
</pin_list>
<bind>
<opset="x1_3 (phireg) "/>
</bind>
</comp>

<comp id="85" class="1004" name="x1_3_phi_fu_85">
<pin_list>
<pin id="86" dir="0" index="0" bw="166" slack="4"/>
<pin id="87" dir="0" index="1" bw="0" slack="2147483647"/>
<pin id="88" dir="0" index="2" bw="166" slack="2147483647"/>
<pin id="89" dir="0" index="3" bw="0" slack="2147483647"/>
<pin id="90" dir="0" index="4" bw="166" slack="11"/>
<pin id="91" dir="0" index="5" bw="0" slack="2147483647"/>
<pin id="92" dir="0" index="6" bw="166" slack="11"/>
<pin id="93" dir="0" index="7" bw="0" slack="2147483647"/>
<pin id="94" dir="0" index="8" bw="166" slack="10"/>
<pin id="95" dir="0" index="9" bw="0" slack="2147483647"/>
<pin id="96" dir="1" index="10" bw="166" slack="0"/>
</pin_list>
<bind>
<opcode="phi(47) " fcode="phi"/>
<opset="x1_3/12 "/>
</bind>
</comp>

<comp id="97" class="1005" name="y1_2_reg_97">
<pin_list>
<pin id="98" dir="0" index="0" bw="166" slack="10"/>
<pin id="99" dir="1" index="1" bw="166" slack="10"/>
</pin_list>
<bind>
<opset="y1_2 (phireg) "/>
</bind>
</comp>

<comp id="101" class="1004" name="y1_2_phi_fu_101">
<pin_list>
<pin id="102" dir="0" index="0" bw="166" slack="0"/>
<pin id="103" dir="0" index="1" bw="0" slack="2147483647"/>
<pin id="104" dir="0" index="2" bw="166" slack="0"/>
<pin id="105" dir="0" index="3" bw="0" slack="2147483647"/>
<pin id="106" dir="0" index="4" bw="166" slack="11"/>
<pin id="107" dir="0" index="5" bw="0" slack="2147483647"/>
<pin id="108" dir="0" index="6" bw="166" slack="11"/>
<pin id="109" dir="0" index="7" bw="0" slack="2147483647"/>
<pin id="110" dir="0" index="8" bw="1" slack="10"/>
<pin id="111" dir="0" index="9" bw="0" slack="2147483647"/>
<pin id="112" dir="1" index="10" bw="166" slack="0"/>
</pin_list>
<bind>
<opcode="phi(47) " fcode="phi"/>
<opset="y1_2/12 "/>
</bind>
</comp>

<comp id="114" class="1004" name="grp_point_add_Pipeline_VITIS_LOOP_33_13_fu_114">
<pin_list>
<pin id="115" dir="0" index="0" bw="0" slack="0"/>
<pin id="116" dir="0" index="1" bw="166" slack="0"/>
<pin id="117" dir="0" index="2" bw="166" slack="0"/>
<pin id="118" dir="0" index="3" bw="166" slack="0"/>
<pin id="119" dir="1" index="4" bw="0" slack="2147483647"/>
</pin_list>
<bind>
<opcode="call(48) " fcode="call"/>
<opset="call_ln0/1 "/>
</bind>
</comp>

<comp id="123" class="1004" name="grp_point_add_Pipeline_VITIS_LOOP_33_14_fu_123">
<pin_list>
<pin id="124" dir="0" index="0" bw="0" slack="0"/>
<pin id="125" dir="0" index="1" bw="166" slack="0"/>
<pin id="126" dir="0" index="2" bw="166" slack="0"/>
<pin id="127" dir="0" index="3" bw="163" slack="0"/>
<pin id="128" dir="1" index="4" bw="0" slack="2147483647"/>
</pin_list>
<bind>
<opcode="call(48) " fcode="call"/>
<opset="call_ln0/1 "/>
</bind>
</comp>

<comp id="132" class="1004" name="grp_bf_inv_fu_132">
<pin_list>
<pin id="133" dir="0" index="0" bw="166" slack="0"/>
<pin id="134" dir="0" index="1" bw="166" slack="0"/>
<pin id="135" dir="1" index="2" bw="166" slack="0"/>
</pin_list>
<bind>
<opcode="call(48) " fcode="call"/>
<opset="c_V/3 lambda_V/13 "/>
</bind>
</comp>

<comp id="137" class="1004" name="grp_bf_mult_1_fu_137">
<pin_list>
<pin id="138" dir="0" index="0" bw="166" slack="0"/>
<pin id="139" dir="0" index="1" bw="166" slack="0"/>
<pin id="140" dir="0" index="2" bw="163" slack="0"/>
<pin id="141" dir="1" index="3" bw="166" slack="0"/>
</pin_list>
<bind>
<opcode="call(48) " fcode="call"/>
<opset="c_V_1/4 lambda_V_1/14 lambda_V_3/20 "/>
</bind>
</comp>

<comp id="144" class="1004" name="grp_bf_mult_2_fu_144">
<pin_list>
<pin id="145" dir="0" index="0" bw="166" slack="0"/>
<pin id="146" dir="0" index="1" bw="166" slack="0"/>
<pin id="147" dir="1" index="2" bw="166" slack="0"/>
</pin_list>
<bind>
<opcode="call(48) " fcode="call"/>
<opset="d_V/5 call_ret3/13 call_ret4/17 "/>
</bind>
</comp>

<comp id="150" class="1004" name="grp_bf_add_1_fu_150">
<pin_list>
<pin id="151" dir="0" index="0" bw="166" slack="0"/>
<pin id="152" dir="0" index="1" bw="166" slack="0"/>
<pin id="153" dir="0" index="2" bw="166" slack="0"/>
<pin id="154" dir="1" index="3" bw="166" slack="0"/>
</pin_list>
<bind>
<opcode="call(48) " fcode="call"/>
<opset="d_V_1/6 d_V_2/7 call_ret/8 a_V_1/10 call_ret1/11 "/>
</bind>
</comp>

<comp id="160" class="1004" name="grp_bf_mult_fu_160">
<pin_list>
<pin id="161" dir="0" index="0" bw="166" slack="0"/>
<pin id="162" dir="0" index="1" bw="166" slack="0"/>
<pin id="163" dir="0" index="2" bw="163" slack="4"/>
<pin id="164" dir="1" index="3" bw="166" slack="0"/>
</pin_list>
<bind>
<opcode="call(48) " fcode="call"/>
<opset="a_V/9 "/>
</bind>
</comp>

<comp id="168" class="1004" name="grp_point_add_Pipeline_VITIS_LOOP_33_1_fu_168">
<pin_list>
<pin id="169" dir="0" index="0" bw="0" slack="0"/>
<pin id="170" dir="0" index="1" bw="166" slack="0"/>
<pin id="171" dir="0" index="2" bw="166" slack="3"/>
<pin id="172" dir="0" index="3" bw="166" slack="3"/>
<pin id="173" dir="1" index="4" bw="0" slack="2147483647"/>
</pin_list>
<bind>
<opcode="call(48) " fcode="call"/>
<opset="call_ln97/15 "/>
</bind>
</comp>

<comp id="176" class="1004" name="grp_point_add_Pipeline_VITIS_LOOP_33_11_fu_176">
<pin_list>
<pin id="177" dir="0" index="0" bw="0" slack="0"/>
<pin id="178" dir="0" index="1" bw="166" slack="0"/>
<pin id="179" dir="0" index="2" bw="166" slack="0"/>
<pin id="180" dir="0" index="3" bw="166" slack="6"/>
<pin id="181" dir="1" index="4" bw="0" slack="2147483647"/>
</pin_list>
<bind>
<opcode="call(48) " fcode="call"/>
<opset="call_ln101/18 "/>
</bind>
</comp>

<comp id="184" class="1004" name="grp_point_add_Pipeline_VITIS_LOOP_33_12_fu_184">
<pin_list>
<pin id="185" dir="0" index="0" bw="0" slack="0"/>
<pin id="186" dir="0" index="1" bw="166" slack="7"/>
<pin id="187" dir="0" index="2" bw="166" slack="0"/>
<pin id="188" dir="0" index="3" bw="166" slack="9"/>
<pin id="189" dir="1" index="4" bw="0" slack="2147483647"/>
</pin_list>
<bind>
<opcode="call(48) " fcode="call"/>
<opset="call_ln100/21 "/>
</bind>
</comp>

<comp id="192" class="1005" name="reg_192">
<pin_list>
<pin id="193" dir="0" index="0" bw="166" slack="1"/>
<pin id="194" dir="1" index="1" bw="166" slack="1"/>
</pin_list>
<bind>
<opset="c_V lambda_V "/>
</bind>
</comp>

<comp id="197" class="1005" name="reg_197">
<pin_list>
<pin id="198" dir="0" index="0" bw="166" slack="1"/>
<pin id="199" dir="1" index="1" bw="166" slack="1"/>
</pin_list>
<bind>
<opset="c_V_1 lambda_V_1 lambda_V_3 "/>
</bind>
</comp>

<comp id="205" class="1005" name="reg_205">
<pin_list>
<pin id="206" dir="0" index="0" bw="166" slack="1"/>
<pin id="207" dir="1" index="1" bw="166" slack="1"/>
</pin_list>
<bind>
<opset="d_V call_ret3 "/>
</bind>
</comp>

<comp id="211" class="1005" name="reg_211">
<pin_list>
<pin id="212" dir="0" index="0" bw="166" slack="1"/>
<pin id="213" dir="1" index="1" bw="166" slack="1"/>
</pin_list>
<bind>
<opset="d_V_1 call_ret a_V_1 "/>
</bind>
</comp>

<comp id="218" class="1004" name="trunc_ln109_fu_218">
<pin_list>
<pin id="219" dir="0" index="0" bw="166" slack="0"/>
<pin id="220" dir="1" index="1" bw="163" slack="2"/>
</pin_list>
<bind>
<opcode="trunc(33) " fcode="trunc"/>
<opset="trunc_ln109/1 "/>
</bind>
</comp>

<comp id="222" class="1004" name="icmp_ln1068_fu_222">
<pin_list>
<pin id="223" dir="0" index="0" bw="166" slack="0"/>
<pin id="224" dir="0" index="1" bw="1" slack="0"/>
<pin id="225" dir="1" index="2" bw="1" slack="0"/>
</pin_list>
<bind>
<opcode="icmp(45) " fcode="icmp"/>
<opset="icmp_ln1068/1 "/>
</bind>
</comp>

<comp id="228" class="1004" name="icmp_ln1068_1_fu_228">
<pin_list>
<pin id="229" dir="0" index="0" bw="166" slack="0"/>
<pin id="230" dir="0" index="1" bw="1" slack="0"/>
<pin id="231" dir="1" index="2" bw="1" slack="0"/>
</pin_list>
<bind>
<opcode="icmp(45) " fcode="icmp"/>
<opset="icmp_ln1068_1/1 "/>
</bind>
</comp>

<comp id="234" class="1004" name="or_ln110_fu_234">
<pin_list>
<pin id="235" dir="0" index="0" bw="1" slack="0"/>
<pin id="236" dir="0" index="1" bw="1" slack="0"/>
<pin id="237" dir="1" index="2" bw="1" slack="11"/>
</pin_list>
<bind>
<opcode="or(24) " fcode="or"/>
<opset="or_ln110/1 "/>
</bind>
</comp>

<comp id="240" class="1004" name="or_ln111_fu_240">
<pin_list>
<pin id="241" dir="0" index="0" bw="166" slack="0"/>
<pin id="242" dir="0" index="1" bw="166" slack="0"/>
<pin id="243" dir="1" index="2" bw="166" slack="0"/>
</pin_list>
<bind>
<opcode="or(24) " fcode="or"/>
<opset="or_ln111/1 "/>
</bind>
</comp>

<comp id="246" class="1004" name="icmp_ln111_fu_246">
<pin_list>
<pin id="247" dir="0" index="0" bw="166" slack="0"/>
<pin id="248" dir="0" index="1" bw="1" slack="0"/>
<pin id="249" dir="1" index="2" bw="1" slack="11"/>
</pin_list>
<bind>
<opcode="icmp(45) " fcode="icmp"/>
<opset="icmp_ln111/1 "/>
</bind>
</comp>

<comp id="252" class="1004" name="icmp_ln1064_fu_252">
<pin_list>
<pin id="253" dir="0" index="0" bw="166" slack="0"/>
<pin id="254" dir="0" index="1" bw="166" slack="0"/>
<pin id="255" dir="1" index="2" bw="1" slack="11"/>
</pin_list>
<bind>
<opcode="icmp(45) " fcode="icmp"/>
<opset="icmp_ln1064/1 "/>
</bind>
</comp>

<comp id="258" class="1004" name="icmp_ln118_fu_258">
<pin_list>
<pin id="259" dir="0" index="0" bw="166" slack="0"/>
<pin id="260" dir="0" index="1" bw="166" slack="0"/>
<pin id="261" dir="1" index="2" bw="1" slack="1"/>
</pin_list>
<bind>
<opcode="icmp(45) " fcode="icmp"/>
<opset="icmp_ln118/1 "/>
</bind>
</comp>

<comp id="264" class="1004" name="a_V_3_loc_load_load_fu_264">
<pin_list>
<pin id="265" dir="0" index="0" bw="166" slack="2"/>
<pin id="266" dir="1" index="1" bw="166" slack="0"/>
</pin_list>
<bind>
<opcode="load(27) " fcode="load"/>
<opset="a_V_3_loc_load/3 "/>
</bind>
</comp>

<comp id="268" class="1004" name="p_Val2_4_loc_load_load_fu_268">
<pin_list>
<pin id="269" dir="0" index="0" bw="163" slack="3"/>
<pin id="270" dir="1" index="1" bw="163" slack="0"/>
</pin_list>
<bind>
<opcode="load(27) " fcode="load"/>
<opset="p_Val2_4_loc_load/4 "/>
</bind>
</comp>

<comp id="272" class="1004" name="trunc_ln130_fu_272">
<pin_list>
<pin id="273" dir="0" index="0" bw="166" slack="0"/>
<pin id="274" dir="1" index="1" bw="163" slack="4"/>
</pin_list>
<bind>
<opcode="trunc(33) " fcode="trunc"/>
<opset="trunc_ln130/5 "/>
</bind>
</comp>

<comp id="276" class="1004" name="d_V_3_fu_276">
<pin_list>
<pin id="277" dir="0" index="0" bw="166" slack="0"/>
<pin id="278" dir="0" index="1" bw="1" slack="0"/>
<pin id="279" dir="1" index="2" bw="166" slack="0"/>
</pin_list>
<bind>
<opcode="xor(25) " fcode="xor"/>
<opset="d_V_3/8 "/>
</bind>
</comp>

<comp id="283" class="1004" name="p_Val2_3_loc_load_load_fu_283">
<pin_list>
<pin id="284" dir="0" index="0" bw="166" slack="11"/>
<pin id="285" dir="1" index="1" bw="166" slack="0"/>
</pin_list>
<bind>
<opcode="load(27) " fcode="load"/>
<opset="p_Val2_3_loc_load/12 "/>
</bind>
</comp>

<comp id="287" class="1004" name="mrv_fu_287">
<pin_list>
<pin id="288" dir="0" index="0" bw="332" slack="0"/>
<pin id="289" dir="0" index="1" bw="166" slack="0"/>
<pin id="290" dir="1" index="2" bw="332" slack="0"/>
</pin_list>
<bind>
<opcode="insertvalue(57) " fcode="insertvalue"/>
<opset="mrv/12 "/>
</bind>
</comp>

<comp id="293" class="1004" name="mrv_1_fu_293">
<pin_list>
<pin id="294" dir="0" index="0" bw="332" slack="0"/>
<pin id="295" dir="0" index="1" bw="166" slack="0"/>
<pin id="296" dir="1" index="2" bw="332" slack="2147483647"/>
</pin_list>
<bind>
<opcode="insertvalue(57) " fcode="insertvalue"/>
<opset="mrv_1/12 "/>
</bind>
</comp>

<comp id="299" class="1004" name="select_ln118_fu_299">
<pin_list>
<pin id="300" dir="0" index="0" bw="1" slack="1"/>
<pin id="301" dir="0" index="1" bw="1" slack="0"/>
<pin id="302" dir="0" index="2" bw="166" slack="1"/>
<pin id="303" dir="1" index="3" bw="166" slack="10"/>
</pin_list>
<bind>
<opcode="select(49) " fcode="select"/>
<opset="select_ln118/13 "/>
</bind>
</comp>

<comp id="305" class="1004" name="p_Val2_loc_load_load_fu_305">
<pin_list>
<pin id="306" dir="0" index="0" bw="166" slack="5"/>
<pin id="307" dir="1" index="1" bw="166" slack="0"/>
</pin_list>
<bind>
<opcode="load(27) " fcode="load"/>
<opset="p_Val2_loc_load/17 "/>
</bind>
</comp>

<comp id="309" class="1004" name="lambda_V_2_fu_309">
<pin_list>
<pin id="310" dir="0" index="0" bw="166" slack="2147483647"/>
<pin id="311" dir="0" index="1" bw="1" slack="0"/>
<pin id="312" dir="1" index="2" bw="166" slack="0"/>
</pin_list>
<bind>
<opcode="xor(25) " fcode="xor"/>
<opset="lambda_V_2/18 "/>
</bind>
</comp>

<comp id="315" class="1004" name="p_Val2_1_loc_load_load_fu_315">
<pin_list>
<pin id="316" dir="0" index="0" bw="166" slack="8"/>
<pin id="317" dir="1" index="1" bw="166" slack="0"/>
</pin_list>
<bind>
<opcode="load(27) " fcode="load"/>
<opset="p_Val2_1_loc_load/20 "/>
</bind>
</comp>

<comp id="318" class="1004" name="empty_fu_318">
<pin_list>
<pin id="319" dir="0" index="0" bw="166" slack="0"/>
<pin id="320" dir="1" index="1" bw="163" slack="0"/>
</pin_list>
<bind>
<opcode="trunc(33) " fcode="trunc"/>
<opset="empty/20 "/>
</bind>
</comp>

<comp id="323" class="1005" name="y2_V_read11_reg_323">
<pin_list>
<pin id="324" dir="0" index="0" bw="166" slack="1"/>
<pin id="325" dir="1" index="1" bw="166" slack="1"/>
</pin_list>
<bind>
<opset="y2_V_read11 "/>
</bind>
</comp>

<comp id="329" class="1005" name="x2_V_read_3_reg_329">
<pin_list>
<pin id="330" dir="0" index="0" bw="166" slack="1"/>
<pin id="331" dir="1" index="1" bw="166" slack="1"/>
</pin_list>
<bind>
<opset="x2_V_read_3 "/>
</bind>
</comp>

<comp id="339" class="1005" name="y1_V_read_2_reg_339">
<pin_list>
<pin id="340" dir="0" index="0" bw="166" slack="1"/>
<pin id="341" dir="1" index="1" bw="166" slack="1"/>
</pin_list>
<bind>
<opset="y1_V_read_2 "/>
</bind>
</comp>

<comp id="346" class="1005" name="x1_V_read_2_reg_346">
<pin_list>
<pin id="347" dir="0" index="0" bw="166" slack="1"/>
<pin id="348" dir="1" index="1" bw="166" slack="1"/>
</pin_list>
<bind>
<opset="x1_V_read_2 "/>
</bind>
</comp>

<comp id="353" class="1005" name="p_Val2_4_loc_reg_353">
<pin_list>
<pin id="354" dir="0" index="0" bw="163" slack="0"/>
<pin id="355" dir="1" index="1" bw="163" slack="0"/>
</pin_list>
<bind>
<opset="p_Val2_4_loc "/>
</bind>
</comp>

<comp id="359" class="1005" name="a_V_3_loc_reg_359">
<pin_list>
<pin id="360" dir="0" index="0" bw="166" slack="0"/>
<pin id="361" dir="1" index="1" bw="166" slack="0"/>
</pin_list>
<bind>
<opset="a_V_3_loc "/>
</bind>
</comp>

<comp id="365" class="1005" name="p_Val2_3_loc_reg_365">
<pin_list>
<pin id="366" dir="0" index="0" bw="166" slack="9"/>
<pin id="367" dir="1" index="1" bw="166" slack="9"/>
</pin_list>
<bind>
<opset="p_Val2_3_loc "/>
</bind>
</comp>

<comp id="371" class="1005" name="p_Val2_1_loc_reg_371">
<pin_list>
<pin id="372" dir="0" index="0" bw="166" slack="6"/>
<pin id="373" dir="1" index="1" bw="166" slack="6"/>
</pin_list>
<bind>
<opset="p_Val2_1_loc "/>
</bind>
</comp>

<comp id="377" class="1005" name="p_Val2_loc_reg_377">
<pin_list>
<pin id="378" dir="0" index="0" bw="166" slack="3"/>
<pin id="379" dir="1" index="1" bw="166" slack="3"/>
</pin_list>
<bind>
<opset="p_Val2_loc "/>
</bind>
</comp>

<comp id="383" class="1005" name="trunc_ln109_reg_383">
<pin_list>
<pin id="384" dir="0" index="0" bw="163" slack="2"/>
<pin id="385" dir="1" index="1" bw="163" slack="2"/>
</pin_list>
<bind>
<opset="trunc_ln109 "/>
</bind>
</comp>

<comp id="388" class="1005" name="or_ln110_reg_388">
<pin_list>
<pin id="389" dir="0" index="0" bw="1" slack="11"/>
<pin id="390" dir="1" index="1" bw="1" slack="2147483647"/>
</pin_list>
<bind>
<opset="or_ln110 "/>
</bind>
</comp>

<comp id="392" class="1005" name="icmp_ln111_reg_392">
<pin_list>
<pin id="393" dir="0" index="0" bw="1" slack="11"/>
<pin id="394" dir="1" index="1" bw="1" slack="2147483647"/>
</pin_list>
<bind>
<opset="icmp_ln111 "/>
</bind>
</comp>

<comp id="396" class="1005" name="icmp_ln1064_reg_396">
<pin_list>
<pin id="397" dir="0" index="0" bw="1" slack="11"/>
<pin id="398" dir="1" index="1" bw="1" slack="2147483647"/>
</pin_list>
<bind>
<opset="icmp_ln1064 "/>
</bind>
</comp>

<comp id="400" class="1005" name="icmp_ln118_reg_400">
<pin_list>
<pin id="401" dir="0" index="0" bw="1" slack="1"/>
<pin id="402" dir="1" index="1" bw="1" slack="1"/>
</pin_list>
<bind>
<opset="icmp_ln118 "/>
</bind>
</comp>

<comp id="411" class="1005" name="trunc_ln130_reg_411">
<pin_list>
<pin id="412" dir="0" index="0" bw="163" slack="4"/>
<pin id="413" dir="1" index="1" bw="163" slack="4"/>
</pin_list>
<bind>
<opset="trunc_ln130 "/>
</bind>
</comp>

<comp id="416" class="1005" name="d_V_3_reg_416">
<pin_list>
<pin id="417" dir="0" index="0" bw="166" slack="1"/>
<pin id="418" dir="1" index="1" bw="166" slack="1"/>
</pin_list>
<bind>
<opset="d_V_3 "/>
</bind>
</comp>

<comp id="422" class="1005" name="a_V_reg_422">
<pin_list>
<pin id="423" dir="0" index="0" bw="166" slack="1"/>
<pin id="424" dir="1" index="1" bw="166" slack="1"/>
</pin_list>
<bind>
<opset="a_V "/>
</bind>
</comp>

<comp id="427" class="1005" name="select_ln118_reg_427">
<pin_list>
<pin id="428" dir="0" index="0" bw="166" slack="10"/>
<pin id="429" dir="1" index="1" bw="166" slack="10"/>
</pin_list>
<bind>
<opset="select_ln118 "/>
</bind>
</comp>

<comp id="435" class="1005" name="call_ret4_reg_435">
<pin_list>
<pin id="436" dir="0" index="0" bw="166" slack="1"/>
<pin id="437" dir="1" index="1" bw="166" slack="1"/>
</pin_list>
<bind>
<opset="call_ret4 "/>
</bind>
</comp>

<comp id="440" class="1005" name="lambda_V_2_reg_440">
<pin_list>
<pin id="441" dir="0" index="0" bw="166" slack="1"/>
<pin id="442" dir="1" index="1" bw="166" slack="1"/>
</pin_list>
<bind>
<opset="lambda_V_2 "/>
</bind>
</comp>

<comp id="449" class="1005" name="empty_reg_449">
<pin_list>
<pin id="450" dir="0" index="0" bw="163" slack="1"/>
<pin id="451" dir="1" index="1" bw="163" slack="1"/>
</pin_list>
<bind>
<opset="empty "/>
</bind>
</comp>

</comp_list>

<net_list>
<net id="41"><net_src comp="10" pin="0"/><net_sink comp="38" pin=0"/></net>

<net id="45"><net_src comp="10" pin="0"/><net_sink comp="42" pin=0"/></net>

<net id="49"><net_src comp="10" pin="0"/><net_sink comp="46" pin=0"/></net>

<net id="53"><net_src comp="10" pin="0"/><net_sink comp="50" pin=0"/></net>

<net id="57"><net_src comp="10" pin="0"/><net_sink comp="54" pin=0"/></net>

<net id="62"><net_src comp="8" pin="0"/><net_sink comp="58" pin=0"/></net>

<net id="63"><net_src comp="6" pin="0"/><net_sink comp="58" pin=1"/></net>

<net id="68"><net_src comp="8" pin="0"/><net_sink comp="64" pin=0"/></net>

<net id="69"><net_src comp="4" pin="0"/><net_sink comp="64" pin=1"/></net>

<net id="74"><net_src comp="8" pin="0"/><net_sink comp="70" pin=0"/></net>

<net id="75"><net_src comp="2" pin="0"/><net_sink comp="70" pin=1"/></net>

<net id="80"><net_src comp="8" pin="0"/><net_sink comp="76" pin=0"/></net>

<net id="81"><net_src comp="0" pin="0"/><net_sink comp="76" pin=1"/></net>

<net id="100"><net_src comp="12" pin="0"/><net_sink comp="97" pin=0"/></net>

<net id="113"><net_src comp="97" pin="1"/><net_sink comp="101" pin=8"/></net>

<net id="120"><net_src comp="14" pin="0"/><net_sink comp="114" pin=0"/></net>

<net id="121"><net_src comp="76" pin="2"/><net_sink comp="114" pin=1"/></net>

<net id="122"><net_src comp="64" pin="2"/><net_sink comp="114" pin=2"/></net>

<net id="129"><net_src comp="16" pin="0"/><net_sink comp="123" pin=0"/></net>

<net id="130"><net_src comp="70" pin="2"/><net_sink comp="123" pin=1"/></net>

<net id="131"><net_src comp="58" pin="2"/><net_sink comp="123" pin=2"/></net>

<net id="136"><net_src comp="18" pin="0"/><net_sink comp="132" pin=0"/></net>

<net id="142"><net_src comp="20" pin="0"/><net_sink comp="137" pin=0"/></net>

<net id="143"><net_src comp="132" pin="2"/><net_sink comp="137" pin=1"/></net>

<net id="148"><net_src comp="22" pin="0"/><net_sink comp="144" pin=0"/></net>

<net id="149"><net_src comp="137" pin="3"/><net_sink comp="144" pin=1"/></net>

<net id="155"><net_src comp="24" pin="0"/><net_sink comp="150" pin=0"/></net>

<net id="156"><net_src comp="144" pin="2"/><net_sink comp="150" pin=1"/></net>

<net id="157"><net_src comp="150" pin="3"/><net_sink comp="150" pin=1"/></net>

<net id="158"><net_src comp="150" pin="3"/><net_sink comp="101" pin=0"/></net>

<net id="159"><net_src comp="150" pin="3"/><net_sink comp="150" pin=2"/></net>

<net id="165"><net_src comp="160" pin="3"/><net_sink comp="150" pin=1"/></net>

<net id="166"><net_src comp="28" pin="0"/><net_sink comp="160" pin=0"/></net>

<net id="167"><net_src comp="150" pin="3"/><net_sink comp="160" pin=1"/></net>

<net id="174"><net_src comp="32" pin="0"/><net_sink comp="168" pin=0"/></net>

<net id="175"><net_src comp="137" pin="3"/><net_sink comp="168" pin=1"/></net>

<net id="182"><net_src comp="34" pin="0"/><net_sink comp="176" pin=0"/></net>

<net id="183"><net_src comp="144" pin="2"/><net_sink comp="176" pin=1"/></net>

<net id="190"><net_src comp="36" pin="0"/><net_sink comp="184" pin=0"/></net>

<net id="191"><net_src comp="137" pin="3"/><net_sink comp="184" pin=2"/></net>

<net id="195"><net_src comp="132" pin="2"/><net_sink comp="192" pin=0"/></net>

<net id="196"><net_src comp="192" pin="1"/><net_sink comp="137" pin=1"/></net>

<net id="200"><net_src comp="137" pin="3"/><net_sink comp="197" pin=0"/></net>

<net id="201"><net_src comp="197" pin="1"/><net_sink comp="144" pin=1"/></net>

<net id="202"><net_src comp="197" pin="1"/><net_sink comp="150" pin=2"/></net>

<net id="203"><net_src comp="197" pin="1"/><net_sink comp="168" pin=1"/></net>

<net id="204"><net_src comp="197" pin="1"/><net_sink comp="184" pin=2"/></net>

<net id="208"><net_src comp="144" pin="2"/><net_sink comp="205" pin=0"/></net>

<net id="209"><net_src comp="205" pin="1"/><net_sink comp="150" pin=1"/></net>

<net id="210"><net_src comp="205" pin="1"/><net_sink comp="184" pin=1"/></net>

<net id="214"><net_src comp="150" pin="3"/><net_sink comp="211" pin=0"/></net>

<net id="215"><net_src comp="211" pin="1"/><net_sink comp="150" pin=1"/></net>

<net id="216"><net_src comp="211" pin="1"/><net_sink comp="160" pin=1"/></net>

<net id="217"><net_src comp="211" pin="1"/><net_sink comp="150" pin=2"/></net>

<net id="221"><net_src comp="58" pin="2"/><net_sink comp="218" pin=0"/></net>

<net id="226"><net_src comp="64" pin="2"/><net_sink comp="222" pin=0"/></net>

<net id="227"><net_src comp="12" pin="0"/><net_sink comp="222" pin=1"/></net>

<net id="232"><net_src comp="58" pin="2"/><net_sink comp="228" pin=0"/></net>

<net id="233"><net_src comp="12" pin="0"/><net_sink comp="228" pin=1"/></net>

<net id="238"><net_src comp="222" pin="2"/><net_sink comp="234" pin=0"/></net>

<net id="239"><net_src comp="228" pin="2"/><net_sink comp="234" pin=1"/></net>

<net id="244"><net_src comp="70" pin="2"/><net_sink comp="240" pin=0"/></net>

<net id="245"><net_src comp="76" pin="2"/><net_sink comp="240" pin=1"/></net>

<net id="250"><net_src comp="240" pin="2"/><net_sink comp="246" pin=0"/></net>

<net id="251"><net_src comp="12" pin="0"/><net_sink comp="246" pin=1"/></net>

<net id="256"><net_src comp="76" pin="2"/><net_sink comp="252" pin=0"/></net>

<net id="257"><net_src comp="64" pin="2"/><net_sink comp="252" pin=1"/></net>

<net id="262"><net_src comp="70" pin="2"/><net_sink comp="258" pin=0"/></net>

<net id="263"><net_src comp="58" pin="2"/><net_sink comp="258" pin=1"/></net>

<net id="267"><net_src comp="264" pin="1"/><net_sink comp="132" pin=1"/></net>

<net id="271"><net_src comp="268" pin="1"/><net_sink comp="137" pin=2"/></net>

<net id="275"><net_src comp="137" pin="3"/><net_sink comp="272" pin=0"/></net>

<net id="280"><net_src comp="150" pin="3"/><net_sink comp="276" pin=0"/></net>

<net id="281"><net_src comp="26" pin="0"/><net_sink comp="276" pin=1"/></net>

<net id="282"><net_src comp="276" pin="2"/><net_sink comp="150" pin=2"/></net>

<net id="286"><net_src comp="283" pin="1"/><net_sink comp="101" pin=2"/></net>

<net id="291"><net_src comp="30" pin="0"/><net_sink comp="287" pin=0"/></net>

<net id="292"><net_src comp="85" pin="10"/><net_sink comp="287" pin=1"/></net>

<net id="297"><net_src comp="287" pin="2"/><net_sink comp="293" pin=0"/></net>

<net id="298"><net_src comp="101" pin="10"/><net_sink comp="293" pin=1"/></net>

<net id="304"><net_src comp="12" pin="0"/><net_sink comp="299" pin=1"/></net>

<net id="308"><net_src comp="305" pin="1"/><net_sink comp="144" pin=1"/></net>

<net id="313"><net_src comp="26" pin="0"/><net_sink comp="309" pin=1"/></net>

<net id="314"><net_src comp="309" pin="2"/><net_sink comp="176" pin=2"/></net>

<net id="321"><net_src comp="315" pin="1"/><net_sink comp="318" pin=0"/></net>

<net id="322"><net_src comp="318" pin="1"/><net_sink comp="137" pin=2"/></net>

<net id="326"><net_src comp="58" pin="2"/><net_sink comp="323" pin=0"/></net>

<net id="327"><net_src comp="323" pin="1"/><net_sink comp="123" pin=2"/></net>

<net id="328"><net_src comp="323" pin="1"/><net_sink comp="101" pin=6"/></net>

<net id="332"><net_src comp="64" pin="2"/><net_sink comp="329" pin=0"/></net>

<net id="333"><net_src comp="329" pin="1"/><net_sink comp="114" pin=2"/></net>

<net id="334"><net_src comp="329" pin="1"/><net_sink comp="85" pin=6"/></net>

<net id="335"><net_src comp="329" pin="1"/><net_sink comp="299" pin=2"/></net>

<net id="336"><net_src comp="329" pin="1"/><net_sink comp="132" pin=1"/></net>

<net id="337"><net_src comp="329" pin="1"/><net_sink comp="144" pin=1"/></net>

<net id="338"><net_src comp="329" pin="1"/><net_sink comp="168" pin=2"/></net>

<net id="342"><net_src comp="70" pin="2"/><net_sink comp="339" pin=0"/></net>

<net id="343"><net_src comp="339" pin="1"/><net_sink comp="123" pin=1"/></net>

<net id="344"><net_src comp="339" pin="1"/><net_sink comp="150" pin=1"/></net>

<net id="345"><net_src comp="339" pin="1"/><net_sink comp="101" pin=4"/></net>

<net id="349"><net_src comp="76" pin="2"/><net_sink comp="346" pin=0"/></net>

<net id="350"><net_src comp="346" pin="1"/><net_sink comp="114" pin=1"/></net>

<net id="351"><net_src comp="346" pin="1"/><net_sink comp="150" pin=1"/></net>

<net id="352"><net_src comp="346" pin="1"/><net_sink comp="85" pin=4"/></net>

<net id="356"><net_src comp="38" pin="1"/><net_sink comp="353" pin=0"/></net>

<net id="357"><net_src comp="353" pin="1"/><net_sink comp="123" pin=3"/></net>

<net id="358"><net_src comp="353" pin="1"/><net_sink comp="268" pin=0"/></net>

<net id="362"><net_src comp="42" pin="1"/><net_sink comp="359" pin=0"/></net>

<net id="363"><net_src comp="359" pin="1"/><net_sink comp="114" pin=3"/></net>

<net id="364"><net_src comp="359" pin="1"/><net_sink comp="264" pin=0"/></net>

<net id="368"><net_src comp="46" pin="1"/><net_sink comp="365" pin=0"/></net>

<net id="369"><net_src comp="365" pin="1"/><net_sink comp="283" pin=0"/></net>

<net id="370"><net_src comp="365" pin="1"/><net_sink comp="184" pin=3"/></net>

<net id="374"><net_src comp="50" pin="1"/><net_sink comp="371" pin=0"/></net>

<net id="375"><net_src comp="371" pin="1"/><net_sink comp="176" pin=3"/></net>

<net id="376"><net_src comp="371" pin="1"/><net_sink comp="315" pin=0"/></net>

<net id="380"><net_src comp="54" pin="1"/><net_sink comp="377" pin=0"/></net>

<net id="381"><net_src comp="377" pin="1"/><net_sink comp="168" pin=3"/></net>

<net id="382"><net_src comp="377" pin="1"/><net_sink comp="305" pin=0"/></net>

<net id="386"><net_src comp="218" pin="1"/><net_sink comp="383" pin=0"/></net>

<net id="387"><net_src comp="383" pin="1"/><net_sink comp="137" pin=2"/></net>

<net id="391"><net_src comp="234" pin="2"/><net_sink comp="388" pin=0"/></net>

<net id="395"><net_src comp="246" pin="2"/><net_sink comp="392" pin=0"/></net>

<net id="399"><net_src comp="252" pin="2"/><net_sink comp="396" pin=0"/></net>

<net id="403"><net_src comp="258" pin="2"/><net_sink comp="400" pin=0"/></net>

<net id="404"><net_src comp="400" pin="1"/><net_sink comp="299" pin=0"/></net>

<net id="414"><net_src comp="272" pin="1"/><net_sink comp="411" pin=0"/></net>

<net id="415"><net_src comp="411" pin="1"/><net_sink comp="160" pin=2"/></net>

<net id="419"><net_src comp="276" pin="2"/><net_sink comp="416" pin=0"/></net>

<net id="420"><net_src comp="416" pin="1"/><net_sink comp="150" pin=2"/></net>

<net id="421"><net_src comp="416" pin="1"/><net_sink comp="85" pin=0"/></net>

<net id="425"><net_src comp="160" pin="3"/><net_sink comp="422" pin=0"/></net>

<net id="426"><net_src comp="422" pin="1"/><net_sink comp="150" pin=1"/></net>

<net id="430"><net_src comp="299" pin="3"/><net_sink comp="427" pin=0"/></net>

<net id="431"><net_src comp="427" pin="1"/><net_sink comp="85" pin=8"/></net>

<net id="438"><net_src comp="144" pin="2"/><net_sink comp="435" pin=0"/></net>

<net id="439"><net_src comp="435" pin="1"/><net_sink comp="176" pin=1"/></net>

<net id="443"><net_src comp="309" pin="2"/><net_sink comp="440" pin=0"/></net>

<net id="444"><net_src comp="440" pin="1"/><net_sink comp="176" pin=2"/></net>

<net id="445"><net_src comp="440" pin="1"/><net_sink comp="137" pin=1"/></net>

<net id="452"><net_src comp="318" pin="1"/><net_sink comp="449" pin=0"/></net>

<net id="453"><net_src comp="449" pin="1"/><net_sink comp="137" pin=2"/></net>

</net_list>

</model> 
---------------- Datapath Model END ------------------

* FSMD analyzer results:
  - Output states:
 - Input state : 
	Port: point_add : x1_V_read | {1 }
	Port: point_add : y1_V_read | {1 }
	Port: point_add : x2_V_read | {1 }
	Port: point_add : y2_V_read | {1 }
  - Chain level:
	State 1
		or_ln110 : 1
		br_ln110 : 1
		br_ln111 : 1
		br_ln117 : 1
		call_ln0 : 1
		call_ln0 : 1
	State 2
	State 3
		c_V : 1
	State 4
		c_V_1 : 1
	State 5
		trunc_ln130 : 1
		d_V : 1
	State 6
		d_V_1 : 1
	State 7
		d_V_2 : 1
	State 8
		d_V_3 : 1
		call_ret : 1
	State 9
		a_V : 1
	State 10
		a_V_1 : 1
	State 11
		call_ret1 : 1
	State 12
		x1_3 : 1
		y1_2 : 1
		mrv : 2
		mrv_1 : 3
		ret_ln145 : 4
	State 13
	State 14
		lambda_V_1 : 1
	State 15
		call_ln97 : 1
	State 16
	State 17
		call_ret4 : 1
	State 18
	State 19
	State 20
		empty : 1
		lambda_V_3 : 2
	State 21
		call_ln100 : 1
	State 22


============================================================
+ Verbose Summary: Datapath Resource usage 
============================================================

* Functional unit list:
|----------|------------------------------------------------|---------|---------|---------|
| Operation|                 Functional Unit                |  Delay  |    FF   |   LUT   |
|----------|------------------------------------------------|---------|---------|---------|
|          | grp_point_add_Pipeline_VITIS_LOOP_33_13_fu_114 |    0    |   174   |    28   |
|          | grp_point_add_Pipeline_VITIS_LOOP_33_14_fu_123 |    0    |   174   |    28   |
|          |                grp_bf_inv_fu_132               |    0    |   1427  |   4136  |
|          |              grp_bf_mult_1_fu_137              |  3.176  |   1526  |   586   |
|   call   |              grp_bf_mult_2_fu_144              |  3.176  |   1526  |   586   |
|          |               grp_bf_add_1_fu_150              |    0    |   340   |    28   |
|          |               grp_bf_mult_fu_160               |  3.176  |   1526  |   586   |
|          |  grp_point_add_Pipeline_VITIS_LOOP_33_1_fu_168 |    0    |   340   |    28   |
|          | grp_point_add_Pipeline_VITIS_LOOP_33_11_fu_176 |    0    |   340   |    28   |
|          | grp_point_add_Pipeline_VITIS_LOOP_33_12_fu_184 |    0    |   340   |    28   |
|----------|------------------------------------------------|---------|---------|---------|
|    xor   |                  d_V_3_fu_276                  |    0    |    0    |   166   |
|          |                lambda_V_2_fu_309               |    0    |    0    |   166   |
|----------|------------------------------------------------|---------|---------|---------|
|          |               icmp_ln1068_fu_222               |    0    |    0    |    62   |
|          |              icmp_ln1068_1_fu_228              |    0    |    0    |    62   |
|   icmp   |                icmp_ln111_fu_246               |    0    |    0    |    62   |
|          |               icmp_ln1064_fu_252               |    0    |    0    |    62   |
|          |                icmp_ln118_fu_258               |    0    |    0    |    62   |
|----------|------------------------------------------------|---------|---------|---------|
|    or    |                 or_ln110_fu_234                |    0    |    0    |    2    |
|          |                 or_ln111_fu_240                |    0    |    0    |   166   |
|----------|------------------------------------------------|---------|---------|---------|
|  select  |               select_ln118_fu_299              |    0    |    0    |   166   |
|----------|------------------------------------------------|---------|---------|---------|
|          |             y2_V_read11_read_fu_58             |    0    |    0    |    0    |
|   read   |             x2_V_read_3_read_fu_64             |    0    |    0    |    0    |
|          |             y1_V_read_2_read_fu_70             |    0    |    0    |    0    |
|          |             x1_V_read_2_read_fu_76             |    0    |    0    |    0    |
|----------|------------------------------------------------|---------|---------|---------|
|          |               trunc_ln109_fu_218               |    0    |    0    |    0    |
|   trunc  |               trunc_ln130_fu_272               |    0    |    0    |    0    |
|          |                  empty_fu_318                  |    0    |    0    |    0    |
|----------|------------------------------------------------|---------|---------|---------|
|insertvalue|                   mrv_fu_287                   |    0    |    0    |    0    |
|          |                  mrv_1_fu_293                  |    0    |    0    |    0    |
|----------|------------------------------------------------|---------|---------|---------|
|   Total  |                                                |  9.528  |   7713  |   7038  |
|----------|------------------------------------------------|---------|---------|---------|

Memories:
N/A

* Register list:
+--------------------+--------+
|                    |   FF   |
+--------------------+--------+
|  a_V_3_loc_reg_359 |   166  |
|     a_V_reg_422    |   166  |
|  call_ret4_reg_435 |   166  |
|    d_V_3_reg_416   |   166  |
|    empty_reg_449   |   163  |
| icmp_ln1064_reg_396|    1   |
| icmp_ln111_reg_392 |    1   |
| icmp_ln118_reg_400 |    1   |
| lambda_V_2_reg_440 |   166  |
|  or_ln110_reg_388  |    1   |
|p_Val2_1_loc_reg_371|   166  |
|p_Val2_3_loc_reg_365|   166  |
|p_Val2_4_loc_reg_353|   163  |
| p_Val2_loc_reg_377 |   166  |
|       reg_192      |   166  |
|       reg_197      |   166  |
|       reg_205      |   166  |
|       reg_211      |   166  |
|select_ln118_reg_427|   166  |
| trunc_ln109_reg_383|   163  |
| trunc_ln130_reg_411|   163  |
|     x1_3_reg_82    |   166  |
| x1_V_read_2_reg_346|   166  |
| x2_V_read_3_reg_329|   166  |
|     y1_2_reg_97    |   166  |
| y1_V_read_2_reg_339|   166  |
| y2_V_read11_reg_323|   166  |
+--------------------+--------+
|        Total       |  3810  |
+--------------------+--------+

* Multiplexer (MUX) list: 
|------------------------------------------------|------|------|------|--------||---------||---------|
|                      Comp                      |  Pin | Size |  BW  | S x BW ||  Delay  ||   LUT   |
|------------------------------------------------|------|------|------|--------||---------||---------|
| grp_point_add_Pipeline_VITIS_LOOP_33_13_fu_114 |  p1  |   2  |  166 |   332  ||    9    |
| grp_point_add_Pipeline_VITIS_LOOP_33_13_fu_114 |  p2  |   2  |  166 |   332  ||    9    |
| grp_point_add_Pipeline_VITIS_LOOP_33_14_fu_123 |  p1  |   2  |  166 |   332  ||    9    |
| grp_point_add_Pipeline_VITIS_LOOP_33_14_fu_123 |  p2  |   2  |  166 |   332  ||    9    |
|                grp_bf_inv_fu_132               |  p1  |   2  |  166 |   332  ||    9    |
|              grp_bf_mult_1_fu_137              |  p1  |   3  |  166 |   498  ||    14   |
|              grp_bf_mult_1_fu_137              |  p2  |   4  |  163 |   652  ||    20   |
|              grp_bf_mult_2_fu_144              |  p1  |   4  |  166 |   664  ||    20   |
|               grp_bf_add_1_fu_150              |  p1  |   8  |  166 |  1328  ||    42   |
|               grp_bf_add_1_fu_150              |  p2  |   5  |  166 |   830  ||    25   |
|               grp_bf_mult_fu_160               |  p1  |   2  |  166 |   332  ||    9    |
|  grp_point_add_Pipeline_VITIS_LOOP_33_1_fu_168 |  p1  |   2  |  166 |   332  ||    9    |
| grp_point_add_Pipeline_VITIS_LOOP_33_11_fu_176 |  p1  |   2  |  166 |   332  ||    9    |
| grp_point_add_Pipeline_VITIS_LOOP_33_11_fu_176 |  p2  |   2  |  166 |   332  ||    9    |
| grp_point_add_Pipeline_VITIS_LOOP_33_12_fu_184 |  p2  |   2  |  166 |   332  ||    9    |
|------------------------------------------------|------|------|------|--------||---------||---------|
|                      Total                     |      |      |      |  7292  || 25.4902 ||   211   |
|------------------------------------------------|------|------|------|--------||---------||---------|



* Summary:
+-----------+--------+--------+--------+
|           |  Delay |   FF   |   LUT  |
+-----------+--------+--------+--------+
|  Function |    9   |  7713  |  7038  |
|   Memory  |    -   |    -   |    -   |
|Multiplexer|   25   |    -   |   211  |
|  Register |    -   |  3810  |    -   |
+-----------+--------+--------+--------+
|   Total   |   35   |  11523 |  7249  |
+-----------+--------+--------+--------+
