

================================================================
== Vitis HLS Report for 'Radix2wECC_Pipeline_VITIS_LOOP_33_1'
================================================================
* Date:           Thu Dec 26 18:43:04 2024

* Version:        2021.2 (Build 3367213 on Tue Oct 19 02:48:09 MDT 2021)
* Project:        HardwareAcceleratedECC-PointMultiplication
* Solution:       solution1 (Vivado IP Flow Target)
* Product family: zynq
* Target device:  xc7z020-clg400-1


================================================================
== Performance Estimates
================================================================
+ Timing: 
    * Summary: 
    +--------+----------+----------+------------+
    |  Clock |  Target  | Estimated| Uncertainty|
    +--------+----------+----------+------------+
    |ap_clk  |  10.00 ns|  6.008 ns|     2.70 ns|
    +--------+----------+----------+------------+

+ Latency: 
    * Summary: 
    +---------+---------+----------+----------+-----+-----+---------+
    |  Latency (cycles) |  Latency (absolute) |  Interval | Pipeline|
    |   min   |   max   |    min   |    max   | min | max |   Type  |
    +---------+---------+----------+----------+-----+-----+---------+
    |       10|       10|  0.100 us|  0.100 us|   10|   10|       no|
    +---------+---------+----------+----------+-----+-----+---------+

    + Detail: 
        * Instance: 
        N/A

        * Loop: 
        +-------------------+---------+---------+----------+-----------+-----------+------+----------+
        |                   |  Latency (cycles) | Iteration|  Initiation Interval  | Trip |          |
        |     Loop Name     |   min   |   max   |  Latency |  achieved |   target  | Count| Pipelined|
        +-------------------+---------+---------+----------+-----------+-----------+------+----------+
        |- VITIS_LOOP_33_1  |        8|        8|         3|          1|          1|     6|       yes|
        +-------------------+---------+---------+----------+-----------+-----------+------+----------+

============================================================
+ Verbose Summary: Synthesis Manager
============================================================
InlineROM: 1
ExposeGlobal: 0
============================================================
+ Verbose Summary: CDFG Model
============================================================
IsTopModel: 0
ResetActiveHigh: 1
IsCombinational: 0
IsDatapathOnly: 0
HasWiredReturn: 1
HasMFsm: 2
HasVarLatency: 1
IsPipeline: 0
IsRtlPipelined: 0
IsInstanceOverlapped: 0
IsDontTouch: 0
HasImplIP: 0
IsGatedGlobalClock: 0

+ Individual pipeline summary: 
  * Pipeline-0: initiation interval (II) = 1, depth = 3


============================================================
+ Verbose Summary: Schedule
============================================================
* Number of FSM states : 3
* Pipeline : 1
  Pipeline-0 : II = 1, D = 3, States = { 1 2 3 }
* Dataflow Pipeline: 0

* FSM state transitions: 
1 --> 2 
2 --> 3 
3 --> 

* FSM state operations: 

State 1 <SV = 0> <Delay = 3.23>
ST_1 : Operation 6 [1/1] (0.00ns)   --->   "%a_V = alloca i32 1"   --->   Operation 6 'alloca' 'a_V' <Predicate = true> <Delay = 0.00>
ST_1 : Operation 7 [1/1] (0.00ns)   --->   "%i = alloca i32 1"   --->   Operation 7 'alloca' 'i' <Predicate = true> <Delay = 0.00>
ST_1 : Operation 8 [1/1] (1.58ns)   --->   "%store_ln0 = store i3 0, i3 %i"   --->   Operation 8 'store' 'store_ln0' <Predicate = true> <Delay = 1.58>
ST_1 : Operation 9 [1/1] (1.58ns)   --->   "%store_ln0 = store i192 0, i192 %a_V"   --->   Operation 9 'store' 'store_ln0' <Predicate = true> <Delay = 1.58>
ST_1 : Operation 10 [1/1] (0.00ns)   --->   "%br_ln0 = br void %memcpy-split138"   --->   Operation 10 'br' 'br_ln0' <Predicate = true> <Delay = 0.00>
ST_1 : Operation 11 [1/1] (0.00ns)   --->   "%i_42 = load i3 %i" [module.cpp:33]   --->   Operation 11 'load' 'i_42' <Predicate = true> <Delay = 0.00>
ST_1 : Operation 12 [1/1] (1.13ns)   --->   "%icmp_ln33 = icmp_eq  i3 %i_42, i3 6" [module.cpp:33]   --->   Operation 12 'icmp' 'icmp_ln33' <Predicate = true> <Delay = 1.13> <CoreInst = "Cmp">   --->   Core 9 'Cmp' <Latency = 0> <II = 1> <Delay = 1.13> <FuncUnit> <Opcode : 'icmp'> <InPorts = 2> <OutPorts = 1>
ST_1 : Operation 13 [1/1] (1.65ns)   --->   "%add_ln33 = add i3 %i_42, i3 1" [module.cpp:33]   --->   Operation 13 'add' 'add_ln33' <Predicate = true> <Delay = 1.65> <CoreInst = "Adder">   --->   Core 1 'Adder' <Latency = 0> <II = 1> <Delay = 1.65> <FuncUnit> <Opcode : 'add' 'sub'> <InPorts = 2> <OutPorts = 1>
ST_1 : Operation 14 [1/1] (0.00ns)   --->   "%br_ln33 = br i1 %icmp_ln33, void %.split50, void %.preheader14.preheader.exitStub" [module.cpp:33]   --->   Operation 14 'br' 'br_ln33' <Predicate = true> <Delay = 0.00>
ST_1 : Operation 15 [1/1] (0.00ns)   --->   "%i_cast10 = zext i3 %i_42" [module.cpp:33]   --->   Operation 15 'zext' 'i_cast10' <Predicate = (!icmp_ln33)> <Delay = 0.00>
ST_1 : Operation 16 [1/1] (0.00ns)   --->   "%buff1_addr = getelementptr i32 %buff1, i64 0, i64 %i_cast10" [module.cpp:34]   --->   Operation 16 'getelementptr' 'buff1_addr' <Predicate = (!icmp_ln33)> <Delay = 0.00>
ST_1 : Operation 17 [2/2] (2.32ns)   --->   "%buff1_load = load i3 %buff1_addr" [module.cpp:34]   --->   Operation 17 'load' 'buff1_load' <Predicate = (!icmp_ln33)> <Delay = 2.32> <CoreInst = "RAM">   --->   Core 82 'RAM' <Latency = 1> <II = 1> <Delay = 2.32> <Storage> <Opcode : 'load' 'store'> <Ports = 2> <Width = 32> <Depth = 6> <RAM>
ST_1 : Operation 18 [1/1] (1.58ns)   --->   "%store_ln33 = store i3 %add_ln33, i3 %i" [module.cpp:33]   --->   Operation 18 'store' 'store_ln33' <Predicate = (!icmp_ln33)> <Delay = 1.58>

State 2 <SV = 1> <Delay = 2.32>
ST_2 : Operation 19 [1/2] (2.32ns)   --->   "%buff1_load = load i3 %buff1_addr" [module.cpp:34]   --->   Operation 19 'load' 'buff1_load' <Predicate = (!icmp_ln33)> <Delay = 2.32> <CoreInst = "RAM">   --->   Core 82 'RAM' <Latency = 1> <II = 1> <Delay = 2.32> <Storage> <Opcode : 'load' 'store'> <Ports = 2> <Width = 32> <Depth = 6> <RAM>

State 3 <SV = 2> <Delay = 6.00>
ST_3 : Operation 20 [1/1] (0.00ns)   --->   "%a_V_2 = load i192 %a_V"   --->   Operation 20 'load' 'a_V_2' <Predicate = true> <Delay = 0.00>
ST_3 : Operation 21 [1/1] (0.00ns)   --->   "%empty = trunc i192 %a_V_2"   --->   Operation 21 'trunc' 'empty' <Predicate = true> <Delay = 0.00>
ST_3 : Operation 22 [1/1] (0.00ns)   --->   "%specpipeline_ln0 = specpipeline void @_ssdm_op_SpecPipeline, i32 4294967295, i32 0, i32 1, i32 0, void @p_str"   --->   Operation 22 'specpipeline' 'specpipeline_ln0' <Predicate = true> <Delay = 0.00>
ST_3 : Operation 23 [1/1] (0.00ns)   --->   "%empty_124 = speclooptripcount i32 @_ssdm_op_SpecLoopTripCount, i64 6, i64 6, i64 6"   --->   Operation 23 'speclooptripcount' 'empty_124' <Predicate = true> <Delay = 0.00>
ST_3 : Operation 24 [1/1] (0.00ns)   --->   "%specloopname_ln31 = specloopname void @_ssdm_op_SpecLoopName, void @empty_14" [module.cpp:31]   --->   Operation 24 'specloopname' 'specloopname_ln31' <Predicate = (!icmp_ln33)> <Delay = 0.00>
ST_3 : Operation 25 [1/1] (0.00ns) (grouped into LUT with out node a_V_3)   --->   "%zext_ln322 = zext i32 %buff1_load"   --->   Operation 25 'zext' 'zext_ln322' <Predicate = (!icmp_ln33)> <Delay = 0.00>
ST_3 : Operation 26 [1/1] (0.00ns) (grouped into LUT with out node a_V_3)   --->   "%shl_ln = bitconcatenate i8 @_ssdm_op_BitConcatenate.i8.i3.i5, i3 %i_42, i5 0" [module.cpp:34]   --->   Operation 26 'bitconcatenate' 'shl_ln' <Predicate = (!icmp_ln33)> <Delay = 0.00>
ST_3 : Operation 27 [1/1] (0.00ns) (grouped into LUT with out node a_V_3)   --->   "%zext_ln1691 = zext i8 %shl_ln"   --->   Operation 27 'zext' 'zext_ln1691' <Predicate = (!icmp_ln33)> <Delay = 0.00>
ST_3 : Operation 28 [1/1] (0.00ns) (grouped into LUT with out node a_V_3)   --->   "%r = shl i192 %zext_ln322, i192 %zext_ln1691"   --->   Operation 28 'shl' 'r' <Predicate = (!icmp_ln33)> <Delay = 0.00> <CoreInst = "Shifter">   --->   Core 75 'Shifter' <Latency = 0> <II = 1> <Delay = 4.42> <FuncUnit> <Opcode : 'shl' 'lshr' 'ashr'> <InPorts = 2> <OutPorts = 1>
ST_3 : Operation 29 [1/1] (4.42ns) (out node of the LUT)   --->   "%a_V_3 = or i192 %r, i192 %a_V_2"   --->   Operation 29 'or' 'a_V_3' <Predicate = (!icmp_ln33)> <Delay = 4.42> <CoreInst = "LogicGate">   --->   Core 74 'LogicGate' <Latency = 0> <II = 1> <Delay = 1.03> <FuncUnit> <Opcode : 'and' 'or' 'xor'> <InPorts = 2> <OutPorts = 1>
ST_3 : Operation 30 [1/1] (1.58ns)   --->   "%store_ln903 = store i192 %a_V_3, i192 %a_V"   --->   Operation 30 'store' 'store_ln903' <Predicate = (!icmp_ln33)> <Delay = 1.58>
ST_3 : Operation 31 [1/1] (0.00ns)   --->   "%br_ln0 = br void %memcpy-split138"   --->   Operation 31 'br' 'br_ln0' <Predicate = (!icmp_ln33)> <Delay = 0.00>
ST_3 : Operation 32 [1/1] (0.00ns)   --->   "%write_ln0 = write void @_ssdm_op_Write.ap_auto.i165P0A, i165 %a_V_out, i165 %empty"   --->   Operation 32 'write' 'write_ln0' <Predicate = (icmp_ln33)> <Delay = 0.00>
ST_3 : Operation 33 [1/1] (0.00ns)   --->   "%ret_ln0 = ret"   --->   Operation 33 'ret' 'ret_ln0' <Predicate = (icmp_ln33)> <Delay = 0.00>


============================================================
+ Verbose Summary: Timing violations
============================================================
Target clock period: 10ns, clock uncertainty: 2.7ns.

 <State 1>: 3.24ns
The critical path consists of the following:
	'alloca' operation ('i') [4]  (0 ns)
	'load' operation ('i', module.cpp:33) on local variable 'i' [10]  (0 ns)
	'add' operation ('add_ln33', module.cpp:33) [15]  (1.65 ns)
	'store' operation ('store_ln33', module.cpp:33) of variable 'add_ln33', module.cpp:33 on local variable 'i' [27]  (1.59 ns)

 <State 2>: 2.32ns
The critical path consists of the following:
	'load' operation ('val', module.cpp:34) on array 'buff1' [21]  (2.32 ns)

 <State 3>: 6.01ns
The critical path consists of the following:
	'load' operation ('a.V') on local variable 'a.V' [9]  (0 ns)
	'or' operation ('a.V') [26]  (4.42 ns)
	'store' operation ('store_ln903') of variable 'a.V' on local variable 'a.V' [28]  (1.59 ns)


============================================================
+ Verbose Summary: Binding
============================================================
N/A
* FSMD analyzer results:
  - Output states:
 - Input state : 
  - Chain level:
	State 1
	State 2
	State 3


============================================================
+ Verbose Summary: Datapath Resource usage 
============================================================
N/A
