Copyright 1986-2021 Xilinx, Inc. All Rights Reserved.
------------------------------------------------------------------------------------
| Tool Version : Vivado v.2021.2 (win64) Build 3367213 Tue Oct 19 02:48:09 MDT 2021
| Date         : Thu Dec 26 19:27:36 2024
| Host         : dundun running 64-bit major release  (build 9200)
| Command      : upgrade_ip
| Device       : xc7z020clg400-1
------------------------------------------------------------------------------------

Upgrade Log for IP 'design_2_Radix2wECC_0_1'

1. Summary
----------

SUCCESS in the upgrade of design_2_Radix2wECC_0_1 (xilinx.com:hls:Radix2wECC:1.0) from (Rev. 2113880436) to (Rev. 2113883122)






Copyright 1986-2021 Xilinx, Inc. All Rights Reserved.
------------------------------------------------------------------------------------
| Tool Version : Vivado v.2021.2 (win64) Build 3367213 Tue Oct 19 02:48:09 MDT 2021
| Date         : Thu Dec 26 19:27:34 2024
| Host         : dundun running 64-bit major release  (build 9200)
| Command      : upgrade_ip
| Device       : xc7z020clg400-1
------------------------------------------------------------------------------------

Upgrade Log for IP 'design_1_Radix2wECC_0_0'

1. Summary
----------

SUCCESS in the upgrade of design_1_Radix2wECC_0_0 (xilinx.com:hls:Radix2wECC:1.0) from (Rev. 2113880436) to (Rev. 2113883122)






Copyright 1986-2021 Xilinx, Inc. All Rights Reserved.
------------------------------------------------------------------------------------
| Tool Version : Vivado v.2021.2 (win64) Build 3367213 Tue Oct 19 02:48:09 MDT 2021
| Date         : Tue Dec 24 22:38:04 2024
| Host         : dundun running 64-bit major release  (build 9200)
| Command      : upgrade_ip
| Device       : xc7z020clg400-1
------------------------------------------------------------------------------------

Upgrade Log for IP 'design_2_Radix2wECC_0_1'

1. Summary
----------

SUCCESS in the upgrade of design_2_Radix2wECC_0_1 (xilinx.com:hls:Radix2wECC:1.0) from (Rev. 2113880388) to (Rev. 2113880436)






Copyright 1986-2021 Xilinx, Inc. All Rights Reserved.
------------------------------------------------------------------------------------
| Tool Version : Vivado v.2021.2 (win64) Build 3367213 Tue Oct 19 02:48:09 MDT 2021
| Date         : Tue Dec 24 22:38:02 2024
| Host         : dundun running 64-bit major release  (build 9200)
| Command      : upgrade_ip
| Device       : xc7z020clg400-1
------------------------------------------------------------------------------------

Upgrade Log for IP 'design_1_Radix2wECC_0_0'

1. Summary
----------

SUCCESS in the upgrade of design_1_Radix2wECC_0_0 (xilinx.com:hls:Radix2wECC:1.0) from (Rev. 2113880388) to (Rev. 2113880436)

