#-----------------------------------------------------------
# xsim v2021.2 (64-bit)
# SW Build 3367213 on Tue Oct 19 02:48:09 MDT 2021
# IP Build 3369179 on Thu Oct 21 08:25:16 MDT 2021
# Start of session at: Thu Dec 26 18:44:28 2024
# Process ID: 11980
# Current directory: C:/HardwareAcceleratedECC-PointMultiplication/ScalarMultiplication/RTL-src/HardwareAcceleratedECC-PointMultiplication/solution1/sim/verilog
# Command line: xsim.exe -mode tcl -source {xsim.dir/Radix2wECC/xsim_script.tcl}
# Log file: C:/HardwareAcceleratedECC-PointMultiplication/ScalarMultiplication/RTL-src/HardwareAcceleratedECC-PointMultiplication/solution1/sim/verilog/xsim.log
# Journal file: C:/HardwareAcceleratedECC-PointMultiplication/ScalarMultiplication/RTL-src/HardwareAcceleratedECC-PointMultiplication/solution1/sim/verilog\xsim.jou
# Running On: dundun, OS: Windows, CPU Frequency: 2592 MHz, CPU Physical cores: 6, Host memory: 17034 MB
#-----------------------------------------------------------
source xsim.dir/Radix2wECC/xsim_script.tcl
# xsim {Radix2wECC} -autoloadwcfg -tclbatch {Radix2wECC.tcl}
Time resolution is 1 ps
source Radix2wECC.tcl
## run all
////////////////////////////////////////////////////////////////////////////////////
// Inter-Transaction Progress: Completed Transaction / Total Transaction
// Intra-Transaction Progress: Measured Latency / Latency Estimation * 100%
//
// RTL Simulation : "Inter-Transaction Progress" ["Intra-Transaction Progress"] @ "Simulation Time"
////////////////////////////////////////////////////////////////////////////////////
// RTL Simulation : 0 / 1 [n/a] @ "125000"
// RTL Simulation : 0 / 1 [n/a] @ "100000145000"
// RTL Simulation : 0 / 1 [n/a] @ "200000155000"
// RTL Simulation : 1 / 1 [n/a] @ "226483445000"
////////////////////////////////////////////////////////////////////////////////////
$finish called at time : 226483505 ns : File "C:/HardwareAcceleratedECC-PointMultiplication/ScalarMultiplication/RTL-src/HardwareAcceleratedECC-PointMultiplication/solution1/sim/verilog/Radix2wECC.autotb.v" Line 436
run: Time (s): cpu = 00:00:01 ; elapsed = 00:34:48 . Memory (MB): peak = 1147.879 ; gain = 0.000
## quit
INFO: xsimkernel Simulation Memory Usage: 977324 KB (Peak: 977324 KB), Simulation CPU Usage: 2055499 ms
INFO: [Common 17-206] Exiting xsim at Thu Dec 26 19:19:20 2024...
